<?xml version="1.0" encoding="UTF-8"?>
<coverage generated="1781098012121" clover="3.2.0">
  <project timestamp="1781098012121" name="All files">
    <metrics statements="2370" coveredstatements="188" conditionals="2053" coveredconditionals="131" methods="484" coveredmethods="27" elements="4907" coveredelements="346" complexity="0" loc="2370" ncloc="2370" packages="14" files="44" classes="44"/>
    <package name="src">
      <metrics statements="30" coveredstatements="4" conditionals="2" coveredconditionals="0" methods="2" coveredmethods="1"/>
      <file name="app.controller.ts" path="C:\Users\hokha\Dropbox\PC\Downloads\LearningDocuments\DATTLT-A\BackEnd\src\app.controller.ts">
        <metrics statements="4" coveredstatements="4" conditionals="0" coveredconditionals="0" methods="1" coveredmethods="1"/>
        <line num="1" count="1" type="stmt"/>
        <line num="4" count="1" type="stmt"/>
        <line num="6" count="1" type="stmt"/>
        <line num="7" count="1" type="stmt"/>
      </file>
      <file name="app.module.ts" path="C:\Users\hokha\Dropbox\PC\Downloads\LearningDocuments\DATTLT-A\BackEnd\src\app.module.ts">
        <metrics statements="11" coveredstatements="0" conditionals="0" coveredconditionals="0" methods="0" coveredmethods="0"/>
        <line num="1" count="0" type="stmt"/>
        <line num="2" count="0" type="stmt"/>
        <line num="3" count="0" type="stmt"/>
        <line num="4" count="0" type="stmt"/>
        <line num="5" count="0" type="stmt"/>
        <line num="6" count="0" type="stmt"/>
        <line num="7" count="0" type="stmt"/>
        <line num="8" count="0" type="stmt"/>
        <line num="9" count="0" type="stmt"/>
        <line num="10" count="0" type="stmt"/>
        <line num="22" count="0" type="stmt"/>
      </file>
      <file name="main.ts" path="C:\Users\hokha\Dropbox\PC\Downloads\LearningDocuments\DATTLT-A\BackEnd\src\main.ts">
        <metrics statements="15" coveredstatements="0" conditionals="2" coveredconditionals="0" methods="1" coveredmethods="0"/>
        <line num="1" count="0" type="stmt"/>
        <line num="2" count="0" type="stmt"/>
        <line num="4" count="0" type="stmt"/>
        <line num="5" count="0" type="stmt"/>
        <line num="6" count="0" type="stmt"/>
        <line num="9" count="0" type="stmt"/>
        <line num="12" count="0" type="stmt"/>
        <line num="14" count="0" type="cond" truecount="0" falsecount="2"/>
        <line num="15" count="0" type="stmt"/>
        <line num="17" count="0" type="stmt"/>
        <line num="19" count="0" type="stmt"/>
        <line num="21" count="0" type="stmt"/>
        <line num="22" count="0" type="stmt"/>
        <line num="23" count="0" type="stmt"/>
        <line num="25" count="0" type="stmt"/>
      </file>
    </package>
    <package name="src.admin">
      <metrics statements="226" coveredstatements="67" conditionals="162" coveredconditionals="72" methods="79" coveredmethods="12"/>
      <file name="admin.controller.ts" path="C:\Users\hokha\Dropbox\PC\Downloads\LearningDocuments\DATTLT-A\BackEnd\src\admin\admin.controller.ts">
        <metrics statements="92" coveredstatements="55" conditionals="98" coveredconditionals="69" methods="39" coveredmethods="6"/>
        <line num="1" count="1" type="stmt"/>
        <line num="18" count="1" type="stmt"/>
        <line num="19" count="1" type="stmt"/>
        <line num="20" count="1" type="stmt"/>
        <line num="22" count="1" type="stmt"/>
        <line num="23" count="1" type="stmt"/>
        <line num="24" count="1" type="stmt"/>
        <line num="25" count="1" type="stmt"/>
        <line num="26" count="1" type="stmt"/>
        <line num="28" count="1" type="stmt"/>
        <line num="29" count="1" type="stmt"/>
        <line num="59" count="1" type="stmt"/>
        <line num="60" count="6" type="cond" truecount="3" falsecount="1"/>
        <line num="64" count="1" type="stmt"/>
        <line num="65" count="1" type="stmt"/>
        <line num="75" count="0" type="stmt"/>
        <line num="76" count="0" type="stmt"/>
        <line num="77" count="0" type="stmt"/>
        <line num="82" count="1" type="stmt"/>
        <line num="83" count="0" type="cond" truecount="0" falsecount="2"/>
        <line num="84" count="0" type="stmt"/>
        <line num="86" count="0" type="stmt"/>
        <line num="94" count="1" type="stmt"/>
        <line num="95" count="1" type="stmt"/>
        <line num="100" count="1" type="cond" truecount="3" falsecount="1"/>
        <line num="101" count="1" type="stmt"/>
        <line num="106" count="1" type="stmt"/>
        <line num="107" count="1" type="stmt"/>
        <line num="112" count="1" type="cond" truecount="3" falsecount="1"/>
        <line num="113" count="1" type="stmt"/>
        <line num="118" count="1" type="stmt"/>
        <line num="122" count="0" type="stmt"/>
        <line num="127" count="1" type="stmt"/>
        <line num="131" count="0" type="stmt"/>
        <line num="136" count="1" type="stmt"/>
        <line num="137" count="0" type="stmt"/>
        <line num="142" count="1" type="stmt"/>
        <line num="143" count="0" type="stmt"/>
        <line num="148" count="1" type="cond" truecount="3" falsecount="1"/>
        <line num="149" count="0" type="stmt"/>
        <line num="154" count="1" type="stmt"/>
        <line num="158" count="0" type="stmt"/>
        <line num="163" count="1" type="stmt"/>
        <line num="167" count="0" type="stmt"/>
        <line num="172" count="1" type="stmt"/>
        <line num="173" count="0" type="stmt"/>
        <line num="178" count="1" type="cond" truecount="3" falsecount="1"/>
        <line num="179" count="0" type="stmt"/>
        <line num="184" count="1" type="stmt"/>
        <line num="188" count="0" type="stmt"/>
        <line num="193" count="1" type="stmt"/>
        <line num="197" count="0" type="stmt"/>
        <line num="202" count="1" type="stmt"/>
        <line num="203" count="0" type="stmt"/>
        <line num="208" count="1" type="stmt"/>
        <line num="209" count="0" type="stmt"/>
        <line num="214" count="1" type="cond" truecount="3" falsecount="1"/>
        <line num="215" count="0" type="stmt"/>
        <line num="220" count="1" type="stmt"/>
        <line num="221" count="0" type="stmt"/>
        <line num="226" count="1" type="stmt"/>
        <line num="231" count="0" type="stmt"/>
        <line num="240" count="1" type="stmt"/>
        <line num="244" count="0" type="stmt"/>
        <line num="249" count="1" type="stmt"/>
        <line num="250" count="0" type="stmt"/>
        <line num="255" count="1" type="stmt"/>
        <line num="259" count="0" type="stmt"/>
        <line num="264" count="1" type="stmt"/>
        <line num="268" count="0" type="stmt"/>
        <line num="273" count="1" type="stmt"/>
        <line num="277" count="0" type="stmt"/>
        <line num="282" count="1" type="stmt"/>
        <line num="283" count="0" type="stmt"/>
        <line num="288" count="1" type="stmt"/>
        <line num="293" count="0" type="stmt"/>
        <line num="302" count="1" type="stmt"/>
        <line num="306" count="0" type="stmt"/>
        <line num="311" count="1" type="stmt"/>
        <line num="316" count="0" type="stmt"/>
        <line num="325" count="1" type="stmt"/>
        <line num="326" count="0" type="stmt"/>
        <line num="331" count="1" type="cond" truecount="3" falsecount="1"/>
        <line num="332" count="0" type="stmt"/>
        <line num="337" count="1" type="stmt"/>
        <line num="341" count="0" type="stmt"/>
        <line num="346" count="1" type="stmt"/>
        <line num="350" count="0" type="stmt"/>
        <line num="355" count="1" type="stmt"/>
        <line num="356" count="0" type="stmt"/>
        <line num="361" count="1" type="cond" truecount="3" falsecount="1"/>
        <line num="362" count="0" type="stmt"/>
      </file>
      <file name="admin.module.ts" path="C:\Users\hokha\Dropbox\PC\Downloads\LearningDocuments\DATTLT-A\BackEnd\src\admin\admin.module.ts">
        <metrics statements="5" coveredstatements="0" conditionals="0" coveredconditionals="0" methods="0" coveredmethods="0"/>
        <line num="1" count="0" type="stmt"/>
        <line num="2" count="0" type="stmt"/>
        <line num="3" count="0" type="stmt"/>
        <line num="4" count="0" type="stmt"/>
        <line num="11" count="0" type="stmt"/>
      </file>
      <file name="admin.service.ts" path="C:\Users\hokha\Dropbox\PC\Downloads\LearningDocuments\DATTLT-A\BackEnd\src\admin\admin.service.ts">
        <metrics statements="129" coveredstatements="12" conditionals="64" coveredconditionals="3" methods="40" coveredmethods="6"/>
        <line num="1" count="2" type="stmt"/>
        <line num="6" count="2" type="stmt"/>
        <line num="7" count="2" type="stmt"/>
        <line num="8" count="2" type="stmt"/>
        <line num="30" count="2" type="stmt"/>
        <line num="31" count="6" type="cond" truecount="3" falsecount="1"/>
        <line num="34" count="1" type="stmt"/>
        <line num="41" count="1" type="stmt"/>
        <line num="48" count="1" type="stmt"/>
        <line num="55" count="1" type="stmt"/>
        <line num="62" count="1" type="stmt"/>
        <line num="64" count="1" type="stmt"/>
        <line num="71" count="0" type="stmt"/>
        <line num="73" count="0" type="cond" truecount="0" falsecount="2"/>
        <line num="74" count="0" type="stmt"/>
        <line num="77" count="0" type="stmt"/>
        <line num="87" count="0" type="stmt"/>
        <line num="92" count="0" type="cond" truecount="0" falsecount="2"/>
        <line num="93" count="0" type="stmt"/>
        <line num="96" count="0" type="stmt"/>
        <line num="103" count="0" type="stmt"/>
        <line num="108" count="0" type="cond" truecount="0" falsecount="2"/>
        <line num="109" count="0" type="stmt"/>
        <line num="112" count="0" type="stmt"/>
        <line num="119" count="0" type="stmt"/>
        <line num="131" count="0" type="stmt"/>
        <line num="133" count="0" type="stmt"/>
        <line num="148" count="0" type="stmt"/>
        <line num="150" count="0" type="cond" truecount="0" falsecount="2"/>
        <line num="151" count="0" type="stmt"/>
        <line num="154" count="0" type="stmt"/>
        <line num="164" count="0" type="stmt"/>
        <line num="169" count="0" type="cond" truecount="0" falsecount="2"/>
        <line num="170" count="0" type="stmt"/>
        <line num="173" count="0" type="stmt"/>
        <line num="180" count="0" type="stmt"/>
        <line num="187" count="0" type="stmt"/>
        <line num="189" count="0" type="stmt"/>
        <line num="196" count="0" type="stmt"/>
        <line num="198" count="0" type="cond" truecount="0" falsecount="2"/>
        <line num="199" count="0" type="stmt"/>
        <line num="202" count="0" type="stmt"/>
        <line num="212" count="0" type="stmt"/>
        <line num="217" count="0" type="cond" truecount="0" falsecount="2"/>
        <line num="218" count="0" type="stmt"/>
        <line num="221" count="0" type="stmt"/>
        <line num="228" count="0" type="stmt"/>
        <line num="230" count="0" type="cond" truecount="0" falsecount="2"/>
        <line num="231" count="0" type="stmt"/>
        <line num="234" count="0" type="stmt"/>
        <line num="236" count="0" type="stmt"/>
        <line num="243" count="0" type="stmt"/>
        <line num="250" count="0" type="stmt"/>
        <line num="252" count="0" type="stmt"/>
        <line num="259" count="0" type="stmt"/>
        <line num="270" count="0" type="stmt"/>
        <line num="276" count="0" type="cond" truecount="0" falsecount="2"/>
        <line num="277" count="0" type="stmt"/>
        <line num="280" count="0" type="stmt"/>
        <line num="287" count="0" type="cond" truecount="0" falsecount="2"/>
        <line num="288" count="0" type="cond" truecount="0" falsecount="2"/>
        <line num="290" count="0" type="stmt"/>
        <line num="297" count="0" type="stmt"/>
        <line num="299" count="0" type="cond" truecount="0" falsecount="2"/>
        <line num="300" count="0" type="stmt"/>
        <line num="303" count="0" type="stmt"/>
        <line num="310" count="0" type="stmt"/>
        <line num="312" count="0" type="cond" truecount="0" falsecount="2"/>
        <line num="313" count="0" type="stmt"/>
        <line num="316" count="0" type="stmt"/>
        <line num="323" count="0" type="cond" truecount="0" falsecount="4"/>
        <line num="324" count="0" type="stmt"/>
        <line num="327" count="0" type="stmt"/>
        <line num="333" count="0" type="cond" truecount="0" falsecount="2"/>
        <line num="334" count="0" type="stmt"/>
        <line num="337" count="0" type="stmt"/>
        <line num="344" count="0" type="cond" truecount="0" falsecount="2"/>
        <line num="345" count="0" type="cond" truecount="0" falsecount="2"/>
        <line num="347" count="0" type="stmt"/>
        <line num="354" count="0" type="stmt"/>
        <line num="356" count="0" type="cond" truecount="0" falsecount="2"/>
        <line num="357" count="0" type="stmt"/>
        <line num="360" count="0" type="stmt"/>
        <line num="371" count="0" type="stmt"/>
        <line num="378" count="0" type="cond" truecount="0" falsecount="2"/>
        <line num="379" count="0" type="stmt"/>
        <line num="382" count="0" type="stmt"/>
        <line num="389" count="0" type="cond" truecount="0" falsecount="2"/>
        <line num="390" count="0" type="cond" truecount="0" falsecount="2"/>
        <line num="392" count="0" type="stmt"/>
        <line num="403" count="0" type="stmt"/>
        <line num="410" count="0" type="cond" truecount="0" falsecount="2"/>
        <line num="411" count="0" type="stmt"/>
        <line num="414" count="0" type="stmt"/>
        <line num="421" count="0" type="stmt"/>
        <line num="423" count="0" type="cond" truecount="0" falsecount="2"/>
        <line num="424" count="0" type="stmt"/>
        <line num="427" count="0" type="stmt"/>
        <line num="434" count="0" type="stmt"/>
        <line num="435" count="0" type="stmt"/>
        <line num="437" count="0" type="stmt"/>
        <line num="444" count="0" type="stmt"/>
        <line num="446" count="0" type="cond" truecount="0" falsecount="2"/>
        <line num="447" count="0" type="stmt"/>
        <line num="450" count="0" type="stmt"/>
        <line num="460" count="0" type="stmt"/>
        <line num="465" count="0" type="cond" truecount="0" falsecount="2"/>
        <line num="466" count="0" type="stmt"/>
        <line num="469" count="0" type="stmt"/>
        <line num="476" count="0" type="stmt"/>
        <line num="483" count="0" type="cond" truecount="0" falsecount="2"/>
        <line num="484" count="0" type="stmt"/>
        <line num="487" count="0" type="stmt"/>
        <line num="488" count="0" type="stmt"/>
        <line num="490" count="0" type="stmt"/>
        <line num="492" count="0" type="cond" truecount="0" falsecount="2"/>
        <line num="493" count="0" type="stmt"/>
        <line num="494" count="0" type="stmt"/>
        <line num="495" count="0" type="stmt"/>
        <line num="497" count="0" type="stmt"/>
        <line num="499" count="0" type="stmt"/>
        <line num="509" count="0" type="stmt"/>
        <line num="514" count="0" type="stmt"/>
        <line num="517" count="0" type="stmt"/>
        <line num="520" count="0" type="stmt"/>
        <line num="523" count="0" type="stmt"/>
        <line num="524" count="0" type="stmt"/>
        <line num="526" count="0" type="stmt"/>
        <line num="528" count="0" type="stmt"/>
      </file>
    </package>
    <package name="src.admin.dto">
      <metrics statements="22" coveredstatements="22" conditionals="0" coveredconditionals="0" methods="0" coveredmethods="0"/>
      <file name="admin.dto.ts" path="C:\Users\hokha\Dropbox\PC\Downloads\LearningDocuments\DATTLT-A\BackEnd\src\admin\dto\admin.dto.ts">
        <metrics statements="22" coveredstatements="22" conditionals="0" coveredconditionals="0" methods="0" coveredmethods="0"/>
        <line num="3" count="1" type="stmt"/>
        <line num="12" count="1" type="stmt"/>
        <line num="21" count="1" type="stmt"/>
        <line num="30" count="1" type="stmt"/>
        <line num="34" count="1" type="stmt"/>
        <line num="41" count="1" type="stmt"/>
        <line num="48" count="1" type="stmt"/>
        <line num="52" count="1" type="stmt"/>
        <line num="67" count="1" type="stmt"/>
        <line num="82" count="1" type="stmt"/>
        <line num="86" count="1" type="stmt"/>
        <line num="94" count="1" type="stmt"/>
        <line num="99" count="1" type="stmt"/>
        <line num="103" count="1" type="stmt"/>
        <line num="108" count="1" type="stmt"/>
        <line num="120" count="1" type="stmt"/>
        <line num="126" count="1" type="stmt"/>
        <line num="137" count="1" type="stmt"/>
        <line num="153" count="1" type="stmt"/>
        <line num="169" count="1" type="stmt"/>
        <line num="173" count="1" type="stmt"/>
        <line num="178" count="1" type="stmt"/>
      </file>
    </package>
    <package name="src.auth">
      <metrics statements="221" coveredstatements="42" conditionals="158" coveredconditionals="41" methods="42" coveredmethods="11"/>
      <file name="auth.controller.ts" path="C:\Users\hokha\Dropbox\PC\Downloads\LearningDocuments\DATTLT-A\BackEnd\src\auth\auth.controller.ts">
        <metrics statements="36" coveredstatements="34" conditionals="44" coveredconditionals="29" methods="13" coveredmethods="11"/>
        <line num="1" count="1" type="stmt"/>
        <line num="14" count="1" type="stmt"/>
        <line num="15" count="1" type="stmt"/>
        <line num="16" count="1" type="stmt"/>
        <line num="23" count="1" type="stmt"/>
        <line num="24" count="1" type="stmt"/>
        <line num="25" count="1" type="stmt"/>
        <line num="26" count="1" type="stmt"/>
        <line num="27" count="1" type="stmt"/>
        <line num="28" count="1" type="stmt"/>
        <line num="37" count="1" type="stmt"/>
        <line num="38" count="11" type="cond" truecount="3" falsecount="1"/>
        <line num="41" count="1" type="cond" truecount="3" falsecount="1"/>
        <line num="42" count="1" type="stmt"/>
        <line num="46" count="1" type="cond" truecount="3" falsecount="1"/>
        <line num="47" count="1" type="stmt"/>
        <line num="51" count="1" type="cond" truecount="3" falsecount="1"/>
        <line num="52" count="1" type="stmt"/>
        <line num="56" count="1" type="cond" truecount="3" falsecount="1"/>
        <line num="57" count="1" type="stmt"/>
        <line num="61" count="1" type="cond" truecount="3" falsecount="1"/>
        <line num="62" count="1" type="stmt"/>
        <line num="66" count="1" type="cond" truecount="3" falsecount="1"/>
        <line num="67" count="1" type="stmt"/>
        <line num="73" count="1" type="stmt"/>
        <line num="79" count="1" type="stmt"/>
        <line num="85" count="0" type="stmt"/>
        <line num="86" count="0" type="stmt"/>
        <line num="96" count="1" type="cond" truecount="2" falsecount="2"/>
        <line num="97" count="1" type="stmt"/>
        <line num="107" count="1" type="cond" truecount="2" falsecount="2"/>
        <line num="108" count="1" type="stmt"/>
        <line num="118" count="1" type="cond" truecount="2" falsecount="2"/>
        <line num="119" count="1" type="stmt"/>
        <line num="129" count="1" type="stmt"/>
        <line num="130" count="1" type="stmt"/>
      </file>
      <file name="auth.module.ts" path="C:\Users\hokha\Dropbox\PC\Downloads\LearningDocuments\DATTLT-A\BackEnd\src\auth\auth.module.ts">
        <metrics statements="15" coveredstatements="0" conditionals="0" coveredconditionals="0" methods="0" coveredmethods="0"/>
        <line num="1" count="0" type="stmt"/>
        <line num="2" count="0" type="stmt"/>
        <line num="3" count="0" type="stmt"/>
        <line num="4" count="0" type="stmt"/>
        <line num="5" count="0" type="stmt"/>
        <line num="6" count="0" type="stmt"/>
        <line num="7" count="0" type="stmt"/>
        <line num="8" count="0" type="stmt"/>
        <line num="9" count="0" type="stmt"/>
        <line num="10" count="0" type="stmt"/>
        <line num="11" count="0" type="stmt"/>
        <line num="12" count="0" type="stmt"/>
        <line num="13" count="0" type="stmt"/>
        <line num="14" count="0" type="stmt"/>
        <line num="42" count="0" type="stmt"/>
      </file>
      <file name="auth.service.ts" path="C:\Users\hokha\Dropbox\PC\Downloads\LearningDocuments\DATTLT-A\BackEnd\src\auth\auth.service.ts">
        <metrics statements="170" coveredstatements="8" conditionals="114" coveredconditionals="12" methods="29" coveredmethods="0"/>
        <line num="1" count="1" type="stmt"/>
        <line num="8" count="1" type="stmt"/>
        <line num="9" count="1" type="stmt"/>
        <line num="19" count="1" type="stmt"/>
        <line num="20" count="1" type="stmt"/>
        <line num="21" count="1" type="stmt"/>
        <line num="22" count="1" type="stmt"/>
        <line num="51" count="1" type="stmt"/>
        <line num="52" count="0" type="stmt"/>
        <line num="55" count="0" type="cond" truecount="6" falsecount="2"/>
        <line num="56" count="0" type="cond" truecount="3" falsecount="1"/>
        <line num="57" count="0" type="cond" truecount="3" falsecount="1"/>
        <line num="58" count="0" type="stmt"/>
        <line num="62" count="0" type="stmt"/>
        <line num="64" count="0" type="stmt"/>
        <line num="69" count="0" type="cond" truecount="0" falsecount="2"/>
        <line num="70" count="0" type="stmt"/>
        <line num="73" count="0" type="stmt"/>
        <line num="84" count="0" type="cond" truecount="0" falsecount="2"/>
        <line num="85" count="0" type="stmt"/>
        <line num="88" count="0" type="stmt"/>
        <line num="101" count="0" type="stmt"/>
        <line num="109" count="0" type="stmt"/>
        <line num="111" count="0" type="stmt"/>
        <line num="116" count="0" type="cond" truecount="0" falsecount="4"/>
        <line num="117" count="0" type="stmt"/>
        <line num="120" count="0" type="stmt"/>
        <line num="122" count="0" type="cond" truecount="0" falsecount="2"/>
        <line num="123" count="0" type="stmt"/>
        <line num="125" count="0" type="cond" truecount="0" falsecount="2"/>
        <line num="126" count="0" type="stmt"/>
        <line num="129" count="0" type="stmt"/>
        <line num="131" count="0" type="stmt"/>
        <line num="137" count="0" type="stmt"/>
        <line num="143" count="0" type="stmt"/>
        <line num="145" count="0" type="stmt"/>
        <line num="147" count="0" type="cond" truecount="0" falsecount="2"/>
        <line num="148" count="0" type="stmt"/>
        <line num="151" count="0" type="cond" truecount="0" falsecount="2"/>
        <line num="152" count="0" type="stmt"/>
        <line num="155" count="0" type="cond" truecount="0" falsecount="2"/>
        <line num="156" count="0" type="stmt"/>
        <line num="159" count="0" type="cond" truecount="0" falsecount="2"/>
        <line num="160" count="0" type="stmt"/>
        <line num="163" count="0" type="stmt"/>
        <line num="164" count="0" type="stmt"/>
        <line num="173" count="0" type="stmt"/>
        <line num="183" count="0" type="stmt"/>
        <line num="189" count="0" type="stmt"/>
        <line num="193" count="0" type="stmt"/>
        <line num="208" count="0" type="cond" truecount="0" falsecount="4"/>
        <line num="209" count="0" type="stmt"/>
        <line num="212" count="0" type="stmt"/>
        <line num="214" count="0" type="cond" truecount="0" falsecount="2"/>
        <line num="215" count="0" type="stmt"/>
        <line num="226" count="0" type="cond" truecount="0" falsecount="2"/>
        <line num="227" count="0" type="stmt"/>
        <line num="229" count="0" type="cond" truecount="0" falsecount="2"/>
        <line num="230" count="0" type="stmt"/>
        <line num="231" count="0" type="stmt"/>
        <line num="234" count="0" type="cond" truecount="0" falsecount="2"/>
        <line num="235" count="0" type="stmt"/>
        <line num="238" count="0" type="stmt"/>
        <line num="239" count="0" type="stmt"/>
        <line num="248" count="0" type="stmt"/>
        <line num="258" count="0" type="stmt"/>
        <line num="264" count="0" type="stmt"/>
        <line num="268" count="0" type="stmt"/>
        <line num="283" count="0" type="cond" truecount="0" falsecount="4"/>
        <line num="284" count="0" type="stmt"/>
        <line num="287" count="0" type="stmt"/>
        <line num="288" count="0" type="stmt"/>
        <line num="292" count="0" type="stmt"/>
        <line num="294" count="0" type="stmt"/>
        <line num="302" count="0" type="stmt"/>
        <line num="304" count="0" type="stmt"/>
        <line num="305" count="0" type="stmt"/>
        <line num="309" count="0" type="stmt"/>
        <line num="313" count="0" type="stmt"/>
        <line num="314" count="0" type="stmt"/>
        <line num="315" count="0" type="stmt"/>
        <line num="317" count="0" type="stmt"/>
        <line num="321" count="0" type="stmt"/>
        <line num="323" count="0" type="stmt"/>
        <line num="325" count="0" type="cond" truecount="0" falsecount="4"/>
        <line num="326" count="0" type="stmt"/>
        <line num="329" count="0" type="stmt"/>
        <line num="333" count="0" type="cond" truecount="0" falsecount="4"/>
        <line num="334" count="0" type="stmt"/>
        <line num="339" count="0" type="stmt"/>
        <line num="341" count="0" type="stmt"/>
        <line num="348" count="0" type="stmt"/>
        <line num="350" count="0" type="cond" truecount="0" falsecount="2"/>
        <line num="351" count="0" type="stmt"/>
        <line num="354" count="0" type="stmt"/>
        <line num="356" count="0" type="stmt"/>
        <line num="363" count="0" type="stmt"/>
        <line num="364" count="0" type="stmt"/>
        <line num="366" count="0" type="stmt"/>
        <line num="368" count="0" type="cond" truecount="0" falsecount="2"/>
        <line num="369" count="0" type="stmt"/>
        <line num="372" count="0" type="stmt"/>
        <line num="385" count="0" type="stmt"/>
        <line num="393" count="0" type="stmt"/>
        <line num="395" count="0" type="stmt"/>
        <line num="397" count="0" type="cond" truecount="0" falsecount="2"/>
        <line num="398" count="0" type="stmt"/>
        <line num="401" count="0" type="stmt"/>
        <line num="406" count="0" type="cond" truecount="0" falsecount="4"/>
        <line num="407" count="0" type="stmt"/>
        <line num="410" count="0" type="stmt"/>
        <line num="413" count="0" type="stmt"/>
        <line num="415" count="0" type="stmt"/>
        <line num="422" count="0" type="stmt"/>
        <line num="437" count="0" type="stmt"/>
        <line num="446" count="0" type="cond" truecount="0" falsecount="2"/>
        <line num="447" count="0" type="stmt"/>
        <line num="450" count="0" type="stmt"/>
        <line num="451" count="0" type="stmt"/>
        <line num="452" count="0" type="stmt"/>
        <line num="453" count="0" type="stmt"/>
        <line num="455" count="0" type="cond" truecount="0" falsecount="2"/>
        <line num="456" count="0" type="stmt"/>
        <line num="461" count="0" type="stmt"/>
        <line num="462" count="0" type="stmt"/>
        <line num="464" count="0" type="cond" truecount="0" falsecount="2"/>
        <line num="465" count="0" type="stmt"/>
        <line num="470" count="0" type="stmt"/>
        <line num="471" count="0" type="stmt"/>
        <line num="475" count="0" type="stmt"/>
        <line num="476" count="0" type="stmt"/>
        <line num="477" count="0" type="stmt"/>
        <line num="478" count="0" type="stmt"/>
        <line num="480" count="0" type="cond" truecount="0" falsecount="2"/>
        <line num="481" count="0" type="stmt"/>
        <line num="488" count="0" type="cond" truecount="0" falsecount="2"/>
        <line num="489" count="0" type="stmt"/>
        <line num="494" count="0" type="cond" truecount="0" falsecount="2"/>
        <line num="496" count="0" type="cond" truecount="0" falsecount="2"/>
        <line num="497" count="0" type="stmt"/>
        <line num="502" count="0" type="cond" truecount="0" falsecount="2"/>
        <line num="504" count="0" type="cond" truecount="0" falsecount="2"/>
        <line num="505" count="0" type="stmt"/>
        <line num="510" count="0" type="cond" truecount="0" falsecount="4"/>
        <line num="511" count="0" type="stmt"/>
        <line num="516" count="0" type="cond" truecount="0" falsecount="4"/>
        <line num="517" count="0" type="stmt"/>
        <line num="522" count="0" type="cond" truecount="0" falsecount="2"/>
        <line num="523" count="0" type="stmt"/>
        <line num="532" count="0" type="cond" truecount="0" falsecount="2"/>
        <line num="533" count="0" type="stmt"/>
        <line num="536" count="0" type="stmt"/>
        <line num="544" count="0" type="stmt"/>
        <line num="548" count="0" type="cond" truecount="0" falsecount="2"/>
        <line num="549" count="0" type="stmt"/>
        <line num="554" count="0" type="stmt"/>
        <line num="558" count="0" type="stmt"/>
        <line num="559" count="0" type="cond" truecount="0" falsecount="2"/>
        <line num="561" count="0" type="cond" truecount="0" falsecount="2"/>
        <line num="562" count="0" type="stmt"/>
        <line num="565" count="0" type="stmt"/>
        <line num="570" count="0" type="cond" truecount="0" falsecount="2"/>
        <line num="572" count="0" type="cond" truecount="0" falsecount="2"/>
        <line num="574" count="0" type="stmt"/>
        <line num="575" count="0" type="stmt"/>
        <line num="576" count="0" type="stmt"/>
        <line num="578" count="0" type="cond" truecount="0" falsecount="2"/>
        <line num="579" count="0" type="stmt"/>
        <line num="582" count="0" type="stmt"/>
        <line num="584" count="0" type="stmt"/>
      </file>
    </package>
    <package name="src.auth.decorators">
      <metrics statements="11" coveredstatements="11" conditionals="0" coveredconditionals="0" methods="3" coveredmethods="3"/>
      <file name="admin-levels.decorator.ts" path="C:\Users\hokha\Dropbox\PC\Downloads\LearningDocuments\DATTLT-A\BackEnd\src\auth\decorators\admin-levels.decorator.ts">
        <metrics statements="4" coveredstatements="4" conditionals="0" coveredconditionals="0" methods="1" coveredmethods="1"/>
        <line num="1" count="1" type="stmt"/>
        <line num="4" count="1" type="stmt"/>
        <line num="5" count="1" type="stmt"/>
        <line num="6" count="3" type="stmt"/>
      </file>
      <file name="permissions.decorator.ts" path="C:\Users\hokha\Dropbox\PC\Downloads\LearningDocuments\DATTLT-A\BackEnd\src\auth\decorators\permissions.decorator.ts">
        <metrics statements="4" coveredstatements="4" conditionals="0" coveredconditionals="0" methods="1" coveredmethods="1"/>
        <line num="1" count="1" type="stmt"/>
        <line num="3" count="1" type="stmt"/>
        <line num="4" count="1" type="stmt"/>
        <line num="5" count="37" type="stmt"/>
      </file>
      <file name="roles.decorator.ts" path="C:\Users\hokha\Dropbox\PC\Downloads\LearningDocuments\DATTLT-A\BackEnd\src\auth\decorators\roles.decorator.ts">
        <metrics statements="3" coveredstatements="3" conditionals="0" coveredconditionals="0" methods="1" coveredmethods="1"/>
        <line num="1" count="2" type="stmt"/>
        <line num="4" count="2" type="stmt"/>
        <line num="5" count="4" type="stmt"/>
      </file>
    </package>
    <package name="src.auth.dto">
      <metrics statements="6" coveredstatements="6" conditionals="0" coveredconditionals="0" methods="0" coveredmethods="0"/>
      <file name="auth.dto.ts" path="C:\Users\hokha\Dropbox\PC\Downloads\LearningDocuments\DATTLT-A\BackEnd\src\auth\dto\auth.dto.ts">
        <metrics statements="5" coveredstatements="5" conditionals="0" coveredconditionals="0" methods="0" coveredmethods="0"/>
        <line num="3" count="1" type="stmt"/>
        <line num="12" count="1" type="stmt"/>
        <line num="18" count="1" type="stmt"/>
        <line num="23" count="1" type="stmt"/>
        <line num="28" count="1" type="stmt"/>
      </file>
      <file name="logout.dto.ts" path="C:\Users\hokha\Dropbox\PC\Downloads\LearningDocuments\DATTLT-A\BackEnd\src\auth\dto\logout.dto.ts">
        <metrics statements="1" coveredstatements="1" conditionals="0" coveredconditionals="0" methods="0" coveredmethods="0"/>
        <line num="1" count="1" type="stmt"/>
      </file>
    </package>
    <package name="src.auth.guards">
      <metrics statements="69" coveredstatements="18" conditionals="50" coveredconditionals="12" methods="10" coveredmethods="0"/>
      <file name="admin-level.guard.ts" path="C:\Users\hokha\Dropbox\PC\Downloads\LearningDocuments\DATTLT-A\BackEnd\src\auth\guards\admin-level.guard.ts">
        <metrics statements="15" coveredstatements="4" conditionals="12" coveredconditionals="3" methods="2" coveredmethods="0"/>
        <line num="1" count="1" type="stmt"/>
        <line num="7" count="1" type="stmt"/>
        <line num="9" count="1" type="stmt"/>
        <line num="17" count="1" type="stmt"/>
        <line num="18" count="0" type="cond" truecount="3" falsecount="1"/>
        <line num="21" count="0" type="stmt"/>
        <line num="26" count="0" type="cond" truecount="0" falsecount="2"/>
        <line num="27" count="0" type="stmt"/>
        <line num="30" count="0" type="stmt"/>
        <line num="31" count="0" type="stmt"/>
        <line num="33" count="0" type="cond" truecount="0" falsecount="2"/>
        <line num="34" count="0" type="stmt"/>
        <line num="37" count="0" type="cond" truecount="0" falsecount="4"/>
        <line num="38" count="0" type="stmt"/>
        <line num="43" count="0" type="stmt"/>
      </file>
      <file name="google-auth.guard.ts" path="C:\Users\hokha\Dropbox\PC\Downloads\LearningDocuments\DATTLT-A\BackEnd\src\auth\guards\google-auth.guard.ts">
        <metrics statements="12" coveredstatements="3" conditionals="8" coveredconditionals="0" methods="1" coveredmethods="0"/>
        <line num="1" count="1" type="stmt"/>
        <line num="2" count="1" type="stmt"/>
        <line num="13" count="1" type="stmt"/>
        <line num="15" count="0" type="stmt"/>
        <line num="16" count="0" type="cond" truecount="0" falsecount="2"/>
        <line num="18" count="0" type="cond" truecount="0" falsecount="2"/>
        <line num="19" count="0" type="stmt"/>
        <line num="22" count="0" type="stmt"/>
        <line num="24" count="0" type="cond" truecount="0" falsecount="2"/>
        <line num="26" count="0" type="cond" truecount="0" falsecount="2"/>
        <line num="27" count="0" type="stmt"/>
        <line num="32" count="0" type="stmt"/>
      </file>
      <file name="jwt-auth.guard.ts" path="C:\Users\hokha\Dropbox\PC\Downloads\LearningDocuments\DATTLT-A\BackEnd\src\auth\guards\jwt-auth.guard.ts">
        <metrics statements="14" coveredstatements="3" conditionals="10" coveredconditionals="3" methods="2" coveredmethods="0"/>
        <line num="1" count="2" type="stmt"/>
        <line num="8" count="2" type="stmt"/>
        <line num="16" count="2" type="stmt"/>
        <line num="17" count="0" type="cond" truecount="3" falsecount="1"/>
        <line num="20" count="0" type="stmt"/>
        <line num="21" count="0" type="stmt"/>
        <line num="23" count="0" type="cond" truecount="0" falsecount="2"/>
        <line num="24" count="0" type="stmt"/>
        <line num="27" count="0" type="stmt"/>
        <line num="28" count="0" type="stmt"/>
        <line num="30" count="0" type="cond" truecount="0" falsecount="4"/>
        <line num="31" count="0" type="stmt"/>
        <line num="34" count="0" type="stmt"/>
        <line num="35" count="0" type="stmt"/>
      </file>
      <file name="permissions.guard.ts" path="C:\Users\hokha\Dropbox\PC\Downloads\LearningDocuments\DATTLT-A\BackEnd\src\auth\guards\permissions.guard.ts">
        <metrics statements="15" coveredstatements="4" conditionals="10" coveredconditionals="3" methods="3" coveredmethods="0"/>
        <line num="1" count="1" type="stmt"/>
        <line num="7" count="1" type="stmt"/>
        <line num="9" count="1" type="stmt"/>
        <line num="17" count="1" type="stmt"/>
        <line num="18" count="0" type="cond" truecount="3" falsecount="1"/>
        <line num="21" count="0" type="stmt"/>
        <line num="26" count="0" type="cond" truecount="0" falsecount="2"/>
        <line num="27" count="0" type="stmt"/>
        <line num="30" count="0" type="stmt"/>
        <line num="31" count="0" type="cond" truecount="0" falsecount="2"/>
        <line num="33" count="0" type="stmt"/>
        <line num="34" count="0" type="stmt"/>
        <line num="37" count="0" type="cond" truecount="0" falsecount="2"/>
        <line num="38" count="0" type="stmt"/>
        <line num="43" count="0" type="stmt"/>
      </file>
      <file name="roles.guard.ts" path="C:\Users\hokha\Dropbox\PC\Downloads\LearningDocuments\DATTLT-A\BackEnd\src\auth\guards\roles.guard.ts">
        <metrics statements="13" coveredstatements="4" conditionals="10" coveredconditionals="3" methods="2" coveredmethods="0"/>
        <line num="1" count="2" type="stmt"/>
        <line num="7" count="2" type="stmt"/>
        <line num="9" count="2" type="stmt"/>
        <line num="17" count="2" type="stmt"/>
        <line num="18" count="0" type="cond" truecount="3" falsecount="1"/>
        <line num="21" count="0" type="stmt"/>
        <line num="26" count="0" type="cond" truecount="0" falsecount="2"/>
        <line num="27" count="0" type="stmt"/>
        <line num="30" count="0" type="stmt"/>
        <line num="31" count="0" type="stmt"/>
        <line num="33" count="0" type="cond" truecount="0" falsecount="4"/>
        <line num="34" count="0" type="stmt"/>
        <line num="37" count="0" type="stmt"/>
      </file>
    </package>
    <package name="src.auth.services">
      <metrics statements="1333" coveredstatements="18" conditionals="1259" coveredconditionals="6" methods="229" coveredmethods="0"/>
      <file name="email.service.ts" path="C:\Users\hokha\Dropbox\PC\Downloads\LearningDocuments\DATTLT-A\BackEnd\src\auth\services\email.service.ts">
        <metrics statements="20" coveredstatements="3" conditionals="12" coveredconditionals="0" methods="3" coveredmethods="0"/>
        <line num="1" count="1" type="stmt"/>
        <line num="2" count="1" type="stmt"/>
        <line num="14" count="1" type="stmt"/>
        <line num="15" count="0" type="stmt"/>
        <line num="17" count="0" type="stmt"/>
        <line num="18" count="0" type="cond" truecount="0" falsecount="2"/>
        <line num="19" count="0" type="stmt"/>
        <line num="20" count="0" type="stmt"/>
        <line num="21" count="0" type="cond" truecount="0" falsecount="3"/>
        <line num="24" count="0" type="cond" truecount="0" falsecount="2"/>
        <line num="25" count="0" type="stmt"/>
        <line num="29" count="0" type="stmt"/>
        <line num="35" count="0" type="stmt"/>
        <line num="37" count="0" type="cond" truecount="0" falsecount="2"/>
        <line num="38" count="0" type="stmt"/>
        <line num="40" count="0" type="stmt"/>
        <line num="60" count="0" type="stmt"/>
        <line num="62" count="0" type="stmt"/>
        <line num="68" count="0" type="cond" truecount="0" falsecount="3"/>
        <line num="72" count="0" type="stmt"/>
      </file>
      <file name="jwt-token.service.ts" path="C:\Users\hokha\Dropbox\PC\Downloads\LearningDocuments\DATTLT-A\BackEnd\src\auth\services\jwt-token.service.ts">
        <metrics statements="40" coveredstatements="3" conditionals="24" coveredconditionals="0" methods="5" coveredmethods="0"/>
        <line num="1" count="2" type="stmt"/>
        <line num="2" count="2" type="stmt"/>
        <line num="6" count="2" type="stmt"/>
        <line num="7" count="0" type="cond" truecount="0" falsecount="2"/>
        <line num="8" count="0" type="stmt"/>
        <line num="11" count="0" type="stmt"/>
        <line num="16" count="0" type="stmt"/>
        <line num="17" count="0" type="stmt"/>
        <line num="24" count="0" type="stmt"/>
        <line num="25" count="0" type="stmt"/>
        <line num="26" count="0" type="stmt"/>
        <line num="28" count="0" type="stmt"/>
        <line num="32" count="0" type="stmt"/>
        <line num="34" count="0" type="cond" truecount="0" falsecount="2"/>
        <line num="35" count="0" type="stmt"/>
        <line num="38" count="0" type="stmt"/>
        <line num="39" count="0" type="stmt"/>
        <line num="43" count="0" type="stmt"/>
        <line num="45" count="0" type="stmt"/>
        <line num="50" count="0" type="stmt"/>
        <line num="52" count="0" type="cond" truecount="0" falsecount="2"/>
        <line num="53" count="0" type="stmt"/>
        <line num="56" count="0" type="stmt"/>
        <line num="57" count="0" type="stmt"/>
        <line num="61" count="0" type="stmt"/>
        <line num="62" count="0" type="stmt"/>
        <line num="64" count="0" type="cond" truecount="0" falsecount="2"/>
        <line num="68" count="0" type="stmt"/>
        <line num="71" count="0" type="stmt"/>
        <line num="73" count="0" type="cond" truecount="0" falsecount="2"/>
        <line num="74" count="0" type="stmt"/>
        <line num="77" count="0" type="cond" truecount="0" falsecount="2"/>
        <line num="78" count="0" type="stmt"/>
        <line num="81" count="0" type="cond" truecount="0" falsecount="4"/>
        <line num="82" count="0" type="stmt"/>
        <line num="85" count="0" type="cond" truecount="0" falsecount="2"/>
        <line num="90" count="0" type="stmt"/>
        <line num="93" count="0" type="stmt"/>
        <line num="97" count="0" type="stmt"/>
        <line num="103" count="0" type="stmt"/>
      </file>
      <file name="mysql-database.service.ts" path="C:\Users\hokha\Dropbox\PC\Downloads\LearningDocuments\DATTLT-A\BackEnd\src\auth\services\mysql-database.service.ts">
        <metrics statements="1238" coveredstatements="4" conditionals="1196" coveredconditionals="0" methods="216" coveredmethods="0"/>
        <line num="1" count="3" type="stmt"/>
        <line num="10" count="3" type="stmt"/>
        <line num="11" count="3" type="stmt"/>
        <line num="362" count="3" type="stmt"/>
        <line num="363" count="0" type="stmt"/>
        <line num="364" count="0" type="stmt"/>
        <line num="367" count="0" type="cond" truecount="0" falsecount="4"/>
        <line num="370" count="0" type="stmt"/>
        <line num="413" count="0" type="stmt"/>
        <line num="414" count="0" type="stmt"/>
        <line num="417" count="0" type="stmt"/>
        <line num="418" count="0" type="stmt"/>
        <line num="419" count="0" type="stmt"/>
        <line num="420" count="0" type="stmt"/>
        <line num="421" count="0" type="stmt"/>
        <line num="422" count="0" type="stmt"/>
        <line num="423" count="0" type="stmt"/>
        <line num="424" count="0" type="stmt"/>
        <line num="427" count="0" type="stmt"/>
        <line num="428" count="0" type="stmt"/>
        <line num="432" count="0" type="stmt"/>
        <line num="433" count="0" type="stmt"/>
        <line num="434" count="0" type="stmt"/>
        <line num="440" count="0" type="stmt"/>
        <line num="441" count="0" type="stmt"/>
        <line num="452" count="0" type="cond" truecount="0" falsecount="2"/>
        <line num="453" count="0" type="stmt"/>
        <line num="454" count="0" type="stmt"/>
        <line num="455" count="0" type="stmt"/>
        <line num="456" count="0" type="stmt"/>
        <line num="457" count="0" type="stmt"/>
        <line num="459" count="0" type="stmt"/>
        <line num="464" count="0" type="stmt"/>
        <line num="469" count="0" type="stmt"/>
        <line num="470" count="0" type="stmt"/>
        <line num="472" count="0" type="cond" truecount="0" falsecount="2"/>
        <line num="473" count="0" type="stmt"/>
        <line num="474" count="0" type="stmt"/>
        <line num="477" count="0" type="cond" truecount="0" falsecount="2"/>
        <line num="478" count="0" type="stmt"/>
        <line num="479" count="0" type="stmt"/>
        <line num="482" count="0" type="cond" truecount="0" falsecount="2"/>
        <line num="483" count="0" type="stmt"/>
        <line num="486" count="0" type="stmt"/>
        <line num="496" count="0" type="cond" truecount="0" falsecount="2"/>
        <line num="500" count="0" type="stmt"/>
        <line num="502" count="0" type="stmt"/>
        <line num="512" count="0" type="cond" truecount="0" falsecount="2"/>
        <line num="516" count="0" type="stmt"/>
        <line num="526" count="0" type="cond" truecount="0" falsecount="2"/>
        <line num="530" count="0" type="stmt"/>
        <line num="547" count="0" type="stmt"/>
        <line num="551" count="0" type="stmt"/>
        <line num="552" count="0" type="stmt"/>
        <line num="554" count="0" type="cond" truecount="0" falsecount="2"/>
        <line num="555" count="0" type="stmt"/>
        <line num="556" count="0" type="stmt"/>
        <line num="559" count="0" type="cond" truecount="0" falsecount="2"/>
        <line num="560" count="0" type="stmt"/>
        <line num="561" count="0" type="stmt"/>
        <line num="564" count="0" type="cond" truecount="0" falsecount="2"/>
        <line num="565" count="0" type="stmt"/>
        <line num="566" count="0" type="stmt"/>
        <line num="569" count="0" type="cond" truecount="0" falsecount="2"/>
        <line num="570" count="0" type="stmt"/>
        <line num="571" count="0" type="stmt"/>
        <line num="574" count="0" type="cond" truecount="0" falsecount="2"/>
        <line num="575" count="0" type="stmt"/>
        <line num="576" count="0" type="stmt"/>
        <line num="579" count="0" type="cond" truecount="0" falsecount="2"/>
        <line num="580" count="0" type="stmt"/>
        <line num="581" count="0" type="stmt"/>
        <line num="584" count="0" type="cond" truecount="0" falsecount="2"/>
        <line num="585" count="0" type="stmt"/>
        <line num="586" count="0" type="stmt"/>
        <line num="589" count="0" type="cond" truecount="0" falsecount="2"/>
        <line num="590" count="0" type="stmt"/>
        <line num="591" count="0" type="stmt"/>
        <line num="594" count="0" type="cond" truecount="0" falsecount="2"/>
        <line num="595" count="0" type="stmt"/>
        <line num="598" count="0" type="stmt"/>
        <line num="607" count="0" type="stmt"/>
        <line num="611" count="0" type="stmt"/>
        <line num="626" count="0" type="stmt"/>
        <line num="630" count="0" type="stmt"/>
        <line num="641" count="0" type="cond" truecount="0" falsecount="2"/>
        <line num="645" count="0" type="stmt"/>
        <line num="654" count="0" type="stmt"/>
        <line num="658" count="0" type="stmt"/>
        <line num="666" count="0" type="stmt"/>
        <line num="670" count="0" type="stmt"/>
        <line num="681" count="0" type="cond" truecount="0" falsecount="2"/>
        <line num="685" count="0" type="stmt"/>
        <line num="694" count="0" type="stmt"/>
        <line num="698" count="0" type="stmt"/>
        <line num="706" count="0" type="stmt"/>
        <line num="714" count="0" type="stmt"/>
        <line num="724" count="0" type="stmt"/>
        <line num="726" count="0" type="cond" truecount="0" falsecount="2"/>
        <line num="727" count="0" type="stmt"/>
        <line num="730" count="0" type="stmt"/>
        <line num="750" count="0" type="stmt"/>
        <line num="752" count="0" type="stmt"/>
        <line num="766" count="0" type="stmt"/>
        <line num="767" count="0" type="stmt"/>
        <line num="769" count="0" type="stmt"/>
        <line num="776" count="0" type="stmt"/>
        <line num="777" count="0" type="stmt"/>
        <line num="782" count="0" type="cond" truecount="0" falsecount="2"/>
        <line num="783" count="0" type="stmt"/>
        <line num="786" count="0" type="cond" truecount="0" falsecount="2"/>
        <line num="787" count="0" type="stmt"/>
        <line num="792" count="0" type="stmt"/>
        <line num="807" count="0" type="cond" truecount="0" falsecount="2"/>
        <line num="808" count="0" type="stmt"/>
        <line num="810" count="0" type="cond" truecount="0" falsecount="2"/>
        <line num="811" count="0" type="stmt"/>
        <line num="816" count="0" type="stmt"/>
        <line num="825" count="0" type="stmt"/>
        <line num="840" count="0" type="stmt"/>
        <line num="848" count="0" type="stmt"/>
        <line num="859" count="0" type="stmt"/>
        <line num="860" count="0" type="cond" truecount="0" falsecount="2"/>
        <line num="861" count="0" type="stmt"/>
        <line num="864" count="0" type="stmt"/>
        <line num="869" count="0" type="cond" truecount="0" falsecount="4"/>
        <line num="870" count="0" type="stmt"/>
        <line num="875" count="0" type="stmt"/>
        <line num="884" count="0" type="stmt"/>
        <line num="892" count="0" type="stmt"/>
        <line num="902" count="0" type="cond" truecount="0" falsecount="2"/>
        <line num="903" count="0" type="stmt"/>
        <line num="906" count="0" type="stmt"/>
        <line num="910" count="0" type="stmt"/>
        <line num="920" count="0" type="stmt"/>
        <line num="924" count="0" type="stmt"/>
        <line num="925" count="0" type="stmt"/>
        <line num="926" count="0" type="stmt"/>
        <line num="927" count="0" type="stmt"/>
        <line num="928" count="0" type="stmt"/>
        <line num="932" count="0" type="stmt"/>
        <line num="941" count="0" type="stmt"/>
        <line num="942" count="0" type="stmt"/>
        <line num="943" count="0" type="stmt"/>
        <line num="945" count="0" type="cond" truecount="0" falsecount="2"/>
        <line num="946" count="0" type="stmt"/>
        <line num="949" count="0" type="stmt"/>
        <line num="951" count="0" type="stmt"/>
        <line num="952" count="0" type="stmt"/>
        <line num="953" count="0" type="stmt"/>
        <line num="954" count="0" type="stmt"/>
        <line num="957" count="0" type="cond" truecount="0" falsecount="2"/>
        <line num="959" count="0" type="cond" truecount="0" falsecount="2"/>
        <line num="960" count="0" type="cond" truecount="0" falsecount="2"/>
        <line num="964" count="0" type="stmt"/>
        <line num="985" count="0" type="stmt"/>
        <line num="997" count="0" type="stmt"/>
        <line num="998" count="0" type="stmt"/>
        <line num="999" count="0" type="stmt"/>
        <line num="1002" count="0" type="cond" truecount="0" falsecount="2"/>
        <line num="1003" count="0" type="stmt"/>
        <line num="1006" count="0" type="stmt"/>
        <line num="1008" count="0" type="stmt"/>
        <line num="1009" count="0" type="cond" truecount="0" falsecount="2"/>
        <line num="1010" count="0" type="stmt"/>
        <line num="1013" count="0" type="stmt"/>
        <line num="1014" count="0" type="cond" truecount="0" falsecount="4"/>
        <line num="1015" count="0" type="stmt"/>
        <line num="1018" count="0" type="stmt"/>
        <line num="1019" count="0" type="stmt"/>
        <line num="1022" count="0" type="cond" truecount="0" falsecount="2"/>
        <line num="1024" count="0" type="cond" truecount="0" falsecount="2"/>
        <line num="1027" count="0" type="cond" truecount="0" falsecount="2"/>
        <line num="1030" count="0" type="stmt"/>
        <line num="1032" count="0" type="stmt"/>
        <line num="1034" count="0" type="stmt"/>
        <line num="1035" count="0" type="stmt"/>
        <line num="1037" count="0" type="stmt"/>
        <line num="1038" count="0" type="stmt"/>
        <line num="1060" count="0" type="stmt"/>
        <line num="1062" count="0" type="stmt"/>
        <line num="1063" count="0" type="stmt"/>
        <line num="1084" count="0" type="cond" truecount="0" falsecount="2"/>
        <line num="1085" count="0" type="stmt"/>
        <line num="1096" count="0" type="stmt"/>
        <line num="1104" count="0" type="cond" truecount="0" falsecount="2"/>
        <line num="1105" count="0" type="stmt"/>
        <line num="1115" count="0" type="stmt"/>
        <line num="1123" count="0" type="stmt"/>
        <line num="1124" count="0" type="stmt"/>
        <line num="1125" count="0" type="stmt"/>
        <line num="1127" count="0" type="cond" truecount="0" falsecount="2"/>
        <line num="1128" count="0" type="stmt"/>
        <line num="1136" count="0" type="stmt"/>
        <line num="1144" count="0" type="stmt"/>
        <line num="1146" count="0" type="stmt"/>
        <line num="1156" count="0" type="cond" truecount="0" falsecount="2"/>
        <line num="1157" count="0" type="stmt"/>
        <line num="1166" count="0" type="stmt"/>
        <line num="1167" count="0" type="stmt"/>
        <line num="1178" count="0" type="stmt"/>
        <line num="1191" count="0" type="stmt"/>
        <line num="1193" count="0" type="stmt"/>
        <line num="1209" count="0" type="stmt"/>
        <line num="1210" count="0" type="stmt"/>
        <line num="1212" count="0" type="stmt"/>
        <line num="1220" count="0" type="stmt"/>
        <line num="1222" count="0" type="stmt"/>
        <line num="1223" count="0" type="stmt"/>
        <line num="1225" count="0" type="stmt"/>
        <line num="1236" count="0" type="stmt"/>
        <line num="1237" count="0" type="cond" truecount="0" falsecount="2"/>
        <line num="1238" count="0" type="stmt"/>
        <line num="1239" count="0" type="stmt"/>
        <line num="1242" count="0" type="stmt"/>
        <line num="1251" count="0" type="stmt"/>
        <line num="1260" count="0" type="cond" truecount="0" falsecount="2"/>
        <line num="1261" count="0" type="stmt"/>
        <line num="1271" count="0" type="cond" truecount="0" falsecount="2"/>
        <line num="1272" count="0" type="stmt"/>
        <line num="1281" count="0" type="stmt"/>
        <line num="1294" count="0" type="stmt"/>
        <line num="1296" count="0" type="stmt"/>
        <line num="1302" count="0" type="stmt"/>
        <line num="1303" count="0" type="stmt"/>
        <line num="1305" count="0" type="stmt"/>
        <line num="1310" count="0" type="stmt"/>
        <line num="1323" count="0" type="stmt"/>
        <line num="1324" count="0" type="cond" truecount="0" falsecount="2"/>
        <line num="1325" count="0" type="stmt"/>
        <line num="1328" count="0" type="cond" truecount="0" falsecount="2"/>
        <line num="1332" count="0" type="cond" truecount="0" falsecount="3"/>
        <line num="1336" count="0" type="cond" truecount="0" falsecount="2"/>
        <line num="1337" count="0" type="stmt"/>
        <line num="1338" count="0" type="stmt"/>
        <line num="1352" count="0" type="stmt"/>
        <line num="1367" count="0" type="stmt"/>
        <line num="1368" count="0" type="stmt"/>
        <line num="1369" count="0" type="stmt"/>
        <line num="1371" count="0" type="stmt"/>
        <line num="1378" count="0" type="cond" truecount="0" falsecount="2"/>
        <line num="1379" count="0" type="stmt"/>
        <line num="1380" count="0" type="stmt"/>
        <line num="1383" count="0" type="stmt"/>
        <line num="1392" count="0" type="stmt"/>
        <line num="1401" count="0" type="stmt"/>
        <line num="1409" count="0" type="stmt"/>
        <line num="1416" count="0" type="stmt"/>
        <line num="1417" count="0" type="cond" truecount="0" falsecount="2"/>
        <line num="1418" count="0" type="stmt"/>
        <line num="1429" count="0" type="stmt"/>
        <line num="1431" count="0" type="stmt"/>
        <line num="1432" count="0" type="stmt"/>
        <line num="1434" count="0" type="stmt"/>
        <line num="1439" count="0" type="stmt"/>
        <line num="1441" count="0" type="cond" truecount="0" falsecount="2"/>
        <line num="1442" count="0" type="stmt"/>
        <line num="1449" count="0" type="stmt"/>
        <line num="1462" count="0" type="stmt"/>
        <line num="1466" count="0" type="stmt"/>
        <line num="1470" count="0" type="stmt"/>
        <line num="1471" count="0" type="stmt"/>
        <line num="1472" count="0" type="stmt"/>
        <line num="1474" count="0" type="cond" truecount="0" falsecount="4"/>
        <line num="1475" count="0" type="stmt"/>
        <line num="1476" count="0" type="stmt"/>
        <line num="1480" count="0" type="cond" truecount="0" falsecount="2"/>
        <line num="1481" count="0" type="stmt"/>
        <line num="1483" count="0" type="stmt"/>
        <line num="1493" count="0" type="stmt"/>
        <line num="1495" count="0" type="stmt"/>
        <line num="1504" count="0" type="stmt"/>
        <line num="1507" count="0" type="cond" truecount="0" falsecount="2"/>
        <line num="1508" count="0" type="cond" truecount="0" falsecount="4"/>
        <line num="1513" count="0" type="stmt"/>
        <line num="1514" count="0" type="stmt"/>
        <line num="1520" count="0" type="stmt"/>
        <line num="1526" count="0" type="stmt"/>
        <line num="1527" count="0" type="stmt"/>
        <line num="1528" count="0" type="cond" truecount="0" falsecount="2"/>
        <line num="1529" count="0" type="stmt"/>
        <line num="1531" count="0" type="stmt"/>
        <line num="1544" count="0" type="stmt"/>
        <line num="1557" count="0" type="cond" truecount="0" falsecount="4"/>
        <line num="1558" count="0" type="stmt"/>
        <line num="1569" count="0" type="stmt"/>
        <line num="1573" count="0" type="stmt"/>
        <line num="1583" count="0" type="stmt"/>
        <line num="1584" count="0" type="cond" truecount="0" falsecount="2"/>
        <line num="1585" count="0" type="stmt"/>
        <line num="1588" count="0" type="stmt"/>
        <line num="1631" count="0" type="stmt"/>
        <line num="1642" count="0" type="stmt"/>
        <line num="1690" count="0" type="stmt"/>
        <line num="1701" count="0" type="stmt"/>
        <line num="1703" count="0" type="stmt"/>
        <line num="1704" count="0" type="stmt"/>
        <line num="1706" count="0" type="stmt"/>
        <line num="1716" count="0" type="stmt"/>
        <line num="1717" count="0" type="cond" truecount="0" falsecount="2"/>
        <line num="1718" count="0" type="stmt"/>
        <line num="1719" count="0" type="stmt"/>
        <line num="1722" count="0" type="cond" truecount="0" falsecount="2"/>
        <line num="1723" count="0" type="stmt"/>
        <line num="1726" count="0" type="stmt"/>
        <line num="1735" count="0" type="stmt"/>
        <line num="1743" count="0" type="stmt"/>
        <line num="1752" count="0" type="stmt"/>
        <line num="1753" count="0" type="cond" truecount="0" falsecount="2"/>
        <line num="1754" count="0" type="stmt"/>
        <line num="1765" count="0" type="cond" truecount="0" falsecount="2"/>
        <line num="1766" count="0" type="stmt"/>
        <line num="1775" count="0" type="stmt"/>
        <line num="1785" count="0" type="stmt"/>
        <line num="1786" count="0" type="stmt"/>
        <line num="1788" count="0" type="stmt"/>
        <line num="1789" count="0" type="stmt"/>
        <line num="1791" count="0" type="stmt"/>
        <line num="1796" count="0" type="stmt"/>
        <line num="1809" count="0" type="stmt"/>
        <line num="1810" count="0" type="cond" truecount="0" falsecount="2"/>
        <line num="1811" count="0" type="stmt"/>
        <line num="1814" count="0" type="stmt"/>
        <line num="1836" count="0" type="stmt"/>
        <line num="1837" count="0" type="stmt"/>
        <line num="1842" count="0" type="stmt"/>
        <line num="1843" count="0" type="stmt"/>
        <line num="1845" count="0" type="stmt"/>
        <line num="1896" count="0" type="stmt"/>
        <line num="1915" count="0" type="stmt"/>
        <line num="1916" count="0" type="stmt"/>
        <line num="1918" count="0" type="cond" truecount="0" falsecount="2"/>
        <line num="1919" count="0" type="stmt"/>
        <line num="1920" count="0" type="stmt"/>
        <line num="1922" count="0" type="cond" truecount="0" falsecount="2"/>
        <line num="1923" count="0" type="stmt"/>
        <line num="1924" count="0" type="stmt"/>
        <line num="1926" count="0" type="cond" truecount="0" falsecount="2"/>
        <line num="1927" count="0" type="stmt"/>
        <line num="1928" count="0" type="stmt"/>
        <line num="1930" count="0" type="cond" truecount="0" falsecount="2"/>
        <line num="1931" count="0" type="stmt"/>
        <line num="1932" count="0" type="stmt"/>
        <line num="1934" count="0" type="cond" truecount="0" falsecount="2"/>
        <line num="1935" count="0" type="stmt"/>
        <line num="1936" count="0" type="stmt"/>
        <line num="1939" count="0" type="cond" truecount="0" falsecount="2"/>
        <line num="1940" count="0" type="stmt"/>
        <line num="1950" count="0" type="stmt"/>
        <line num="1960" count="0" type="stmt"/>
        <line num="1961" count="0" type="cond" truecount="0" falsecount="2"/>
        <line num="1987" count="0" type="stmt"/>
        <line num="1998" count="0" type="stmt"/>
        <line num="2016" count="0" type="cond" truecount="0" falsecount="2"/>
        <line num="2017" count="0" type="stmt"/>
        <line num="2020" count="0" type="stmt"/>
        <line num="2042" count="0" type="stmt"/>
        <line num="2061" count="0" type="cond" truecount="0" falsecount="2"/>
        <line num="2062" count="0" type="stmt"/>
        <line num="2065" count="0" type="stmt"/>
        <line num="2066" count="0" type="stmt"/>
        <line num="2068" count="0" type="cond" truecount="0" falsecount="2"/>
        <line num="2069" count="0" type="stmt"/>
        <line num="2070" count="0" type="stmt"/>
        <line num="2072" count="0" type="cond" truecount="0" falsecount="2"/>
        <line num="2073" count="0" type="stmt"/>
        <line num="2074" count="0" type="stmt"/>
        <line num="2076" count="0" type="cond" truecount="0" falsecount="2"/>
        <line num="2077" count="0" type="stmt"/>
        <line num="2078" count="0" type="stmt"/>
        <line num="2080" count="0" type="cond" truecount="0" falsecount="2"/>
        <line num="2081" count="0" type="stmt"/>
        <line num="2082" count="0" type="stmt"/>
        <line num="2084" count="0" type="cond" truecount="0" falsecount="2"/>
        <line num="2085" count="0" type="stmt"/>
        <line num="2086" count="0" type="stmt"/>
        <line num="2088" count="0" type="cond" truecount="0" falsecount="2"/>
        <line num="2089" count="0" type="stmt"/>
        <line num="2090" count="0" type="stmt"/>
        <line num="2092" count="0" type="cond" truecount="0" falsecount="2"/>
        <line num="2093" count="0" type="stmt"/>
        <line num="2094" count="0" type="stmt"/>
        <line num="2096" count="0" type="cond" truecount="0" falsecount="2"/>
        <line num="2097" count="0" type="stmt"/>
        <line num="2098" count="0" type="stmt"/>
        <line num="2100" count="0" type="cond" truecount="0" falsecount="2"/>
        <line num="2101" count="0" type="stmt"/>
        <line num="2102" count="0" type="stmt"/>
        <line num="2104" count="0" type="cond" truecount="0" falsecount="2"/>
        <line num="2105" count="0" type="stmt"/>
        <line num="2106" count="0" type="stmt"/>
        <line num="2109" count="0" type="cond" truecount="0" falsecount="2"/>
        <line num="2110" count="0" type="stmt"/>
        <line num="2113" count="0" type="stmt"/>
        <line num="2122" count="0" type="cond" truecount="0" falsecount="2"/>
        <line num="2123" count="0" type="stmt"/>
        <line num="2126" count="0" type="stmt"/>
        <line num="2130" count="0" type="cond" truecount="0" falsecount="2"/>
        <line num="2131" count="0" type="stmt"/>
        <line num="2134" count="0" type="stmt"/>
        <line num="2143" count="0" type="cond" truecount="0" falsecount="2"/>
        <line num="2144" count="0" type="stmt"/>
        <line num="2147" count="0" type="stmt"/>
        <line num="2151" count="0" type="stmt"/>
        <line num="2153" count="0" type="cond" truecount="0" falsecount="2"/>
        <line num="2154" count="0" type="stmt"/>
        <line num="2157" count="0" type="stmt"/>
        <line num="2166" count="0" type="cond" truecount="0" falsecount="4"/>
        <line num="2167" count="0" type="stmt"/>
        <line num="2175" count="0" type="stmt"/>
        <line num="2178" count="0" type="stmt"/>
        <line num="2186" count="0" type="stmt"/>
        <line num="2190" count="0" type="stmt"/>
        <line num="2200" count="0" type="stmt"/>
        <line num="2213" count="0" type="stmt"/>
        <line num="2222" count="0" type="cond" truecount="0" falsecount="2"/>
        <line num="2223" count="0" type="stmt"/>
        <line num="2226" count="0" type="stmt"/>
        <line num="2236" count="0" type="stmt"/>
        <line num="2237" count="0" type="cond" truecount="0" falsecount="2"/>
        <line num="2252" count="0" type="stmt"/>
        <line num="2266" count="0" type="cond" truecount="0" falsecount="2"/>
        <line num="2267" count="0" type="stmt"/>
        <line num="2270" count="0" type="cond" truecount="0" falsecount="2"/>
        <line num="2271" count="0" type="stmt"/>
        <line num="2274" count="0" type="stmt"/>
        <line num="2283" count="0" type="stmt"/>
        <line num="2285" count="0" type="cond" truecount="0" falsecount="2"/>
        <line num="2286" count="0" type="stmt"/>
        <line num="2289" count="0" type="stmt"/>
        <line num="2297" count="0" type="cond" truecount="0" falsecount="2"/>
        <line num="2298" count="0" type="stmt"/>
        <line num="2301" count="0" type="stmt"/>
        <line num="2302" count="0" type="stmt"/>
        <line num="2309" count="0" type="stmt"/>
        <line num="2312" count="0" type="stmt"/>
        <line num="2320" count="0" type="stmt"/>
        <line num="2328" count="0" type="stmt"/>
        <line num="2335" count="0" type="stmt"/>
        <line num="2336" count="0" type="stmt"/>
        <line num="2346" count="0" type="cond" truecount="0" falsecount="2"/>
        <line num="2347" count="0" type="stmt"/>
        <line num="2350" count="0" type="stmt"/>
        <line num="2360" count="0" type="cond" truecount="0" falsecount="2"/>
        <line num="2361" count="0" type="stmt"/>
        <line num="2370" count="0" type="stmt"/>
        <line num="2374" count="0" type="stmt"/>
        <line num="2376" count="0" type="stmt"/>
        <line num="2397" count="0" type="stmt"/>
        <line num="2400" count="0" type="stmt"/>
        <line num="2412" count="0" type="stmt"/>
        <line num="2422" count="0" type="stmt"/>
        <line num="2435" count="0" type="stmt"/>
        <line num="2448" count="0" type="stmt"/>
        <line num="2449" count="0" type="cond" truecount="0" falsecount="2"/>
        <line num="2450" count="0" type="stmt"/>
        <line num="2453" count="0" type="stmt"/>
        <line num="2463" count="0" type="cond" truecount="0" falsecount="2"/>
        <line num="2464" count="0" type="stmt"/>
        <line num="2467" count="0" type="stmt"/>
        <line num="2469" count="0" type="stmt"/>
        <line num="2470" count="0" type="stmt"/>
        <line num="2472" count="0" type="stmt"/>
        <line num="2489" count="0" type="stmt"/>
        <line num="2491" count="0" type="cond" truecount="0" falsecount="2"/>
        <line num="2492" count="0" type="stmt"/>
        <line num="2501" count="0" type="stmt"/>
        <line num="2515" count="0" type="stmt"/>
        <line num="2517" count="0" type="stmt"/>
        <line num="2528" count="0" type="stmt"/>
        <line num="2529" count="0" type="stmt"/>
        <line num="2531" count="0" type="stmt"/>
        <line num="2547" count="0" type="stmt"/>
        <line num="2612" count="0" type="stmt"/>
        <line num="2613" count="0" type="stmt"/>
        <line num="2614" count="0" type="stmt"/>
        <line num="2615" count="0" type="stmt"/>
        <line num="2616" count="0" type="stmt"/>
        <line num="2617" count="0" type="stmt"/>
        <line num="2618" count="0" type="stmt"/>
        <line num="2619" count="0" type="stmt"/>
        <line num="2620" count="0" type="stmt"/>
        <line num="2621" count="0" type="stmt"/>
        <line num="2623" count="0" type="stmt"/>
        <line num="2626" count="0" type="stmt"/>
        <line num="2633" count="0" type="stmt"/>
        <line num="2659" count="0" type="stmt"/>
        <line num="2681" count="0" type="stmt"/>
        <line num="2685" count="0" type="stmt"/>
        <line num="2709" count="0" type="cond" truecount="0" falsecount="2"/>
        <line num="2720" count="0" type="cond" truecount="0" falsecount="2"/>
        <line num="2721" count="0" type="stmt"/>
        <line num="2724" count="0" type="stmt"/>
        <line num="2739" count="0" type="stmt"/>
        <line num="2753" count="0" type="stmt"/>
        <line num="2754" count="0" type="stmt"/>
        <line num="2756" count="0" type="cond" truecount="0" falsecount="2"/>
        <line num="2757" count="0" type="cond" truecount="0" falsecount="2"/>
        <line num="2758" count="0" type="stmt"/>
        <line num="2760" count="0" type="stmt"/>
        <line num="2761" count="0" type="stmt"/>
        <line num="2763" count="0" type="cond" truecount="0" falsecount="2"/>
        <line num="2764" count="0" type="stmt"/>
        <line num="2765" count="0" type="cond" truecount="0" falsecount="2"/>
        <line num="2767" count="0" type="cond" truecount="0" falsecount="2"/>
        <line num="2768" count="0" type="stmt"/>
        <line num="2769" count="0" type="stmt"/>
        <line num="2771" count="0" type="cond" truecount="0" falsecount="2"/>
        <line num="2772" count="0" type="cond" truecount="0" falsecount="2"/>
        <line num="2773" count="0" type="stmt"/>
        <line num="2775" count="0" type="stmt"/>
        <line num="2776" count="0" type="cond" truecount="0" falsecount="4"/>
        <line num="2778" count="0" type="cond" truecount="0" falsecount="2"/>
        <line num="2779" count="0" type="stmt"/>
        <line num="2780" count="0" type="stmt"/>
        <line num="2782" count="0" type="cond" truecount="0" falsecount="2"/>
        <line num="2783" count="0" type="stmt"/>
        <line num="2784" count="0" type="stmt"/>
        <line num="2787" count="0" type="cond" truecount="0" falsecount="2"/>
        <line num="2788" count="0" type="stmt"/>
        <line num="2791" count="0" type="stmt"/>
        <line num="2796" count="0" type="cond" truecount="0" falsecount="2"/>
        <line num="2805" count="0" type="stmt"/>
        <line num="2809" count="0" type="stmt"/>
        <line num="2817" count="0" type="stmt"/>
        <line num="2821" count="0" type="stmt"/>
        <line num="2831" count="0" type="cond" truecount="0" falsecount="2"/>
        <line num="2840" count="0" type="cond" truecount="0" falsecount="2"/>
        <line num="2841" count="0" type="stmt"/>
        <line num="2844" count="0" type="stmt"/>
        <line num="2857" count="0" type="stmt"/>
        <line num="2869" count="0" type="stmt"/>
        <line num="2870" count="0" type="stmt"/>
        <line num="2872" count="0" type="cond" truecount="0" falsecount="2"/>
        <line num="2873" count="0" type="cond" truecount="0" falsecount="2"/>
        <line num="2874" count="0" type="stmt"/>
        <line num="2876" count="0" type="stmt"/>
        <line num="2877" count="0" type="stmt"/>
        <line num="2879" count="0" type="cond" truecount="0" falsecount="2"/>
        <line num="2880" count="0" type="stmt"/>
        <line num="2881" count="0" type="cond" truecount="0" falsecount="2"/>
        <line num="2883" count="0" type="cond" truecount="0" falsecount="2"/>
        <line num="2884" count="0" type="stmt"/>
        <line num="2885" count="0" type="stmt"/>
        <line num="2887" count="0" type="cond" truecount="0" falsecount="2"/>
        <line num="2888" count="0" type="stmt"/>
        <line num="2889" count="0" type="stmt"/>
        <line num="2892" count="0" type="cond" truecount="0" falsecount="2"/>
        <line num="2893" count="0" type="stmt"/>
        <line num="2896" count="0" type="stmt"/>
        <line num="2901" count="0" type="cond" truecount="0" falsecount="2"/>
        <line num="2908" count="0" type="stmt"/>
        <line num="2912" count="0" type="stmt"/>
        <line num="2935" count="0" type="stmt"/>
        <line num="2939" count="0" type="stmt"/>
        <line num="2963" count="0" type="cond" truecount="0" falsecount="2"/>
        <line num="2980" count="0" type="stmt"/>
        <line num="2981" count="0" type="stmt"/>
        <line num="2985" count="0" type="stmt"/>
        <line num="2986" count="0" type="stmt"/>
        <line num="2988" count="0" type="stmt"/>
        <line num="3012" count="0" type="stmt"/>
        <line num="3033" count="0" type="stmt"/>
        <line num="3035" count="0" type="stmt"/>
        <line num="3036" count="0" type="stmt"/>
        <line num="3038" count="0" type="stmt"/>
        <line num="3039" count="0" type="stmt"/>
        <line num="3040" count="0" type="stmt"/>
        <line num="3043" count="0" type="cond" truecount="0" falsecount="2"/>
        <line num="3044" count="0" type="cond" truecount="0" falsecount="2"/>
        <line num="3045" count="0" type="cond" truecount="0" falsecount="2"/>
        <line num="3046" count="0" type="cond" truecount="0" falsecount="2"/>
        <line num="3047" count="0" type="cond" truecount="0" falsecount="2"/>
        <line num="3048" count="0" type="cond" truecount="0" falsecount="2"/>
        <line num="3049" count="0" type="cond" truecount="0" falsecount="2"/>
        <line num="3050" count="0" type="cond" truecount="0" falsecount="2"/>
        <line num="3051" count="0" type="cond" truecount="0" falsecount="2"/>
        <line num="3053" count="0" type="cond" truecount="0" falsecount="2"/>
        <line num="3057" count="0" type="cond" truecount="0" falsecount="2"/>
        <line num="3060" count="0" type="cond" truecount="0" falsecount="2"/>
        <line num="3061" count="0" type="cond" truecount="0" falsecount="2"/>
        <line num="3062" count="0" type="cond" truecount="0" falsecount="4"/>
        <line num="3063" count="0" type="stmt"/>
        <line num="3065" count="0" type="cond" truecount="0" falsecount="2"/>
        <line num="3066" count="0" type="cond" truecount="0" falsecount="2"/>
        <line num="3068" count="0" type="cond" truecount="0" falsecount="2"/>
        <line num="3069" count="0" type="stmt"/>
        <line num="3072" count="0" type="stmt"/>
        <line num="3077" count="0" type="cond" truecount="0" falsecount="2"/>
        <line num="3083" count="0" type="stmt"/>
        <line num="3087" count="0" type="stmt"/>
        <line num="3107" count="0" type="stmt"/>
        <line num="3128" count="0" type="cond" truecount="0" falsecount="2"/>
        <line num="3129" count="0" type="stmt"/>
        <line num="3132" count="0" type="cond" truecount="0" falsecount="2"/>
        <line num="3133" count="0" type="stmt"/>
        <line num="3137" count="0" type="cond" truecount="0" falsecount="4"/>
        <line num="3141" count="0" type="stmt"/>
        <line num="3145" count="0" type="cond" truecount="0" falsecount="2"/>
        <line num="3146" count="0" type="stmt"/>
        <line num="3149" count="0" type="stmt"/>
        <line num="3157" count="0" type="stmt"/>
        <line num="3165" count="0" type="stmt"/>
        <line num="3172" count="0" type="stmt"/>
        <line num="3200" count="0" type="stmt"/>
        <line num="3204" count="0" type="stmt"/>
        <line num="3234" count="0" type="cond" truecount="0" falsecount="2"/>
        <line num="3242" count="0" type="stmt"/>
        <line num="3251" count="0" type="cond" truecount="0" falsecount="2"/>
        <line num="3252" count="0" type="stmt"/>
        <line num="3255" count="0" type="stmt"/>
        <line num="3257" count="0" type="cond" truecount="0" falsecount="2"/>
        <line num="3258" count="0" type="stmt"/>
        <line num="3261" count="0" type="stmt"/>
        <line num="3272" count="0" type="stmt"/>
        <line num="3274" count="0" type="stmt"/>
        <line num="3275" count="0" type="stmt"/>
        <line num="3277" count="0" type="cond" truecount="0" falsecount="2"/>
        <line num="3278" count="0" type="stmt"/>
        <line num="3288" count="0" type="cond" truecount="0" falsecount="2"/>
        <line num="3289" count="0" type="stmt"/>
        <line num="3299" count="0" type="cond" truecount="0" falsecount="2"/>
        <line num="3300" count="0" type="stmt"/>
        <line num="3310" count="0" type="stmt"/>
        <line num="3312" count="0" type="stmt"/>
        <line num="3313" count="0" type="stmt"/>
        <line num="3315" count="0" type="stmt"/>
        <line num="3318" count="0" type="stmt"/>
        <line num="3322" count="0" type="cond" truecount="0" falsecount="4"/>
        <line num="3323" count="0" type="stmt"/>
        <line num="3324" count="0" type="stmt"/>
        <line num="3327" count="0" type="cond" truecount="0" falsecount="2"/>
        <line num="3328" count="0" type="stmt"/>
        <line num="3330" count="0" type="stmt"/>
        <line num="3340" count="0" type="stmt"/>
        <line num="3342" count="0" type="stmt"/>
        <line num="3353" count="0" type="stmt"/>
        <line num="3361" count="0" type="stmt"/>
        <line num="3365" count="0" type="stmt"/>
        <line num="3369" count="0" type="stmt"/>
        <line num="3377" count="0" type="stmt"/>
        <line num="3384" count="0" type="stmt"/>
        <line num="3385" count="0" type="stmt"/>
        <line num="3386" count="0" type="stmt"/>
        <line num="3388" count="0" type="cond" truecount="0" falsecount="4"/>
        <line num="3389" count="0" type="stmt"/>
        <line num="3390" count="0" type="stmt"/>
        <line num="3393" count="0" type="cond" truecount="0" falsecount="2"/>
        <line num="3394" count="0" type="stmt"/>
        <line num="3396" count="0" type="stmt"/>
        <line num="3417" count="0" type="stmt"/>
        <line num="3419" count="0" type="stmt"/>
        <line num="3438" count="0" type="stmt"/>
        <line num="3441" count="0" type="cond" truecount="0" falsecount="2"/>
        <line num="3442" count="0" type="cond" truecount="0" falsecount="4"/>
        <line num="3447" count="0" type="stmt"/>
        <line num="3448" count="0" type="stmt"/>
        <line num="3454" count="0" type="stmt"/>
        <line num="3460" count="0" type="stmt"/>
        <line num="3461" count="0" type="stmt"/>
        <line num="3462" count="0" type="cond" truecount="0" falsecount="2"/>
        <line num="3463" count="0" type="stmt"/>
        <line num="3465" count="0" type="stmt"/>
        <line num="3478" count="0" type="stmt"/>
        <line num="3494" count="0" type="cond" truecount="0" falsecount="4"/>
        <line num="3495" count="0" type="stmt"/>
        <line num="3506" count="0" type="stmt"/>
        <line num="3510" count="0" type="stmt"/>
        <line num="3532" count="0" type="stmt"/>
        <line num="3534" count="0" type="cond" truecount="0" falsecount="2"/>
[...]
        <line num="50" count="0" type="stmt"/>
        <line num="54" count="0" type="stmt"/>
        <line num="58" count="0" type="stmt"/>
        <line num="62" count="0" type="stmt"/>
        <line num="66" count="0" type="cond" truecount="0" falsecount="4"/>
        <line num="67" count="0" type="stmt"/>
        <line num="71" count="0" type="stmt"/>
        <line num="75" count="0" type="stmt"/>
        <line num="79" count="0" type="stmt"/>
        <line num="84" count="0" type="stmt"/>
        <line num="92" count="0" type="stmt"/>
        <line num="97" count="0" type="stmt"/>
        <line num="105" count="0" type="stmt"/>
        <line num="109" count="0" type="stmt"/>
        <line num="113" count="0" type="cond" truecount="0" falsecount="4"/>
        <line num="114" count="0" type="stmt"/>
        <line num="118" count="0" type="stmt"/>
        <line num="122" count="0" type="stmt"/>
        <line num="129" count="0" type="cond" truecount="0" falsecount="4"/>
        <line num="130" count="0" type="stmt"/>
        <line num="134" count="0" type="stmt"/>
        <line num="138" count="0" type="stmt"/>
        <line num="142" count="0" type="cond" truecount="0" falsecount="4"/>
        <line num="143" count="0" type="stmt"/>
        <line num="147" count="0" type="stmt"/>
        <line num="151" count="0" type="stmt"/>
        <line num="158" count="0" type="stmt"/>
        <line num="162" count="0" type="stmt"/>
      </file>
      <file name="cart.controller.ts" path="C:\Users\hokha\Dropbox\PC\Downloads\LearningDocuments\DATTLT-A\BackEnd\src\customer\cart.controller.ts">
        <metrics statements="18" coveredstatements="0" conditionals="40" coveredconditionals="0" methods="7" coveredmethods="0"/>
        <line num="1" count="0" type="stmt"/>
        <line num="15" count="0" type="stmt"/>
        <line num="17" count="0" type="stmt"/>
        <line num="18" count="0" type="stmt"/>
        <line num="28" count="0" type="stmt"/>
        <line num="29" count="0" type="cond" truecount="0" falsecount="4"/>
        <line num="32" count="0" type="cond" truecount="0" falsecount="4"/>
        <line num="33" count="0" type="stmt"/>
        <line num="37" count="0" type="stmt"/>
        <line num="41" count="0" type="stmt"/>
        <line num="45" count="0" type="stmt"/>
        <line num="50" count="0" type="stmt"/>
        <line num="58" count="0" type="stmt"/>
        <line num="63" count="0" type="stmt"/>
        <line num="71" count="0" type="stmt"/>
        <line num="75" count="0" type="stmt"/>
        <line num="79" count="0" type="cond" truecount="0" falsecount="4"/>
        <line num="80" count="0" type="stmt"/>
      </file>
      <file name="checkout.controller.ts" path="C:\Users\hokha\Dropbox\PC\Downloads\LearningDocuments\DATTLT-A\BackEnd\src\customer\checkout.controller.ts">
        <metrics statements="12" coveredstatements="0" conditionals="28" coveredconditionals="0" methods="4" coveredmethods="0"/>
        <line num="1" count="0" type="stmt"/>
        <line num="3" count="0" type="stmt"/>
        <line num="5" count="0" type="stmt"/>
        <line num="6" count="0" type="stmt"/>
        <line num="16" count="0" type="stmt"/>
        <line num="17" count="0" type="cond" truecount="0" falsecount="4"/>
        <line num="20" count="0" type="stmt"/>
        <line num="24" count="0" type="stmt"/>
        <line num="28" count="0" type="stmt"/>
        <line num="32" count="0" type="stmt"/>
        <line num="36" count="0" type="stmt"/>
        <line num="40" count="0" type="stmt"/>
      </file>
      <file name="customer.module.ts" path="C:\Users\hokha\Dropbox\PC\Downloads\LearningDocuments\DATTLT-A\BackEnd\src\customer\customer.module.ts">
        <metrics statements="9" coveredstatements="0" conditionals="0" coveredconditionals="0" methods="0" coveredmethods="0"/>
        <line num="1" count="0" type="stmt"/>
        <line num="2" count="0" type="stmt"/>
        <line num="3" count="0" type="stmt"/>
        <line num="4" count="0" type="stmt"/>
        <line num="5" count="0" type="stmt"/>
        <line num="6" count="0" type="stmt"/>
        <line num="7" count="0" type="stmt"/>
        <line num="8" count="0" type="stmt"/>
        <line num="21" count="0" type="stmt"/>
      </file>
      <file name="customer.service.ts" path="C:\Users\hokha\Dropbox\PC\Downloads\LearningDocuments\DATTLT-A\BackEnd\src\customer\customer.service.ts">
        <metrics statements="130" coveredstatements="0" conditionals="70" coveredconditionals="0" methods="38" coveredmethods="0"/>
        <line num="1" count="0" type="stmt"/>
        <line num="6" count="0" type="stmt"/>
        <line num="7" count="0" type="stmt"/>
        <line num="8" count="0" type="stmt"/>
        <line num="27" count="0" type="stmt"/>
        <line num="29" count="0" type="cond" truecount="0" falsecount="8"/>
        <line num="30" count="0" type="cond" truecount="0" falsecount="4"/>
        <line num="31" count="0" type="stmt"/>
        <line num="35" count="0" type="stmt"/>
        <line num="42" count="0" type="cond" truecount="0" falsecount="2"/>
        <line num="43" count="0" type="stmt"/>
        <line num="46" count="0" type="stmt"/>
        <line num="57" count="0" type="cond" truecount="0" falsecount="2"/>
        <line num="58" count="0" type="stmt"/>
        <line num="61" count="0" type="stmt"/>
        <line num="63" count="0" type="cond" truecount="0" falsecount="2"/>
        <line num="64" count="0" type="stmt"/>
        <line num="67" count="0" type="stmt"/>
        <line num="78" count="0" type="stmt"/>
        <line num="80" count="0" type="cond" truecount="0" falsecount="2"/>
        <line num="81" count="0" type="stmt"/>
        <line num="84" count="0" type="stmt"/>
        <line num="91" count="0" type="stmt"/>
        <line num="93" count="0" type="cond" truecount="0" falsecount="2"/>
        <line num="94" count="0" type="stmt"/>
        <line num="97" count="0" type="stmt"/>
        <line num="103" count="0" type="stmt"/>
        <line num="110" count="0" type="stmt"/>
        <line num="117" count="0" type="stmt"/>
        <line num="124" count="0" type="stmt"/>
        <line num="126" count="0" type="cond" truecount="0" falsecount="2"/>
        <line num="127" count="0" type="stmt"/>
        <line num="128" count="0" type="stmt"/>
        <line num="132" count="0" type="stmt"/>
        <line num="136" count="0" type="stmt"/>
        <line num="138" count="0" type="stmt"/>
        <line num="142" count="0" type="stmt"/>
        <line num="149" count="0" type="stmt"/>
        <line num="151" count="0" type="cond" truecount="0" falsecount="2"/>
        <line num="152" count="0" type="stmt"/>
        <line num="157" count="0" type="stmt"/>
        <line num="163" count="0" type="stmt"/>
        <line num="168" count="0" type="stmt"/>
        <line num="180" count="0" type="stmt"/>
        <line num="181" count="0" type="stmt"/>
        <line num="182" count="0" type="stmt"/>
        <line num="188" count="0" type="stmt"/>
        <line num="190" count="0" type="cond" truecount="0" falsecount="2"/>
        <line num="191" count="0" type="stmt"/>
        <line num="194" count="0" type="stmt"/>
        <line num="201" count="0" type="stmt"/>
        <line num="205" count="0" type="stmt"/>
        <line num="207" count="0" type="cond" truecount="0" falsecount="2"/>
        <line num="208" count="0" type="stmt"/>
        <line num="211" count="0" type="stmt"/>
        <line num="215" count="0" type="stmt"/>
        <line num="217" count="0" type="cond" truecount="0" falsecount="2"/>
        <line num="218" count="0" type="stmt"/>
        <line num="221" count="0" type="stmt"/>
        <line num="225" count="0" type="cond" truecount="0" falsecount="2"/>
        <line num="226" count="0" type="cond" truecount="0" falsecount="2"/>
        <line num="228" count="0" type="stmt"/>
        <line num="235" count="0" type="stmt"/>
        <line num="237" count="0" type="cond" truecount="0" falsecount="2"/>
        <line num="238" count="0" type="stmt"/>
        <line num="241" count="0" type="stmt"/>
        <line num="248" count="0" type="stmt"/>
        <line num="250" count="0" type="cond" truecount="0" falsecount="2"/>
        <line num="251" count="0" type="stmt"/>
        <line num="254" count="0" type="stmt"/>
        <line num="261" count="0" type="stmt"/>
        <line num="263" count="0" type="cond" truecount="0" falsecount="2"/>
        <line num="264" count="0" type="stmt"/>
        <line num="267" count="0" type="stmt"/>
        <line num="274" count="0" type="stmt"/>
        <line num="276" count="0" type="cond" truecount="0" falsecount="2"/>
        <line num="277" count="0" type="stmt"/>
        <line num="280" count="0" type="stmt"/>
        <line num="287" count="0" type="stmt"/>
        <line num="289" count="0" type="cond" truecount="0" falsecount="2"/>
        <line num="290" count="0" type="stmt"/>
        <line num="293" count="0" type="stmt"/>
        <line num="311" count="0" type="stmt"/>
        <line num="313" count="0" type="cond" truecount="0" falsecount="2"/>
        <line num="314" count="0" type="stmt"/>
        <line num="317" count="0" type="stmt"/>
        <line num="324" count="0" type="cond" truecount="0" falsecount="2"/>
        <line num="325" count="0" type="stmt"/>
        <line num="328" count="0" type="cond" truecount="0" falsecount="2"/>
        <line num="329" count="0" type="stmt"/>
        <line num="332" count="0" type="stmt"/>
        <line num="334" count="0" type="cond" truecount="0" falsecount="2"/>
        <line num="335" count="0" type="stmt"/>
        <line num="338" count="0" type="cond" truecount="0" falsecount="2"/>
        <line num="341" count="0" type="stmt"/>
        <line num="344" count="0" type="stmt"/>
        <line num="348" count="0" type="stmt"/>
        <line num="354" count="0" type="stmt"/>
        <line num="361" count="0" type="stmt"/>
        <line num="372" count="0" type="stmt"/>
        <line num="374" count="0" type="cond" truecount="0" falsecount="2"/>
        <line num="375" count="0" type="stmt"/>
        <line num="378" count="0" type="stmt"/>
        <line num="389" count="0" type="stmt"/>
        <line num="395" count="0" type="cond" truecount="0" falsecount="2"/>
        <line num="396" count="0" type="stmt"/>
        <line num="399" count="0" type="stmt"/>
        <line num="406" count="0" type="stmt"/>
        <line num="408" count="0" type="cond" truecount="0" falsecount="2"/>
        <line num="409" count="0" type="stmt"/>
        <line num="412" count="0" type="stmt"/>
        <line num="418" count="0" type="stmt"/>
        <line num="425" count="0" type="stmt"/>
        <line num="430" count="0" type="cond" truecount="0" falsecount="2"/>
        <line num="431" count="0" type="stmt"/>
        <line num="434" count="0" type="stmt"/>
        <line num="441" count="0" type="stmt"/>
        <line num="443" count="0" type="stmt"/>
        <line num="449" count="0" type="stmt"/>
        <line num="454" count="0" type="stmt"/>
        <line num="461" count="0" type="stmt"/>
        <line num="468" count="0" type="stmt"/>
        <line num="475" count="0" type="stmt"/>
        <line num="477" count="0" type="cond" truecount="0" falsecount="2"/>
        <line num="478" count="0" type="stmt"/>
        <line num="481" count="0" type="stmt"/>
        <line num="487" count="0" type="cond" truecount="0" falsecount="4"/>
        <line num="488" count="0" type="stmt"/>
        <line num="491" count="0" type="stmt"/>
        <line num="498" count="0" type="stmt"/>
      </file>
      <file name="orders.controller.ts" path="C:\Users\hokha\Dropbox\PC\Downloads\LearningDocuments\DATTLT-A\BackEnd\src\customer\orders.controller.ts">
        <metrics statements="43" coveredstatements="0" conditionals="38" coveredconditionals="0" methods="15" coveredmethods="0"/>
        <line num="1" count="0" type="stmt"/>
        <line num="14" count="0" type="stmt"/>
        <line num="16" count="0" type="stmt"/>
        <line num="17" count="0" type="stmt"/>
        <line num="22" count="0" type="stmt"/>
        <line num="23" count="0" type="cond" truecount="0" falsecount="4"/>
        <line num="27" count="0" type="stmt"/>
        <line num="32" count="0" type="stmt"/>
        <line num="37" count="0" type="stmt"/>
        <line num="42" count="0" type="stmt"/>
        <line num="51" count="0" type="stmt"/>
        <line num="55" count="0" type="stmt"/>
        <line num="60" count="0" type="stmt"/>
        <line num="64" count="0" type="stmt"/>
        <line num="69" count="0" type="stmt"/>
        <line num="73" count="0" type="stmt"/>
        <line num="77" count="0" type="stmt"/>
        <line num="81" count="0" type="stmt"/>
        <line num="85" count="0" type="stmt"/>
        <line num="86" count="0" type="stmt"/>
        <line num="90" count="0" type="stmt"/>
        <line num="94" count="0" type="stmt"/>
        <line num="98" count="0" type="stmt"/>
        <line num="102" count="0" type="stmt"/>
        <line num="103" count="0" type="cond" truecount="0" falsecount="2"/>
        <line num="104" count="0" type="stmt"/>
        <line num="109" count="0" type="stmt"/>
        <line num="114" count="0" type="cond" truecount="0" falsecount="2"/>
        <line num="115" count="0" type="stmt"/>
        <line num="123" count="0" type="stmt"/>
        <line num="134" count="0" type="stmt"/>
        <line num="139" count="0" type="stmt"/>
        <line num="143" count="0" type="stmt"/>
        <line num="147" count="0" type="stmt"/>
        <line num="152" count="0" type="stmt"/>
        <line num="157" count="0" type="stmt"/>
        <line num="166" count="0" type="stmt"/>
        <line num="171" count="0" type="stmt"/>
        <line num="176" count="0" type="stmt"/>
        <line num="185" count="0" type="stmt"/>
        <line num="206" count="0" type="stmt"/>
        <line num="207" count="0" type="cond" truecount="0" falsecount="2"/>
        <line num="211" count="0" type="stmt"/>
      </file>
      <file name="paypal.service.ts" path="C:\Users\hokha\Dropbox\PC\Downloads\LearningDocuments\DATTLT-A\BackEnd\src\customer\paypal.service.ts">
        <metrics statements="42" coveredstatements="0" conditionals="12" coveredconditionals="0" methods="4" coveredmethods="0"/>
        <line num="1" count="0" type="stmt"/>
        <line num="4" count="0" type="stmt"/>
        <line num="5" count="0" type="stmt"/>
        <line num="6" count="0" type="stmt"/>
        <line num="7" count="0" type="stmt"/>
        <line num="8" count="0" type="cond" truecount="0" falsecount="2"/>
        <line num="11" count="0" type="stmt"/>
        <line num="12" count="0" type="stmt"/>
        <line num="13" count="0" type="stmt"/>
        <line num="22" count="0" type="cond" truecount="0" falsecount="2"/>
        <line num="23" count="0" type="stmt"/>
        <line num="24" count="0" type="stmt"/>
        <line num="25" count="0" type="stmt"/>
        <line num="28" count="0" type="stmt"/>
        <line num="29" count="0" type="stmt"/>
        <line num="31" count="0" type="stmt"/>
        <line num="32" count="0" type="stmt"/>
        <line num="40" count="0" type="stmt"/>
        <line num="41" count="0" type="stmt"/>
        <line num="42" count="0" type="stmt"/>
        <line num="44" count="0" type="stmt"/>
        <line num="45" count="0" type="stmt"/>
        <line num="71" count="0" type="cond" truecount="0" falsecount="2"/>
        <line num="72" count="0" type="stmt"/>
        <line num="73" count="0" type="stmt"/>
        <line num="74" count="0" type="stmt"/>
        <line num="77" count="0" type="stmt"/>
        <line num="78" count="0" type="stmt"/>
        <line num="80" count="0" type="stmt"/>
        <line num="85" count="0" type="stmt"/>
        <line num="86" count="0" type="stmt"/>
        <line num="94" count="0" type="stmt"/>
        <line num="95" count="0" type="stmt"/>
        <line num="96" count="0" type="stmt"/>
        <line num="104" count="0" type="cond" truecount="0" falsecount="2"/>
        <line num="105" count="0" type="stmt"/>
        <line num="106" count="0" type="stmt"/>
        <line num="107" count="0" type="stmt"/>
        <line num="110" count="0" type="stmt"/>
        <line num="111" count="0" type="stmt"/>
        <line num="116" count="0" type="stmt"/>
        <line num="117" count="0" type="stmt"/>
      </file>
    </package>
    <package name="src.customer.dto">
      <metrics statements="15" coveredstatements="0" conditionals="0" coveredconditionals="0" methods="0" coveredmethods="0"/>
      <file name="customer.dto.ts" path="C:\Users\hokha\Dropbox\PC\Downloads\LearningDocuments\DATTLT-A\BackEnd\src\customer\dto\customer.dto.ts">
        <metrics statements="15" coveredstatements="0" conditionals="0" coveredconditionals="0" methods="0" coveredmethods="0"/>
        <line num="1" count="0" type="stmt"/>
        <line num="7" count="0" type="stmt"/>
        <line num="11" count="0" type="stmt"/>
        <line num="15" count="0" type="stmt"/>
        <line num="19" count="0" type="stmt"/>
        <line num="23" count="0" type="stmt"/>
        <line num="30" count="0" type="stmt"/>
        <line num="34" count="0" type="stmt"/>
        <line num="42" count="0" type="stmt"/>
        <line num="48" count="0" type="stmt"/>
        <line num="61" count="0" type="stmt"/>
        <line num="74" count="0" type="stmt"/>
        <line num="78" count="0" type="stmt"/>
        <line num="86" count="0" type="stmt"/>
        <line num="90" count="0" type="stmt"/>
      </file>
    </package>
    <package name="src.product">
      <metrics statements="24" coveredstatements="0" conditionals="22" coveredconditionals="0" methods="6" coveredmethods="0"/>
      <file name="product.controller.ts" path="C:\Users\hokha\Dropbox\PC\Downloads\LearningDocuments\DATTLT-A\BackEnd\src\product\product.controller.ts">
        <metrics statements="8" coveredstatements="0" conditionals="4" coveredconditionals="0" methods="3" coveredmethods="0"/>
        <line num="1" count="0" type="stmt"/>
        <line num="2" count="0" type="stmt"/>
        <line num="5" count="0" type="stmt"/>
        <line num="6" count="0" type="cond" truecount="0" falsecount="4"/>
        <line num="9" count="0" type="stmt"/>
        <line num="22" count="0" type="stmt"/>
        <line num="26" count="0" type="stmt"/>
        <line num="27" count="0" type="stmt"/>
      </file>
      <file name="product.module.ts" path="C:\Users\hokha\Dropbox\PC\Downloads\LearningDocuments\DATTLT-A\BackEnd\src\product\product.module.ts">
        <metrics statements="5" coveredstatements="0" conditionals="0" coveredconditionals="0" methods="0" coveredmethods="0"/>
        <line num="1" count="0" type="stmt"/>
        <line num="2" count="0" type="stmt"/>
        <line num="3" count="0" type="stmt"/>
        <line num="4" count="0" type="stmt"/>
        <line num="11" count="0" type="stmt"/>
      </file>
      <file name="product.service.ts" path="C:\Users\hokha\Dropbox\PC\Downloads\LearningDocuments\DATTLT-A\BackEnd\src\product\product.service.ts">
        <metrics statements="11" coveredstatements="0" conditionals="18" coveredconditionals="0" methods="3" coveredmethods="0"/>
        <line num="1" count="0" type="stmt"/>
        <line num="2" count="0" type="stmt"/>
        <line num="5" count="0" type="stmt"/>
        <line num="6" count="0" type="cond" truecount="0" falsecount="4"/>
        <line num="9" count="0" type="stmt"/>
        <line num="11" count="0" type="cond" truecount="0" falsecount="2"/>
        <line num="12" count="0" type="stmt"/>
        <line num="15" count="0" type="stmt"/>
        <line num="31" count="0" type="stmt"/>
        <line num="42" count="0" type="stmt"/>
        <line num="44" count="0" type="stmt"/>
      </file>
    </package>
  </project>
</coverage>
