{"C:\\Users\\hokha\\Dropbox\\PC\\Downloads\\LearningDocuments\\DATTLT-A\\BackEnd\\src\\app.controller.ts": {"path":"C:\\Users\\hokha\\Dropbox\\PC\\Downloads\\LearningDocuments\\DATTLT-A\\BackEnd\\src\\app.controller.ts","statementMap":{"0":{"start":{"line":1,"column":0},"end":{"line":1,"column":49}},"1":{"start":{"line":4,"column":7},"end":{"line":40,"column":null}},"2":{"start":{"line":7,"column":4},"end":{"line":38,"column":6}},"3":{"start":{"line":4,"column":13},"end":{"line":4,"column":26}},"4":{"start":{"line":6,"column":2},"end":{"line":39,"column":null}},"5":{"start":{"line":4,"column":13},"end":{"line":40,"column":null}}},"fnMap":{"0":{"name":"(anonymous_2)","decl":{"start":{"line":6,"column":2},"end":{"line":6,"column":9}},"loc":{"start":{"line":6,"column":9},"end":{"line":39,"column":3}}}},"branchMap":{},"s":{"0":1,"1":1,"2":1,"3":1,"4":1,"5":1},"f":{"0":1},"b":{}}
,"C:\\Users\\hokha\\Dropbox\\PC\\Downloads\\LearningDocuments\\DATTLT-A\\BackEnd\\src\\app.module.ts": {"path":"C:\\Users\\hokha\\Dropbox\\PC\\Downloads\\LearningDocuments\\DATTLT-A\\BackEnd\\src\\app.module.ts","statementMap":{"0":{"start":{"line":1,"column":0},"end":{"line":1,"column":40}},"1":{"start":{"line":2,"column":0},"end":{"line":2,"column":47}},"2":{"start":{"line":3,"column":0},"end":{"line":3,"column":51}},"3":{"start":{"line":4,"column":0},"end":{"line":4,"column":49}},"4":{"start":{"line":5,"column":0},"end":{"line":5,"column":48}},"5":{"start":{"line":6,"column":0},"end":{"line":6,"column":90}},"6":{"start":{"line":7,"column":0},"end":{"line":7,"column":57}},"7":{"start":{"line":8,"column":0},"end":{"line":8,"column":60}},"8":{"start":{"line":9,"column":0},"end":{"line":9,"column":57}},"9":{"start":{"line":10,"column":0},"end":{"line":10,"column":48}},"10":{"start":{"line":22,"column":7},"end":{"line":22,"column":null}},"11":{"start":{"line":22,"column":13},"end":{"line":22,"column":22}},"12":{"start":{"line":22,"column":13},"end":{"line":22,"column":null}}},"fnMap":{},"branchMap":{},"s":{"0":0,"1":0,"2":0,"3":0,"4":0,"5":0,"6":0,"7":0,"8":0,"9":0,"10":0,"11":0,"12":0},"f":{},"b":{}}
,"C:\\Users\\hokha\\Dropbox\\PC\\Downloads\\LearningDocuments\\DATTLT-A\\BackEnd\\src\\main.ts": {"path":"C:\\Users\\hokha\\Dropbox\\PC\\Downloads\\LearningDocuments\\DATTLT-A\\BackEnd\\src\\main.ts","statementMap":{"0":{"start":{"line":1,"column":0},"end":{"line":1,"column":23}},"1":{"start":{"line":2,"column":0},"end":{"line":2,"column":43}},"2":{"start":{"line":4,"column":0},"end":{"line":4,"column":28}},"3":{"start":{"line":5,"column":0},"end":{"line":5,"column":41}},"4":{"start":{"line":6,"column":0},"end":{"line":6,"column":78}},"5":{"start":{"line":9,"column":14},"end":{"line":9,"column":73}},"6":{"start":{"line":12,"column":2},"end":{"line":12,"column":55}},"7":{"start":{"line":14,"column":15},"end":{"line":14,"column":47}},"8":{"start":{"line":15,"column":19},"end":{"line":15,"column":48}},"9":{"start":{"line":17,"column":2},"end":{"line":17,"column":35}},"10":{"start":{"line":19,"column":2},"end":{"line":19,"column":25}},"11":{"start":{"line":21,"column":18},"end":{"line":21,"column":36}},"12":{"start":{"line":22,"column":2},"end":{"line":22,"column":63}},"13":{"start":{"line":23,"column":2},"end":{"line":23,"column":49}},"14":{"start":{"line":25,"column":0},"end":{"line":25,"column":12}}},"fnMap":{"0":{"name":"bootstrap","decl":{"start":{"line":8,"column":15},"end":{"line":8,"column":24}},"loc":{"start":{"line":8,"column":24},"end":{"line":24,"column":1}}}},"branchMap":{"0":{"loc":{"start":{"line":14,"column":22},"end":{"line":14,"column":46}},"type":"binary-expr","locations":[{"start":{"line":14,"column":22},"end":{"line":14,"column":38}},{"start":{"line":14,"column":42},"end":{"line":14,"column":46}}]}},"s":{"0":0,"1":0,"2":0,"3":0,"4":0,"5":0,"6":0,"7":0,"8":0,"9":0,"10":0,"11":0,"12":0,"13":0,"14":0},"f":{"0":0},"b":{"0":[0,0]}}
,"C:\\Users\\hokha\\Dropbox\\PC\\Downloads\\LearningDocuments\\DATTLT-A\\BackEnd\\src\\admin\\admin.controller.ts": {"path":"C:\\Users\\hokha\\Dropbox\\PC\\Downloads\\LearningDocuments\\DATTLT-A\\BackEnd\\src\\admin\\admin.controller.ts","statementMap":{"0":{"start":{"line":1,"column":0},"end":{"line":1,"column":null}},"1":{"start":{"line":18,"column":0},"end":{"line":18,"column":59}},"2":{"start":{"line":19,"column":0},"end":{"line":19,"column":37}},"3":{"start":{"line":20,"column":0},"end":{"line":20,"column":31}},"4":{"start":{"line":22,"column":0},"end":{"line":22,"column":59}},"5":{"start":{"line":23,"column":0},"end":{"line":23,"column":71}},"6":{"start":{"line":24,"column":0},"end":{"line":24,"column":61}},"7":{"start":{"line":25,"column":0},"end":{"line":25,"column":56}},"8":{"start":{"line":26,"column":0},"end":{"line":26,"column":68}},"9":{"start":{"line":28,"column":0},"end":{"line":28,"column":47}},"10":{"start":{"line":29,"column":0},"end":{"line":29,"column":null}},"11":{"start":{"line":59,"column":7},"end":{"line":364,"column":null}},"12":{"start":{"line":60,"column":31},"end":{"line":60,"column":45}},"13":{"start":{"line":65,"column":4},"end":{"line":65,"column":50}},"14":{"start":{"line":83,"column":4},"end":{"line":85,"column":5}},"15":{"start":{"line":84,"column":6},"end":{"line":84,"column":56}},"16":{"start":{"line":86,"column":4},"end":{"line":89,"column":6}},"17":{"start":{"line":95,"column":4},"end":{"line":95,"column":54}},"18":{"start":{"line":101,"column":4},"end":{"line":101,"column":57}},"19":{"start":{"line":107,"column":4},"end":{"line":107,"column":46}},"20":{"start":{"line":113,"column":4},"end":{"line":113,"column":53}},"21":{"start":{"line":122,"column":4},"end":{"line":122,"column":65}},"22":{"start":{"line":131,"column":4},"end":{"line":131,"column":71}},"23":{"start":{"line":137,"column":4},"end":{"line":137,"column":56}},"24":{"start":{"line":143,"column":4},"end":{"line":143,"column":42}},"25":{"start":{"line":149,"column":4},"end":{"line":149,"column":50}},"26":{"start":{"line":158,"column":4},"end":{"line":158,"column":59}},"27":{"start":{"line":167,"column":4},"end":{"line":167,"column":65}},"28":{"start":{"line":173,"column":4},"end":{"line":173,"column":44}},"29":{"start":{"line":179,"column":4},"end":{"line":179,"column":52}},"30":{"start":{"line":188,"column":4},"end":{"line":188,"column":63}},"31":{"start":{"line":197,"column":4},"end":{"line":197,"column":69}},"32":{"start":{"line":203,"column":4},"end":{"line":203,"column":54}},"33":{"start":{"line":209,"column":4},"end":{"line":209,"column":49}},"34":{"start":{"line":215,"column":4},"end":{"line":215,"column":57}},"35":{"start":{"line":221,"column":4},"end":{"line":221,"column":43}},"36":{"start":{"line":231,"column":4},"end":{"line":235,"column":6}},"37":{"start":{"line":244,"column":4},"end":{"line":244,"column":52}},"38":{"start":{"line":250,"column":4},"end":{"line":250,"column":51}},"39":{"start":{"line":259,"column":4},"end":{"line":259,"column":63}},"40":{"start":{"line":268,"column":4},"end":{"line":268,"column":61}},"41":{"start":{"line":277,"column":4},"end":{"line":277,"column":53}},"42":{"start":{"line":283,"column":4},"end":{"line":283,"column":53}},"43":{"start":{"line":293,"column":4},"end":{"line":297,"column":6}},"44":{"start":{"line":306,"column":4},"end":{"line":306,"column":55}},"45":{"start":{"line":316,"column":4},"end":{"line":320,"column":6}},"46":{"start":{"line":326,"column":4},"end":{"line":326,"column":57}},"47":{"start":{"line":332,"column":4},"end":{"line":332,"column":52}},"48":{"start":{"line":341,"column":4},"end":{"line":341,"column":63}},"49":{"start":{"line":350,"column":4},"end":{"line":350,"column":69}},"50":{"start":{"line":356,"column":4},"end":{"line":356,"column":49}},"51":{"start":{"line":362,"column":4},"end":{"line":362,"column":51}},"52":{"start":{"line":59,"column":13},"end":{"line":59,"column":28}},"53":{"start":{"line":64,"column":2},"end":{"line":66,"column":null}},"54":{"start":{"line":82,"column":2},"end":{"line":90,"column":null}},"55":{"start":{"line":75,"column":31},"end":{"line":75,"column":81}},"56":{"start":{"line":76,"column":22},"end":{"line":76,"column":48}},"57":{"start":{"line":77,"column":10},"end":{"line":77,"column":58}},"58":{"start":{"line":94,"column":2},"end":{"line":96,"column":null}},"59":{"start":{"line":100,"column":2},"end":{"line":102,"column":null}},"60":{"start":{"line":106,"column":2},"end":{"line":108,"column":null}},"61":{"start":{"line":112,"column":2},"end":{"line":114,"column":null}},"62":{"start":{"line":118,"column":2},"end":{"line":123,"column":null}},"63":{"start":{"line":127,"column":2},"end":{"line":132,"column":null}},"64":{"start":{"line":136,"column":2},"end":{"line":138,"column":null}},"65":{"start":{"line":142,"column":2},"end":{"line":144,"column":null}},"66":{"start":{"line":148,"column":2},"end":{"line":150,"column":null}},"67":{"start":{"line":154,"column":2},"end":{"line":159,"column":null}},"68":{"start":{"line":163,"column":2},"end":{"line":168,"column":null}},"69":{"start":{"line":172,"column":2},"end":{"line":174,"column":null}},"70":{"start":{"line":178,"column":2},"end":{"line":180,"column":null}},"71":{"start":{"line":184,"column":2},"end":{"line":189,"column":null}},"72":{"start":{"line":193,"column":2},"end":{"line":198,"column":null}},"73":{"start":{"line":202,"column":2},"end":{"line":204,"column":null}},"74":{"start":{"line":208,"column":2},"end":{"line":210,"column":null}},"75":{"start":{"line":214,"column":2},"end":{"line":216,"column":null}},"76":{"start":{"line":220,"column":2},"end":{"line":222,"column":null}},"77":{"start":{"line":226,"column":2},"end":{"line":236,"column":null}},"78":{"start":{"line":240,"column":2},"end":{"line":245,"column":null}},"79":{"start":{"line":249,"column":2},"end":{"line":251,"column":null}},"80":{"start":{"line":255,"column":2},"end":{"line":260,"column":null}},"81":{"start":{"line":264,"column":2},"end":{"line":269,"column":null}},"82":{"start":{"line":273,"column":2},"end":{"line":278,"column":null}},"83":{"start":{"line":282,"column":2},"end":{"line":284,"column":null}},"84":{"start":{"line":288,"column":2},"end":{"line":298,"column":null}},"85":{"start":{"line":302,"column":2},"end":{"line":307,"column":null}},"86":{"start":{"line":311,"column":2},"end":{"line":321,"column":null}},"87":{"start":{"line":325,"column":2},"end":{"line":327,"column":null}},"88":{"start":{"line":331,"column":2},"end":{"line":333,"column":null}},"89":{"start":{"line":337,"column":2},"end":{"line":342,"column":null}},"90":{"start":{"line":346,"column":2},"end":{"line":351,"column":null}},"91":{"start":{"line":355,"column":2},"end":{"line":357,"column":null}},"92":{"start":{"line":361,"column":2},"end":{"line":363,"column":null}},"93":{"start":{"line":59,"column":13},"end":{"line":364,"column":null}}},"fnMap":{"0":{"name":"(anonymous_4)","decl":{"start":{"line":60,"column":2},"end":{"line":60,"column":31}},"loc":{"start":{"line":60,"column":57},"end":{"line":60,"column":61}}},"1":{"name":"(anonymous_5)","decl":{"start":{"line":64,"column":2},"end":{"line":64,"column":20}},"loc":{"start":{"line":64,"column":20},"end":{"line":66,"column":3}}},"2":{"name":"(anonymous_6)","decl":{"start":{"line":82,"column":2},"end":{"line":82,"column":12}},"loc":{"start":{"line":82,"column":38},"end":{"line":90,"column":3}}},"3":{"name":"(anonymous_7)","decl":{"start":{"line":94,"column":2},"end":{"line":94,"column":24}},"loc":{"start":{"line":94,"column":24},"end":{"line":96,"column":3}}},"4":{"name":"(anonymous_8)","decl":{"start":{"line":100,"column":2},"end":{"line":100,"column":20}},"loc":{"start":{"line":100,"column":59},"end":{"line":102,"column":3}}},"5":{"name":"(anonymous_9)","decl":{"start":{"line":106,"column":2},"end":{"line":106,"column":16}},"loc":{"start":{"line":106,"column":16},"end":{"line":108,"column":3}}},"6":{"name":"(anonymous_10)","decl":{"start":{"line":112,"column":2},"end":{"line":112,"column":16}},"loc":{"start":{"line":112,"column":51},"end":{"line":114,"column":3}}},"7":{"name":"(anonymous_11)","decl":{"start":{"line":118,"column":2},"end":{"line":118,"column":16}},"loc":{"start":{"line":120,"column":38},"end":{"line":123,"column":3}}},"8":{"name":"(anonymous_12)","decl":{"start":{"line":127,"column":2},"end":{"line":127,"column":22}},"loc":{"start":{"line":129,"column":44},"end":{"line":132,"column":3}}},"9":{"name":"(anonymous_13)","decl":{"start":{"line":136,"column":2},"end":{"line":136,"column":16}},"loc":{"start":{"line":136,"column":70},"end":{"line":138,"column":3}}},"10":{"name":"(anonymous_14)","decl":{"start":{"line":142,"column":2},"end":{"line":142,"column":12}},"loc":{"start":{"line":142,"column":12},"end":{"line":144,"column":3}}},"11":{"name":"(anonymous_15)","decl":{"start":{"line":148,"column":2},"end":{"line":148,"column":13}},"loc":{"start":{"line":148,"column":45},"end":{"line":150,"column":3}}},"12":{"name":"(anonymous_16)","decl":{"start":{"line":154,"column":2},"end":{"line":154,"column":13}},"loc":{"start":{"line":156,"column":35},"end":{"line":159,"column":3}}},"13":{"name":"(anonymous_17)","decl":{"start":{"line":163,"column":2},"end":{"line":163,"column":19}},"loc":{"start":{"line":165,"column":41},"end":{"line":168,"column":3}}},"14":{"name":"(anonymous_18)","decl":{"start":{"line":172,"column":2},"end":{"line":172,"column":14}},"loc":{"start":{"line":172,"column":14},"end":{"line":174,"column":3}}},"15":{"name":"(anonymous_19)","decl":{"start":{"line":178,"column":2},"end":{"line":178,"column":15}},"loc":{"start":{"line":178,"column":49},"end":{"line":180,"column":3}}},"16":{"name":"(anonymous_20)","decl":{"start":{"line":184,"column":2},"end":{"line":184,"column":15}},"loc":{"start":{"line":186,"column":37},"end":{"line":189,"column":3}}},"17":{"name":"(anonymous_21)","decl":{"start":{"line":193,"column":2},"end":{"line":193,"column":21}},"loc":{"start":{"line":195,"column":43},"end":{"line":198,"column":3}}},"18":{"name":"(anonymous_22)","decl":{"start":{"line":202,"column":2},"end":{"line":202,"column":15}},"loc":{"start":{"line":202,"column":67},"end":{"line":204,"column":3}}},"19":{"name":"(anonymous_23)","decl":{"start":{"line":208,"column":2},"end":{"line":208,"column":19}},"loc":{"start":{"line":208,"column":19},"end":{"line":210,"column":3}}},"20":{"name":"(anonymous_24)","decl":{"start":{"line":214,"column":2},"end":{"line":214,"column":20}},"loc":{"start":{"line":214,"column":64},"end":{"line":216,"column":3}}},"21":{"name":"(anonymous_25)","decl":{"start":{"line":220,"column":2},"end":{"line":220,"column":13}},"loc":{"start":{"line":220,"column":13},"end":{"line":222,"column":3}}},"22":{"name":"(anonymous_26)","decl":{"start":{"line":226,"column":2},"end":{"line":226,"column":16}},"loc":{"start":{"line":229,"column":40},"end":{"line":236,"column":3}}},"23":{"name":"(anonymous_27)","decl":{"start":{"line":240,"column":2},"end":{"line":240,"column":11}},"loc":{"start":{"line":242,"column":34},"end":{"line":245,"column":3}}},"24":{"name":"(anonymous_28)","decl":{"start":{"line":249,"column":2},"end":{"line":249,"column":15}},"loc":{"start":{"line":249,"column":61},"end":{"line":251,"column":3}}},"25":{"name":"(anonymous_29)","decl":{"start":{"line":255,"column":2},"end":{"line":255,"column":18}},"loc":{"start":{"line":257,"column":40},"end":{"line":260,"column":3}}},"26":{"name":"(anonymous_30)","decl":{"start":{"line":264,"column":2},"end":{"line":264,"column":16}},"loc":{"start":{"line":266,"column":38},"end":{"line":269,"column":3}}},"27":{"name":"(anonymous_31)","decl":{"start":{"line":273,"column":2},"end":{"line":273,"column":12}},"loc":{"start":{"line":275,"column":34},"end":{"line":278,"column":3}}},"28":{"name":"(anonymous_32)","decl":{"start":{"line":282,"column":2},"end":{"line":282,"column":16}},"loc":{"start":{"line":282,"column":64},"end":{"line":284,"column":3}}},"29":{"name":"(anonymous_33)","decl":{"start":{"line":288,"column":2},"end":{"line":288,"column":19}},"loc":{"start":{"line":291,"column":40},"end":{"line":298,"column":3}}},"30":{"name":"(anonymous_34)","decl":{"start":{"line":302,"column":2},"end":{"line":302,"column":14}},"loc":{"start":{"line":304,"column":34},"end":{"line":307,"column":3}}},"31":{"name":"(anonymous_35)","decl":{"start":{"line":311,"column":2},"end":{"line":311,"column":20}},"loc":{"start":{"line":314,"column":40},"end":{"line":321,"column":3}}},"32":{"name":"(anonymous_36)","decl":{"start":{"line":325,"column":2},"end":{"line":325,"column":18}},"loc":{"start":{"line":325,"column":70},"end":{"line":327,"column":3}}},"33":{"name":"(anonymous_37)","decl":{"start":{"line":331,"column":2},"end":{"line":331,"column":15}},"loc":{"start":{"line":331,"column":49},"end":{"line":333,"column":3}}},"34":{"name":"(anonymous_38)","decl":{"start":{"line":337,"column":2},"end":{"line":337,"column":15}},"loc":{"start":{"line":339,"column":37},"end":{"line":342,"column":3}}},"35":{"name":"(anonymous_39)","decl":{"start":{"line":346,"column":2},"end":{"line":346,"column":21}},"loc":{"start":{"line":348,"column":43},"end":{"line":351,"column":3}}},"36":{"name":"(anonymous_40)","decl":{"start":{"line":355,"column":2},"end":{"line":355,"column":19}},"loc":{"start":{"line":355,"column":19},"end":{"line":357,"column":3}}},"37":{"name":"(anonymous_41)","decl":{"start":{"line":361,"column":2},"end":{"line":361,"column":14}},"loc":{"start":{"line":361,"column":47},"end":{"line":363,"column":3}}},"38":{"name":"(anonymous_42)","decl":{"start":{"line":74,"column":18},"end":{"line":74,"column":19}},"loc":{"start":{"line":74,"column":42},"end":{"line":78,"column":9}}}},"branchMap":{"0":{"loc":{"start":{"line":83,"column":4},"end":{"line":85,"column":5}},"type":"if","locations":[{"start":{"line":83,"column":4},"end":{"line":85,"column":5}},{"start":{},"end":{}}]},"1":{"loc":{"start":{"line":100,"column":38},"end":{"line":100,"column":null}},"type":"cond-expr","locations":[{"start":{"line":100,"column":59},"end":{"line":100,"column":null}},{"start":{"line":100,"column":59},"end":{"line":100,"column":null}}]},"2":{"loc":{"start":{"line":100,"column":38},"end":{"line":100,"column":59}},"type":"binary-expr","locations":[{"start":{"line":100,"column":38},"end":{"line":100,"column":null}},{"start":{"line":100,"column":38},"end":{"line":100,"column":59}}]},"3":{"loc":{"start":{"line":112,"column":34},"end":{"line":112,"column":null}},"type":"cond-expr","locations":[{"start":{"line":112,"column":51},"end":{"line":112,"column":null}},{"start":{"line":112,"column":51},"end":{"line":112,"column":null}}]},"4":{"loc":{"start":{"line":112,"column":34},"end":{"line":112,"column":51}},"type":"binary-expr","locations":[{"start":{"line":112,"column":34},"end":{"line":112,"column":null}},{"start":{"line":112,"column":34},"end":{"line":112,"column":51}}]},"5":{"loc":{"start":{"line":120,"column":21},"end":{"line":120,"column":null}},"type":"cond-expr","locations":[{"start":{"line":120,"column":38},"end":{"line":120,"column":null}},{"start":{"line":120,"column":38},"end":{"line":120,"column":null}}]},"6":{"loc":{"start":{"line":120,"column":21},"end":{"line":120,"column":38}},"type":"binary-expr","locations":[{"start":{"line":120,"column":21},"end":{"line":120,"column":null}},{"start":{"line":120,"column":21},"end":{"line":120,"column":38}}]},"7":{"loc":{"start":{"line":129,"column":21},"end":{"line":129,"column":null}},"type":"cond-expr","locations":[{"start":{"line":129,"column":44},"end":{"line":129,"column":null}},{"start":{"line":129,"column":44},"end":{"line":129,"column":null}}]},"8":{"loc":{"start":{"line":129,"column":21},"end":{"line":129,"column":44}},"type":"binary-expr","locations":[{"start":{"line":129,"column":21},"end":{"line":129,"column":null}},{"start":{"line":129,"column":21},"end":{"line":129,"column":44}}]},"9":{"loc":{"start":{"line":148,"column":31},"end":{"line":148,"column":null}},"type":"cond-expr","locations":[{"start":{"line":148,"column":45},"end":{"line":148,"column":null}},{"start":{"line":148,"column":45},"end":{"line":148,"column":null}}]},"10":{"loc":{"start":{"line":148,"column":31},"end":{"line":148,"column":45}},"type":"binary-expr","locations":[{"start":{"line":148,"column":31},"end":{"line":148,"column":null}},{"start":{"line":148,"column":31},"end":{"line":148,"column":45}}]},"11":{"loc":{"start":{"line":156,"column":21},"end":{"line":156,"column":null}},"type":"cond-expr","locations":[{"start":{"line":156,"column":35},"end":{"line":156,"column":null}},{"start":{"line":156,"column":35},"end":{"line":156,"column":null}}]},"12":{"loc":{"start":{"line":156,"column":21},"end":{"line":156,"column":35}},"type":"binary-expr","locations":[{"start":{"line":156,"column":21},"end":{"line":156,"column":null}},{"start":{"line":156,"column":21},"end":{"line":156,"column":35}}]},"13":{"loc":{"start":{"line":165,"column":21},"end":{"line":165,"column":null}},"type":"cond-expr","locations":[{"start":{"line":165,"column":41},"end":{"line":165,"column":null}},{"start":{"line":165,"column":41},"end":{"line":165,"column":null}}]},"14":{"loc":{"start":{"line":165,"column":21},"end":{"line":165,"column":41}},"type":"binary-expr","locations":[{"start":{"line":165,"column":21},"end":{"line":165,"column":null}},{"start":{"line":165,"column":21},"end":{"line":165,"column":41}}]},"15":{"loc":{"start":{"line":178,"column":33},"end":{"line":178,"column":null}},"type":"cond-expr","locations":[{"start":{"line":178,"column":49},"end":{"line":178,"column":null}},{"start":{"line":178,"column":49},"end":{"line":178,"column":null}}]},"16":{"loc":{"start":{"line":178,"column":33},"end":{"line":178,"column":49}},"type":"binary-expr","locations":[{"start":{"line":178,"column":33},"end":{"line":178,"column":null}},{"start":{"line":178,"column":33},"end":{"line":178,"column":49}}]},"17":{"loc":{"start":{"line":186,"column":21},"end":{"line":186,"column":null}},"type":"cond-expr","locations":[{"start":{"line":186,"column":37},"end":{"line":186,"column":null}},{"start":{"line":186,"column":37},"end":{"line":186,"column":null}}]},"18":{"loc":{"start":{"line":186,"column":21},"end":{"line":186,"column":37}},"type":"binary-expr","locations":[{"start":{"line":186,"column":21},"end":{"line":186,"column":null}},{"start":{"line":186,"column":21},"end":{"line":186,"column":37}}]},"19":{"loc":{"start":{"line":195,"column":21},"end":{"line":195,"column":null}},"type":"cond-expr","locations":[{"start":{"line":195,"column":43},"end":{"line":195,"column":null}},{"start":{"line":195,"column":43},"end":{"line":195,"column":null}}]},"20":{"loc":{"start":{"line":195,"column":21},"end":{"line":195,"column":43}},"type":"binary-expr","locations":[{"start":{"line":195,"column":21},"end":{"line":195,"column":null}},{"start":{"line":195,"column":21},"end":{"line":195,"column":43}}]},"21":{"loc":{"start":{"line":214,"column":38},"end":{"line":214,"column":null}},"type":"cond-expr","locations":[{"start":{"line":214,"column":64},"end":{"line":214,"column":null}},{"start":{"line":214,"column":64},"end":{"line":214,"column":null}}]},"22":{"loc":{"start":{"line":214,"column":38},"end":{"line":214,"column":64}},"type":"binary-expr","locations":[{"start":{"line":214,"column":38},"end":{"line":214,"column":null}},{"start":{"line":214,"column":38},"end":{"line":214,"column":64}}]},"23":{"loc":{"start":{"line":228,"column":21},"end":{"line":228,"column":null}},"type":"cond-expr","locations":[{"start":{"line":228,"column":38},"end":{"line":228,"column":null}},{"start":{"line":228,"column":38},"end":{"line":228,"column":null}}]},"24":{"loc":{"start":{"line":228,"column":21},"end":{"line":228,"column":38}},"type":"binary-expr","locations":[{"start":{"line":228,"column":21},"end":{"line":228,"column":null}},{"start":{"line":228,"column":21},"end":{"line":228,"column":38}}]},"25":{"loc":{"start":{"line":228,"column":38},"end":{"line":229,"column":null}},"type":"cond-expr","locations":[{"start":{"line":229,"column":40},"end":{"line":229,"column":null}},{"start":{"line":229,"column":40},"end":{"line":229,"column":null}}]},"26":{"loc":{"start":{"line":228,"column":38},"end":{"line":229,"column":40}},"type":"binary-expr","locations":[{"start":{"line":228,"column":38},"end":{"line":229,"column":null}},{"start":{"line":229,"column":20},"end":{"line":229,"column":40}}]},"27":{"loc":{"start":{"line":257,"column":21},"end":{"line":257,"column":null}},"type":"cond-expr","locations":[{"start":{"line":257,"column":40},"end":{"line":257,"column":null}},{"start":{"line":257,"column":40},"end":{"line":257,"column":null}}]},"28":{"loc":{"start":{"line":257,"column":21},"end":{"line":257,"column":40}},"type":"binary-expr","locations":[{"start":{"line":257,"column":21},"end":{"line":257,"column":null}},{"start":{"line":257,"column":21},"end":{"line":257,"column":40}}]},"29":{"loc":{"start":{"line":266,"column":21},"end":{"line":266,"column":null}},"type":"cond-expr","locations":[{"start":{"line":266,"column":38},"end":{"line":266,"column":null}},{"start":{"line":266,"column":38},"end":{"line":266,"column":null}}]},"30":{"loc":{"start":{"line":266,"column":21},"end":{"line":266,"column":38}},"type":"binary-expr","locations":[{"start":{"line":266,"column":21},"end":{"line":266,"column":null}},{"start":{"line":266,"column":21},"end":{"line":266,"column":38}}]},"31":{"loc":{"start":{"line":290,"column":21},"end":{"line":290,"column":null}},"type":"cond-expr","locations":[{"start":{"line":290,"column":41},"end":{"line":290,"column":null}},{"start":{"line":290,"column":41},"end":{"line":290,"column":null}}]},"32":{"loc":{"start":{"line":290,"column":21},"end":{"line":290,"column":41}},"type":"binary-expr","locations":[{"start":{"line":290,"column":21},"end":{"line":290,"column":null}},{"start":{"line":290,"column":21},"end":{"line":290,"column":41}}]},"33":{"loc":{"start":{"line":290,"column":41},"end":{"line":291,"column":null}},"type":"cond-expr","locations":[{"start":{"line":291,"column":40},"end":{"line":291,"column":null}},{"start":{"line":291,"column":40},"end":{"line":291,"column":null}}]},"34":{"loc":{"start":{"line":290,"column":41},"end":{"line":291,"column":40}},"type":"binary-expr","locations":[{"start":{"line":290,"column":41},"end":{"line":291,"column":null}},{"start":{"line":291,"column":20},"end":{"line":291,"column":40}}]},"35":{"loc":{"start":{"line":313,"column":21},"end":{"line":313,"column":null}},"type":"cond-expr","locations":[{"start":{"line":313,"column":37},"end":{"line":313,"column":null}},{"start":{"line":313,"column":37},"end":{"line":313,"column":null}}]},"36":{"loc":{"start":{"line":313,"column":21},"end":{"line":313,"column":37}},"type":"binary-expr","locations":[{"start":{"line":313,"column":21},"end":{"line":313,"column":null}},{"start":{"line":313,"column":21},"end":{"line":313,"column":37}}]},"37":{"loc":{"start":{"line":313,"column":37},"end":{"line":314,"column":null}},"type":"cond-expr","locations":[{"start":{"line":314,"column":40},"end":{"line":314,"column":null}},{"start":{"line":314,"column":40},"end":{"line":314,"column":null}}]},"38":{"loc":{"start":{"line":313,"column":37},"end":{"line":314,"column":40}},"type":"binary-expr","locations":[{"start":{"line":313,"column":37},"end":{"line":314,"column":null}},{"start":{"line":314,"column":20},"end":{"line":314,"column":40}}]},"39":{"loc":{"start":{"line":331,"column":33},"end":{"line":331,"column":null}},"type":"cond-expr","locations":[{"start":{"line":331,"column":49},"end":{"line":331,"column":null}},{"start":{"line":331,"column":49},"end":{"line":331,"column":null}}]},"40":{"loc":{"start":{"line":331,"column":33},"end":{"line":331,"column":49}},"type":"binary-expr","locations":[{"start":{"line":331,"column":33},"end":{"line":331,"column":null}},{"start":{"line":331,"column":33},"end":{"line":331,"column":49}}]},"41":{"loc":{"start":{"line":339,"column":21},"end":{"line":339,"column":null}},"type":"cond-expr","locations":[{"start":{"line":339,"column":37},"end":{"line":339,"column":null}},{"start":{"line":339,"column":37},"end":{"line":339,"column":null}}]},"42":{"loc":{"start":{"line":339,"column":21},"end":{"line":339,"column":37}},"type":"binary-expr","locations":[{"start":{"line":339,"column":21},"end":{"line":339,"column":null}},{"start":{"line":339,"column":21},"end":{"line":339,"column":37}}]},"43":{"loc":{"start":{"line":348,"column":21},"end":{"line":348,"column":null}},"type":"cond-expr","locations":[{"start":{"line":348,"column":43},"end":{"line":348,"column":null}},{"start":{"line":348,"column":43},"end":{"line":348,"column":null}}]},"44":{"loc":{"start":{"line":348,"column":21},"end":{"line":348,"column":43}},"type":"binary-expr","locations":[{"start":{"line":348,"column":21},"end":{"line":348,"column":null}},{"start":{"line":348,"column":21},"end":{"line":348,"column":43}}]},"45":{"loc":{"start":{"line":361,"column":32},"end":{"line":361,"column":null}},"type":"cond-expr","locations":[{"start":{"line":361,"column":47},"end":{"line":361,"column":null}},{"start":{"line":361,"column":47},"end":{"line":361,"column":null}}]},"46":{"loc":{"start":{"line":361,"column":32},"end":{"line":361,"column":47}},"type":"binary-expr","locations":[{"start":{"line":361,"column":32},"end":{"line":361,"column":null}},{"start":{"line":361,"column":32},"end":{"line":361,"column":47}}]},"47":{"loc":{"start":{"line":60,"column":45},"end":{"line":60,"column":60}},"type":"cond-expr","locations":[{"start":{"line":60,"column":57},"end":{"line":60,"column":60}},{"start":{"line":60,"column":57},"end":{"line":60,"column":60}}]},"48":{"loc":{"start":{"line":60,"column":45},"end":{"line":60,"column":57}},"type":"binary-expr","locations":[{"start":{"line":60,"column":45},"end":{"line":60,"column":60}},{"start":{"line":60,"column":45},"end":{"line":60,"column":57}}]}},"s":{"0":1,"1":1,"2":1,"3":1,"4":1,"5":1,"6":1,"7":1,"8":1,"9":1,"10":1,"11":1,"12":6,"13":1,"14":0,"15":0,"16":0,"17":1,"18":1,"19":1,"20":1,"21":0,"22":0,"23":0,"24":0,"25":0,"26":0,"27":0,"28":0,"29":0,"30":0,"31":0,"32":0,"33":0,"34":0,"35":0,"36":0,"37":0,"38":0,"39":0,"40":0,"41":0,"42":0,"43":0,"44":0,"45":0,"46":0,"47":0,"48":0,"49":0,"50":0,"51":0,"52":1,"53":1,"54":1,"55":0,"56":0,"57":0,"58":1,"59":1,"60":1,"61":1,"62":1,"63":1,"64":1,"65":1,"66":1,"67":1,"68":1,"69":1,"70":1,"71":1,"72":1,"73":1,"74":1,"75":1,"76":1,"77":1,"78":1,"79":1,"80":1,"81":1,"82":1,"83":1,"84":1,"85":1,"86":1,"87":1,"88":1,"89":1,"90":1,"91":1,"92":1,"93":1},"f":{"0":6,"1":1,"2":0,"3":1,"4":1,"5":1,"6":1,"7":0,"8":0,"9":0,"10":0,"11":0,"12":0,"13":0,"14":0,"15":0,"16":0,"17":0,"18":0,"19":0,"20":0,"21":0,"22":0,"23":0,"24":0,"25":0,"26":0,"27":0,"28":0,"29":0,"30":0,"31":0,"32":0,"33":0,"34":0,"35":0,"36":0,"37":0,"38":0},"b":{"0":[0,0],"1":[1,0],"2":[1,1],"3":[1,0],"4":[1,1],"5":[1,0],"6":[1,1],"7":[1,0],"8":[1,1],"9":[1,0],"10":[1,1],"11":[1,0],"12":[1,1],"13":[1,0],"14":[1,1],"15":[1,0],"16":[1,1],"17":[1,0],"18":[1,1],"19":[1,0],"20":[1,1],"21":[1,0],"22":[1,1],"23":[1,0],"24":[1,1],"25":[0,1],"26":[1,0],"27":[1,0],"28":[1,1],"29":[1,0],"30":[1,1],"31":[1,0],"32":[1,1],"33":[0,1],"34":[1,0],"35":[1,0],"36":[1,1],"37":[0,1],"38":[1,0],"39":[1,0],"40":[1,1],"41":[1,0],"42":[1,1],"43":[1,0],"44":[1,1],"45":[1,0],"46":[1,1],"47":[1,0],"48":[1,1]}}
,"C:\\Users\\hokha\\Dropbox\\PC\\Downloads\\LearningDocuments\\DATTLT-A\\BackEnd\\src\\admin\\admin.module.ts": {"path":"C:\\Users\\hokha\\Dropbox\\PC\\Downloads\\LearningDocuments\\DATTLT-A\\BackEnd\\src\\admin\\admin.module.ts","statementMap":{"0":{"start":{"line":1,"column":0},"end":{"line":1,"column":40}},"1":{"start":{"line":2,"column":0},"end":{"line":2,"column":49}},"2":{"start":{"line":3,"column":0},"end":{"line":3,"column":53}},"3":{"start":{"line":4,"column":0},"end":{"line":4,"column":47}},"4":{"start":{"line":11,"column":7},"end":{"line":11,"column":null}},"5":{"start":{"line":11,"column":13},"end":{"line":11,"column":24}},"6":{"start":{"line":11,"column":13},"end":{"line":11,"column":null}}},"fnMap":{},"branchMap":{},"s":{"0":0,"1":0,"2":0,"3":0,"4":0,"5":0,"6":0},"f":{},"b":{}}
,"C:\\Users\\hokha\\Dropbox\\PC\\Downloads\\LearningDocuments\\DATTLT-A\\BackEnd\\src\\admin\\admin.service.ts": {"path":"C:\\Users\\hokha\\Dropbox\\PC\\Downloads\\LearningDocuments\\DATTLT-A\\BackEnd\\src\\admin\\admin.service.ts","statementMap":{"0":{"start":{"line":1,"column":0},"end":{"line":1,"column":null}},"1":{"start":{"line":6,"column":0},"end":{"line":6,"column":52}},"2":{"start":{"line":7,"column":0},"end":{"line":7,"column":33}},"3":{"start":{"line":8,"column":0},"end":{"line":8,"column":79}},"4":{"start":{"line":30,"column":7},"end":{"line":537,"column":null}},"5":{"start":{"line":31,"column":31},"end":{"line":31,"column":41}},"6":{"start":{"line":34,"column":4},"end":{"line":37,"column":6}},"7":{"start":{"line":41,"column":4},"end":{"line":44,"column":6}},"8":{"start":{"line":48,"column":4},"end":{"line":51,"column":6}},"9":{"start":{"line":55,"column":4},"end":{"line":58,"column":6}},"10":{"start":{"line":62,"column":21},"end":{"line":62,"column":69}},"11":{"start":{"line":64,"column":4},"end":{"line":67,"column":6}},"12":{"start":{"line":71,"column":21},"end":{"line":71,"column":81}},"13":{"start":{"line":73,"column":4},"end":{"line":75,"column":5}},"14":{"start":{"line":74,"column":6},"end":{"line":74,"column":56}},"15":{"start":{"line":77,"column":4},"end":{"line":80,"column":6}},"16":{"start":{"line":87,"column":21},"end":{"line":89,"column":null}},"17":{"start":{"line":92,"column":4},"end":{"line":94,"column":5}},"18":{"start":{"line":93,"column":6},"end":{"line":93,"column":56}},"19":{"start":{"line":96,"column":4},"end":{"line":99,"column":6}},"20":{"start":{"line":103,"column":21},"end":{"line":105,"column":null}},"21":{"start":{"line":108,"column":4},"end":{"line":110,"column":5}},"22":{"start":{"line":109,"column":6},"end":{"line":109,"column":56}},"23":{"start":{"line":112,"column":4},"end":{"line":115,"column":6}},"24":{"start":{"line":119,"column":4},"end":{"line":122,"column":6}},"25":{"start":{"line":131,"column":18},"end":{"line":131,"column":63}},"26":{"start":{"line":133,"column":4},"end":{"line":136,"column":6}},"27":{"start":{"line":148,"column":18},"end":{"line":148,"column":72}},"28":{"start":{"line":150,"column":4},"end":{"line":152,"column":5}},"29":{"start":{"line":151,"column":6},"end":{"line":151,"column":53}},"30":{"start":{"line":154,"column":4},"end":{"line":157,"column":6}},"31":{"start":{"line":164,"column":18},"end":{"line":166,"column":null}},"32":{"start":{"line":169,"column":4},"end":{"line":171,"column":5}},"33":{"start":{"line":170,"column":6},"end":{"line":170,"column":53}},"34":{"start":{"line":173,"column":4},"end":{"line":176,"column":6}},"35":{"start":{"line":180,"column":4},"end":{"line":183,"column":6}},"36":{"start":{"line":187,"column":20},"end":{"line":187,"column":67}},"37":{"start":{"line":189,"column":4},"end":{"line":192,"column":6}},"38":{"start":{"line":196,"column":20},"end":{"line":196,"column":78}},"39":{"start":{"line":198,"column":4},"end":{"line":200,"column":5}},"40":{"start":{"line":199,"column":6},"end":{"line":199,"column":55}},"41":{"start":{"line":202,"column":4},"end":{"line":205,"column":6}},"42":{"start":{"line":212,"column":20},"end":{"line":214,"column":null}},"43":{"start":{"line":217,"column":4},"end":{"line":219,"column":5}},"44":{"start":{"line":218,"column":6},"end":{"line":218,"column":55}},"45":{"start":{"line":221,"column":4},"end":{"line":224,"column":6}},"46":{"start":{"line":228,"column":20},"end":{"line":228,"column":66}},"47":{"start":{"line":230,"column":4},"end":{"line":232,"column":5}},"48":{"start":{"line":231,"column":6},"end":{"line":231,"column":55}},"49":{"start":{"line":234,"column":4},"end":{"line":234,"column":75}},"50":{"start":{"line":236,"column":4},"end":{"line":239,"column":6}},"51":{"start":{"line":243,"column":4},"end":{"line":246,"column":6}},"52":{"start":{"line":250,"column":19},"end":{"line":250,"column":71}},"53":{"start":{"line":252,"column":4},"end":{"line":255,"column":6}},"54":{"start":{"line":259,"column":4},"end":{"line":262,"column":6}},"55":{"start":{"line":270,"column":19},"end":{"line":273,"column":null}},"56":{"start":{"line":276,"column":4},"end":{"line":278,"column":5}},"57":{"start":{"line":277,"column":6},"end":{"line":277,"column":54}},"58":{"start":{"line":280,"column":4},"end":{"line":283,"column":6}},"59":{"start":{"line":287,"column":14},"end":{"line":287,"column":51}},"60":{"start":{"line":288,"column":14},"end":{"line":288,"column":53}},"61":{"start":{"line":290,"column":4},"end":{"line":293,"column":6}},"62":{"start":{"line":297,"column":17},"end":{"line":297,"column":63}},"63":{"start":{"line":299,"column":4},"end":{"line":301,"column":5}},"64":{"start":{"line":300,"column":6},"end":{"line":300,"column":52}},"65":{"start":{"line":303,"column":4},"end":{"line":306,"column":6}},"66":{"start":{"line":310,"column":17},"end":{"line":310,"column":82}},"67":{"start":{"line":312,"column":4},"end":{"line":314,"column":5}},"68":{"start":{"line":313,"column":6},"end":{"line":313,"column":52}},"69":{"start":{"line":316,"column":4},"end":{"line":319,"column":6}},"70":{"start":{"line":323,"column":4},"end":{"line":325,"column":5}},"71":{"start":{"line":324,"column":6},"end":{"line":324,"column":77}},"72":{"start":{"line":327,"column":17},"end":{"line":330,"column":null}},"73":{"start":{"line":333,"column":4},"end":{"line":335,"column":5}},"74":{"start":{"line":334,"column":6},"end":{"line":334,"column":52}},"75":{"start":{"line":337,"column":4},"end":{"line":340,"column":6}},"76":{"start":{"line":344,"column":14},"end":{"line":344,"column":51}},"77":{"start":{"line":345,"column":14},"end":{"line":345,"column":53}},"78":{"start":{"line":347,"column":4},"end":{"line":350,"column":6}},"79":{"start":{"line":354,"column":18},"end":{"line":354,"column":66}},"80":{"start":{"line":356,"column":4},"end":{"line":358,"column":5}},"81":{"start":{"line":357,"column":6},"end":{"line":357,"column":53}},"82":{"start":{"line":360,"column":4},"end":{"line":363,"column":6}},"83":{"start":{"line":371,"column":18},"end":{"line":375,"column":null}},"84":{"start":{"line":378,"column":4},"end":{"line":380,"column":5}},"85":{"start":{"line":379,"column":6},"end":{"line":379,"column":53}},"86":{"start":{"line":382,"column":4},"end":{"line":385,"column":6}},"87":{"start":{"line":389,"column":14},"end":{"line":389,"column":51}},"88":{"start":{"line":390,"column":14},"end":{"line":390,"column":53}},"89":{"start":{"line":392,"column":4},"end":{"line":395,"column":6}},"90":{"start":{"line":403,"column":18},"end":{"line":407,"column":null}},"91":{"start":{"line":410,"column":4},"end":{"line":412,"column":5}},"92":{"start":{"line":411,"column":6},"end":{"line":411,"column":86}},"93":{"start":{"line":414,"column":4},"end":{"line":417,"column":6}},"94":{"start":{"line":421,"column":20},"end":{"line":421,"column":72}},"95":{"start":{"line":423,"column":4},"end":{"line":425,"column":5}},"96":{"start":{"line":424,"column":6},"end":{"line":424,"column":55}},"97":{"start":{"line":427,"column":4},"end":{"line":430,"column":6}},"98":{"start":{"line":434,"column":22},"end":{"line":434,"column":69}},"99":{"start":{"line":435,"column":20},"end":{"line":435,"column":72}},"100":{"start":{"line":437,"column":4},"end":{"line":440,"column":6}},"101":{"start":{"line":444,"column":20},"end":{"line":444,"column":78}},"102":{"start":{"line":446,"column":4},"end":{"line":448,"column":5}},"103":{"start":{"line":447,"column":6},"end":{"line":447,"column":55}},"104":{"start":{"line":450,"column":4},"end":{"line":453,"column":6}},"105":{"start":{"line":460,"column":20},"end":{"line":462,"column":null}},"106":{"start":{"line":465,"column":4},"end":{"line":467,"column":5}},"107":{"start":{"line":466,"column":6},"end":{"line":466,"column":55}},"108":{"start":{"line":469,"column":4},"end":{"line":472,"column":6}},"109":{"start":{"line":476,"column":4},"end":{"line":479,"column":6}},"110":{"start":{"line":483,"column":4},"end":{"line":485,"column":5}},"111":{"start":{"line":484,"column":6},"end":{"line":484,"column":63}},"112":{"start":{"line":487,"column":23},"end":{"line":487,"column":62}},"113":{"start":{"line":488,"column":29},"end":{"line":488,"column":59}},"114":{"start":{"line":490,"column":4},"end":{"line":490,"column":55}},"115":{"start":{"line":492,"column":4},"end":{"line":507,"column":5}},"116":{"start":{"line":493,"column":23},"end":{"line":493,"column":59}},"117":{"start":{"line":494,"column":23},"end":{"line":494,"column":55}},"118":{"start":{"line":495,"column":22},"end":{"line":495,"column":57}},"119":{"start":{"line":497,"column":6},"end":{"line":497,"column":49}},"120":{"start":{"line":499,"column":6},"end":{"line":506,"column":8}},"121":{"start":{"line":509,"column":21},"end":{"line":522,"column":6}},"122":{"start":{"line":514,"column":17},"end":{"line":514,"column":55}},"123":{"start":{"line":517,"column":17},"end":{"line":517,"column":59}},"124":{"start":{"line":520,"column":17},"end":{"line":520,"column":58}},"125":{"start":{"line":523,"column":21},"end":{"line":523,"column":56}},"126":{"start":{"line":524,"column":21},"end":{"line":524,"column":53}},"127":{"start":{"line":526,"column":4},"end":{"line":526,"column":59}},"128":{"start":{"line":528,"column":4},"end":{"line":535,"column":6}},"129":{"start":{"line":30,"column":13},"end":{"line":30,"column":25}},"130":{"start":{"line":30,"column":13},"end":{"line":537,"column":null}}},"fnMap":{"0":{"name":"(anonymous_2)","decl":{"start":{"line":31,"column":2},"end":{"line":31,"column":31}},"loc":{"start":{"line":31,"column":61},"end":{"line":31,"column":65}}},"1":{"name":"(anonymous_3)","decl":{"start":{"line":33,"column":2},"end":{"line":33,"column":7}},"loc":{"start":{"line":33,"column":26},"end":{"line":38,"column":3}}},"2":{"name":"(anonymous_4)","decl":{"start":{"line":40,"column":2},"end":{"line":40,"column":7}},"loc":{"start":{"line":40,"column":30},"end":{"line":45,"column":3}}},"3":{"name":"(anonymous_5)","decl":{"start":{"line":47,"column":2},"end":{"line":47,"column":7}},"loc":{"start":{"line":47,"column":57},"end":{"line":52,"column":3}}},"4":{"name":"(anonymous_6)","decl":{"start":{"line":54,"column":2},"end":{"line":54,"column":7}},"loc":{"start":{"line":54,"column":22},"end":{"line":59,"column":3}}},"5":{"name":"(anonymous_7)","decl":{"start":{"line":61,"column":2},"end":{"line":61,"column":7}},"loc":{"start":{"line":61,"column":49},"end":{"line":68,"column":3}}},"6":{"name":"(anonymous_8)","decl":{"start":{"line":70,"column":2},"end":{"line":70,"column":7}},"loc":{"start":{"line":70,"column":69},"end":{"line":81,"column":3}}},"7":{"name":"(anonymous_9)","decl":{"start":{"line":83,"column":2},"end":{"line":83,"column":7}},"loc":{"start":{"line":85,"column":36},"end":{"line":100,"column":3}}},"8":{"name":"(anonymous_10)","decl":{"start":{"line":102,"column":2},"end":{"line":102,"column":7}},"loc":{"start":{"line":102,"column":41},"end":{"line":116,"column":3}}},"9":{"name":"(anonymous_11)","decl":{"start":{"line":118,"column":2},"end":{"line":118,"column":7}},"loc":{"start":{"line":118,"column":18},"end":{"line":123,"column":3}}},"10":{"name":"(anonymous_12)","decl":{"start":{"line":125,"column":2},"end":{"line":125,"column":7}},"loc":{"start":{"line":130,"column":3},"end":{"line":137,"column":3}}},"11":{"name":"(anonymous_13)","decl":{"start":{"line":139,"column":2},"end":{"line":139,"column":7}},"loc":{"start":{"line":146,"column":5},"end":{"line":158,"column":3}}},"12":{"name":"(anonymous_14)","decl":{"start":{"line":160,"column":2},"end":{"line":160,"column":7}},"loc":{"start":{"line":162,"column":46},"end":{"line":177,"column":3}}},"13":{"name":"(anonymous_15)","decl":{"start":{"line":179,"column":2},"end":{"line":179,"column":7}},"loc":{"start":{"line":179,"column":20},"end":{"line":184,"column":3}}},"14":{"name":"(anonymous_16)","decl":{"start":{"line":186,"column":2},"end":{"line":186,"column":7}},"loc":{"start":{"line":186,"column":47},"end":{"line":193,"column":3}}},"15":{"name":"(anonymous_17)","decl":{"start":{"line":195,"column":2},"end":{"line":195,"column":7}},"loc":{"start":{"line":195,"column":66},"end":{"line":206,"column":3}}},"16":{"name":"(anonymous_18)","decl":{"start":{"line":208,"column":2},"end":{"line":208,"column":7}},"loc":{"start":{"line":210,"column":35},"end":{"line":225,"column":3}}},"17":{"name":"(anonymous_19)","decl":{"start":{"line":227,"column":2},"end":{"line":227,"column":7}},"loc":{"start":{"line":227,"column":39},"end":{"line":240,"column":3}}},"18":{"name":"(anonymous_20)","decl":{"start":{"line":242,"column":2},"end":{"line":242,"column":7}},"loc":{"start":{"line":242,"column":25},"end":{"line":247,"column":3}}},"19":{"name":"(anonymous_21)","decl":{"start":{"line":249,"column":2},"end":{"line":249,"column":7}},"loc":{"start":{"line":249,"column":62},"end":{"line":256,"column":3}}},"20":{"name":"(anonymous_22)","decl":{"start":{"line":258,"column":2},"end":{"line":258,"column":7}},"loc":{"start":{"line":258,"column":19},"end":{"line":263,"column":3}}},"21":{"name":"(anonymous_23)","decl":{"start":{"line":265,"column":2},"end":{"line":265,"column":7}},"loc":{"start":{"line":268,"column":23},"end":{"line":284,"column":3}}},"22":{"name":"(anonymous_24)","decl":{"start":{"line":286,"column":2},"end":{"line":286,"column":7}},"loc":{"start":{"line":286,"column":47},"end":{"line":294,"column":3}}},"23":{"name":"(anonymous_25)","decl":{"start":{"line":296,"column":2},"end":{"line":296,"column":7}},"loc":{"start":{"line":296,"column":36},"end":{"line":307,"column":3}}},"24":{"name":"(anonymous_26)","decl":{"start":{"line":309,"column":2},"end":{"line":309,"column":7}},"loc":{"start":{"line":309,"column":69},"end":{"line":320,"column":3}}},"25":{"name":"(anonymous_27)","decl":{"start":{"line":322,"column":2},"end":{"line":322,"column":7}},"loc":{"start":{"line":322,"column":65},"end":{"line":341,"column":3}}},"26":{"name":"(anonymous_28)","decl":{"start":{"line":343,"column":2},"end":{"line":343,"column":7}},"loc":{"start":{"line":343,"column":48},"end":{"line":351,"column":3}}},"27":{"name":"(anonymous_29)","decl":{"start":{"line":353,"column":2},"end":{"line":353,"column":7}},"loc":{"start":{"line":353,"column":38},"end":{"line":364,"column":3}}},"28":{"name":"(anonymous_30)","decl":{"start":{"line":366,"column":2},"end":{"line":366,"column":7}},"loc":{"start":{"line":369,"column":23},"end":{"line":386,"column":3}}},"29":{"name":"(anonymous_31)","decl":{"start":{"line":388,"column":2},"end":{"line":388,"column":7}},"loc":{"start":{"line":388,"column":50},"end":{"line":396,"column":3}}},"30":{"name":"(anonymous_32)","decl":{"start":{"line":398,"column":2},"end":{"line":398,"column":7}},"loc":{"start":{"line":401,"column":23},"end":{"line":418,"column":3}}},"31":{"name":"(anonymous_33)","decl":{"start":{"line":420,"column":2},"end":{"line":420,"column":7}},"loc":{"start":{"line":420,"column":42},"end":{"line":431,"column":3}}},"32":{"name":"(anonymous_34)","decl":{"start":{"line":433,"column":2},"end":{"line":433,"column":7}},"loc":{"start":{"line":433,"column":47},"end":{"line":441,"column":3}}},"33":{"name":"(anonymous_35)","decl":{"start":{"line":443,"column":2},"end":{"line":443,"column":7}},"loc":{"start":{"line":443,"column":66},"end":{"line":454,"column":3}}},"34":{"name":"(anonymous_36)","decl":{"start":{"line":456,"column":2},"end":{"line":456,"column":7}},"loc":{"start":{"line":458,"column":35},"end":{"line":473,"column":3}}},"35":{"name":"(anonymous_37)","decl":{"start":{"line":475,"column":2},"end":{"line":475,"column":7}},"loc":{"start":{"line":475,"column":25},"end":{"line":480,"column":3}}},"36":{"name":"(anonymous_38)","decl":{"start":{"line":482,"column":2},"end":{"line":482,"column":7}},"loc":{"start":{"line":482,"column":45},"end":{"line":536,"column":3}}},"37":{"name":"(anonymous_39)","decl":{"start":{"line":514,"column":8},"end":{"line":514,"column":9}},"loc":{"start":{"line":514,"column":17},"end":{"line":514,"column":55}}},"38":{"name":"(anonymous_40)","decl":{"start":{"line":517,"column":8},"end":{"line":517,"column":9}},"loc":{"start":{"line":517,"column":17},"end":{"line":517,"column":59}}},"39":{"name":"(anonymous_41)","decl":{"start":{"line":520,"column":8},"end":{"line":520,"column":9}},"loc":{"start":{"line":520,"column":17},"end":{"line":520,"column":58}}}},"branchMap":{"0":{"loc":{"start":{"line":73,"column":4},"end":{"line":75,"column":5}},"type":"if","locations":[{"start":{"line":73,"column":4},"end":{"line":75,"column":5}},{"start":{},"end":{}}]},"1":{"loc":{"start":{"line":92,"column":4},"end":{"line":94,"column":5}},"type":"if","locations":[{"start":{"line":92,"column":4},"end":{"line":94,"column":5}},{"start":{},"end":{}}]},"2":{"loc":{"start":{"line":108,"column":4},"end":{"line":110,"column":5}},"type":"if","locations":[{"start":{"line":108,"column":4},"end":{"line":110,"column":5}},{"start":{},"end":{}}]},"3":{"loc":{"start":{"line":150,"column":4},"end":{"line":152,"column":5}},"type":"if","locations":[{"start":{"line":150,"column":4},"end":{"line":152,"column":5}},{"start":{},"end":{}}]},"4":{"loc":{"start":{"line":169,"column":4},"end":{"line":171,"column":5}},"type":"if","locations":[{"start":{"line":169,"column":4},"end":{"line":171,"column":5}},{"start":{},"end":{}}]},"5":{"loc":{"start":{"line":198,"column":4},"end":{"line":200,"column":5}},"type":"if","locations":[{"start":{"line":198,"column":4},"end":{"line":200,"column":5}},{"start":{},"end":{}}]},"6":{"loc":{"start":{"line":217,"column":4},"end":{"line":219,"column":5}},"type":"if","locations":[{"start":{"line":217,"column":4},"end":{"line":219,"column":5}},{"start":{},"end":{}}]},"7":{"loc":{"start":{"line":230,"column":4},"end":{"line":232,"column":5}},"type":"if","locations":[{"start":{"line":230,"column":4},"end":{"line":232,"column":5}},{"start":{},"end":{}}]},"8":{"loc":{"start":{"line":276,"column":4},"end":{"line":278,"column":5}},"type":"if","locations":[{"start":{"line":276,"column":4},"end":{"line":278,"column":5}},{"start":{},"end":{}}]},"9":{"loc":{"start":{"line":287,"column":14},"end":{"line":287,"column":51}},"type":"cond-expr","locations":[{"start":{"line":287,"column":21},"end":{"line":287,"column":39}},{"start":{"line":287,"column":42},"end":{"line":287,"column":51}}]},"10":{"loc":{"start":{"line":288,"column":14},"end":{"line":288,"column":53}},"type":"cond-expr","locations":[{"start":{"line":288,"column":22},"end":{"line":288,"column":41}},{"start":{"line":288,"column":44},"end":{"line":288,"column":53}}]},"11":{"loc":{"start":{"line":299,"column":4},"end":{"line":301,"column":5}},"type":"if","locations":[{"start":{"line":299,"column":4},"end":{"line":301,"column":5}},{"start":{},"end":{}}]},"12":{"loc":{"start":{"line":312,"column":4},"end":{"line":314,"column":5}},"type":"if","locations":[{"start":{"line":312,"column":4},"end":{"line":314,"column":5}},{"start":{},"end":{}}]},"13":{"loc":{"start":{"line":323,"column":4},"end":{"line":325,"column":5}},"type":"if","locations":[{"start":{"line":323,"column":4},"end":{"line":325,"column":5}},{"start":{},"end":{}}]},"14":{"loc":{"start":{"line":323,"column":8},"end":{"line":323,"column":55}},"type":"binary-expr","locations":[{"start":{"line":323,"column":8},"end":{"line":323,"column":32}},{"start":{"line":323,"column":36},"end":{"line":323,"column":55}}]},"15":{"loc":{"start":{"line":330,"column":6},"end":{"line":330,"column":32}},"type":"binary-expr","locations":[{"start":{"line":330,"column":6},"end":{"line":330,"column":24}},{"start":{"line":330,"column":28},"end":{"line":330,"column":32}}]},"16":{"loc":{"start":{"line":333,"column":4},"end":{"line":335,"column":5}},"type":"if","locations":[{"start":{"line":333,"column":4},"end":{"line":335,"column":5}},{"start":{},"end":{}}]},"17":{"loc":{"start":{"line":344,"column":14},"end":{"line":344,"column":51}},"type":"cond-expr","locations":[{"start":{"line":344,"column":21},"end":{"line":344,"column":39}},{"start":{"line":344,"column":42},"end":{"line":344,"column":51}}]},"18":{"loc":{"start":{"line":345,"column":14},"end":{"line":345,"column":53}},"type":"cond-expr","locations":[{"start":{"line":345,"column":22},"end":{"line":345,"column":41}},{"start":{"line":345,"column":44},"end":{"line":345,"column":53}}]},"19":{"loc":{"start":{"line":356,"column":4},"end":{"line":358,"column":5}},"type":"if","locations":[{"start":{"line":356,"column":4},"end":{"line":358,"column":5}},{"start":{},"end":{}}]},"20":{"loc":{"start":{"line":378,"column":4},"end":{"line":380,"column":5}},"type":"if","locations":[{"start":{"line":378,"column":4},"end":{"line":380,"column":5}},{"start":{},"end":{}}]},"21":{"loc":{"start":{"line":389,"column":14},"end":{"line":389,"column":51}},"type":"cond-expr","locations":[{"start":{"line":389,"column":21},"end":{"line":389,"column":39}},{"start":{"line":389,"column":42},"end":{"line":389,"column":51}}]},"22":{"loc":{"start":{"line":390,"column":14},"end":{"line":390,"column":53}},"type":"cond-expr","locations":[{"start":{"line":390,"column":22},"end":{"line":390,"column":41}},{"start":{"line":390,"column":44},"end":{"line":390,"column":53}}]},"23":{"loc":{"start":{"line":406,"column":6},"end":{"line":406,"column":31}},"type":"binary-expr","locations":[{"start":{"line":406,"column":6},"end":{"line":406,"column":25}},{"start":{"line":406,"column":29},"end":{"line":406,"column":31}}]},"24":{"loc":{"start":{"line":410,"column":4},"end":{"line":412,"column":5}},"type":"if","locations":[{"start":{"line":410,"column":4},"end":{"line":412,"column":5}},{"start":{},"end":{}}]},"25":{"loc":{"start":{"line":423,"column":4},"end":{"line":425,"column":5}},"type":"if","locations":[{"start":{"line":423,"column":4},"end":{"line":425,"column":5}},{"start":{},"end":{}}]},"26":{"loc":{"start":{"line":446,"column":4},"end":{"line":448,"column":5}},"type":"if","locations":[{"start":{"line":446,"column":4},"end":{"line":448,"column":5}},{"start":{},"end":{}}]},"27":{"loc":{"start":{"line":465,"column":4},"end":{"line":467,"column":5}},"type":"if","locations":[{"start":{"line":465,"column":4},"end":{"line":467,"column":5}},{"start":{},"end":{}}]},"28":{"loc":{"start":{"line":483,"column":4},"end":{"line":485,"column":5}},"type":"if","locations":[{"start":{"line":483,"column":4},"end":{"line":485,"column":5}},{"start":{},"end":{}}]},"29":{"loc":{"start":{"line":492,"column":4},"end":{"line":507,"column":5}},"type":"if","locations":[{"start":{"line":492,"column":4},"end":{"line":507,"column":5}},{"start":{},"end":{}}]},"30":{"loc":{"start":{"line":31,"column":41},"end":{"line":31,"column":64}},"type":"cond-expr","locations":[{"start":{"line":31,"column":61},"end":{"line":31,"column":64}},{"start":{"line":31,"column":61},"end":{"line":31,"column":64}}]},"31":{"loc":{"start":{"line":31,"column":41},"end":{"line":31,"column":61}},"type":"binary-expr","locations":[{"start":{"line":31,"column":41},"end":{"line":31,"column":64}},{"start":{"line":31,"column":41},"end":{"line":31,"column":61}}]}},"s":{"0":2,"1":2,"2":2,"3":2,"4":2,"5":6,"6":1,"7":1,"8":1,"9":1,"10":1,"11":1,"12":0,"13":0,"14":0,"15":0,"16":0,"17":0,"18":0,"19":0,"20":0,"21":0,"22":0,"23":0,"24":0,"25":0,"26":0,"27":0,"28":0,"29":0,"30":0,"31":0,"32":0,"33":0,"34":0,"35":0,"36":0,"37":0,"38":0,"39":0,"40":0,"41":0,"42":0,"43":0,"44":0,"45":0,"46":0,"47":0,"48":0,"49":0,"50":0,"51":0,"52":0,"53":0,"54":0,"55":0,"56":0,"57":0,"58":0,"59":0,"60":0,"61":0,"62":0,"63":0,"64":0,"65":0,"66":0,"67":0,"68":0,"69":0,"70":0,"71":0,"72":0,"73":0,"74":0,"75":0,"76":0,"77":0,"78":0,"79":0,"80":0,"81":0,"82":0,"83":0,"84":0,"85":0,"86":0,"87":0,"88":0,"89":0,"90":0,"91":0,"92":0,"93":0,"94":0,"95":0,"96":0,"97":0,"98":0,"99":0,"100":0,"101":0,"102":0,"103":0,"104":0,"105":0,"106":0,"107":0,"108":0,"109":0,"110":0,"111":0,"112":0,"113":0,"114":0,"115":0,"116":0,"117":0,"118":0,"119":0,"120":0,"121":0,"122":0,"123":0,"124":0,"125":0,"126":0,"127":0,"128":0,"129":2,"130":2},"f":{"0":6,"1":1,"2":1,"3":1,"4":1,"5":1,"6":0,"7":0,"8":0,"9":0,"10":0,"11":0,"12":0,"13":0,"14":0,"15":0,"16":0,"17":0,"18":0,"19":0,"20":0,"21":0,"22":0,"23":0,"24":0,"25":0,"26":0,"27":0,"28":0,"29":0,"30":0,"31":0,"32":0,"33":0,"34":0,"35":0,"36":0,"37":0,"38":0,"39":0},"b":{"0":[0,0],"1":[0,0],"2":[0,0],"3":[0,0],"4":[0,0],"5":[0,0],"6":[0,0],"7":[0,0],"8":[0,0],"9":[0,0],"10":[0,0],"11":[0,0],"12":[0,0],"13":[0,0],"14":[0,0],"15":[0,0],"16":[0,0],"17":[0,0],"18":[0,0],"19":[0,0],"20":[0,0],"21":[0,0],"22":[0,0],"23":[0,0],"24":[0,0],"25":[0,0],"26":[0,0],"27":[0,0],"28":[0,0],"29":[0,0],"30":[2,0],"31":[2,2]}}
,"C:\\Users\\hokha\\Dropbox\\PC\\Downloads\\LearningDocuments\\DATTLT-A\\BackEnd\\src\\admin\\dto\\admin.dto.ts": {"path":"C:\\Users\\hokha\\Dropbox\\PC\\Downloads\\LearningDocuments\\DATTLT-A\\BackEnd\\src\\admin\\dto\\admin.dto.ts","statementMap":{"0":{"start":{"line":3,"column":0},"end":{"line":3,"column":13}},"1":{"start":{"line":12,"column":0},"end":{"line":12,"column":13}},"2":{"start":{"line":21,"column":0},"end":{"line":21,"column":13}},"3":{"start":{"line":30,"column":0},"end":{"line":30,"column":13}},"4":{"start":{"line":34,"column":0},"end":{"line":34,"column":13}},"5":{"start":{"line":41,"column":0},"end":{"line":41,"column":13}},"6":{"start":{"line":48,"column":0},"end":{"line":48,"column":13}},"7":{"start":{"line":52,"column":0},"end":{"line":52,"column":13}},"8":{"start":{"line":67,"column":0},"end":{"line":67,"column":13}},"9":{"start":{"line":82,"column":0},"end":{"line":82,"column":13}},"10":{"start":{"line":86,"column":0},"end":{"line":86,"column":13}},"11":{"start":{"line":94,"column":0},"end":{"line":94,"column":13}},"12":{"start":{"line":99,"column":0},"end":{"line":99,"column":13}},"13":{"start":{"line":103,"column":0},"end":{"line":103,"column":13}},"14":{"start":{"line":108,"column":0},"end":{"line":108,"column":13}},"15":{"start":{"line":120,"column":0},"end":{"line":120,"column":13}},"16":{"start":{"line":126,"column":0},"end":{"line":126,"column":13}},"17":{"start":{"line":137,"column":0},"end":{"line":137,"column":13}},"18":{"start":{"line":153,"column":0},"end":{"line":153,"column":13}},"19":{"start":{"line":169,"column":0},"end":{"line":169,"column":13}},"20":{"start":{"line":173,"column":0},"end":{"line":173,"column":13}},"21":{"start":{"line":178,"column":0},"end":{"line":178,"column":13}}},"fnMap":{},"branchMap":{},"s":{"0":1,"1":1,"2":1,"3":1,"4":1,"5":1,"6":1,"7":1,"8":1,"9":1,"10":1,"11":1,"12":1,"13":1,"14":1,"15":1,"16":1,"17":1,"18":1,"19":1,"20":1,"21":1},"f":{},"b":{}}
,"C:\\Users\\hokha\\Dropbox\\PC\\Downloads\\LearningDocuments\\DATTLT-A\\BackEnd\\src\\auth\\auth.controller.ts": {"path":"C:\\Users\\hokha\\Dropbox\\PC\\Downloads\\LearningDocuments\\DATTLT-A\\BackEnd\\src\\auth\\auth.controller.ts","statementMap":{"0":{"start":{"line":1,"column":0},"end":{"line":1,"column":null}},"1":{"start":{"line":14,"column":0},"end":{"line":14,"column":45}},"2":{"start":{"line":15,"column":0},"end":{"line":15,"column":66}},"3":{"start":{"line":16,"column":0},"end":{"line":16,"column":null}},"4":{"start":{"line":23,"column":0},"end":{"line":23,"column":53}},"5":{"start":{"line":24,"column":0},"end":{"line":24,"column":45}},"6":{"start":{"line":25,"column":0},"end":{"line":25,"column":55}},"7":{"start":{"line":26,"column":0},"end":{"line":26,"column":61}},"8":{"start":{"line":27,"column":0},"end":{"line":27,"column":61}},"9":{"start":{"line":28,"column":0},"end":{"line":28,"column":50}},"10":{"start":{"line":37,"column":7},"end":{"line":132,"column":null}},"11":{"start":{"line":38,"column":31},"end":{"line":38,"column":44}},"12":{"start":{"line":42,"column":4},"end":{"line":42,"column":46}},"13":{"start":{"line":47,"column":4},"end":{"line":47,"column":47}},"14":{"start":{"line":52,"column":4},"end":{"line":52,"column":43}},"15":{"start":{"line":57,"column":4},"end":{"line":57,"column":52}},"16":{"start":{"line":62,"column":4},"end":{"line":62,"column":51}},"17":{"start":{"line":67,"column":4},"end":{"line":67,"column":44}},"18":{"start":{"line":85,"column":26},"end":{"line":85,"column":69}},"19":{"start":{"line":86,"column":4},"end":{"line":91,"column":6}},"20":{"start":{"line":97,"column":4},"end":{"line":100,"column":6}},"21":{"start":{"line":108,"column":4},"end":{"line":111,"column":6}},"22":{"start":{"line":119,"column":4},"end":{"line":122,"column":6}},"23":{"start":{"line":130,"column":4},"end":{"line":130,"column":47}},"24":{"start":{"line":37,"column":13},"end":{"line":37,"column":27}},"25":{"start":{"line":41,"column":2},"end":{"line":43,"column":null}},"26":{"start":{"line":46,"column":2},"end":{"line":48,"column":null}},"27":{"start":{"line":51,"column":2},"end":{"line":53,"column":null}},"28":{"start":{"line":56,"column":2},"end":{"line":58,"column":null}},"29":{"start":{"line":61,"column":2},"end":{"line":63,"column":null}},"30":{"start":{"line":66,"column":2},"end":{"line":68,"column":null}},"31":{"start":{"line":73,"column":2},"end":{"line":75,"column":null}},"32":{"start":{"line":79,"column":8},"end":{"line":92,"column":null}},"33":{"start":{"line":96,"column":2},"end":{"line":101,"column":null}},"34":{"start":{"line":107,"column":2},"end":{"line":112,"column":null}},"35":{"start":{"line":118,"column":2},"end":{"line":123,"column":null}},"36":{"start":{"line":129,"column":2},"end":{"line":131,"column":null}},"37":{"start":{"line":37,"column":13},"end":{"line":132,"column":null}}},"fnMap":{"0":{"name":"(anonymous_4)","decl":{"start":{"line":38,"column":2},"end":{"line":38,"column":31}},"loc":{"start":{"line":38,"column":55},"end":{"line":38,"column":59}}},"1":{"name":"(anonymous_5)","decl":{"start":{"line":41,"column":2},"end":{"line":41,"column":10}},"loc":{"start":{"line":41,"column":39},"end":{"line":43,"column":3}}},"2":{"name":"(anonymous_6)","decl":{"start":{"line":46,"column":2},"end":{"line":46,"column":11}},"loc":{"start":{"line":46,"column":41},"end":{"line":48,"column":3}}},"3":{"name":"(anonymous_7)","decl":{"start":{"line":51,"column":2},"end":{"line":51,"column":7}},"loc":{"start":{"line":51,"column":33},"end":{"line":53,"column":3}}},"4":{"name":"(anonymous_8)","decl":{"start":{"line":56,"column":2},"end":{"line":56,"column":16}},"loc":{"start":{"line":56,"column":51},"end":{"line":58,"column":3}}},"5":{"name":"(anonymous_9)","decl":{"start":{"line":61,"column":2},"end":{"line":61,"column":15}},"loc":{"start":{"line":61,"column":49},"end":{"line":63,"column":3}}},"6":{"name":"(anonymous_10)","decl":{"start":{"line":66,"column":2},"end":{"line":66,"column":8}},"loc":{"start":{"line":66,"column":35},"end":{"line":68,"column":3}}},"7":{"name":"(anonymous_11)","decl":{"start":{"line":73,"column":2},"end":{"line":73,"column":12}},"loc":{"start":{"line":73,"column":12},"end":{"line":75,"column":3}}},"8":{"name":"(anonymous_12)","decl":{"start":{"line":79,"column":8},"end":{"line":79,"column":26}},"loc":{"start":{"line":81,"column":24},"end":{"line":92,"column":3}}},"9":{"name":"(anonymous_13)","decl":{"start":{"line":96,"column":2},"end":{"line":96,"column":4}},"loc":{"start":{"line":96,"column":41},"end":{"line":101,"column":3}}},"10":{"name":"(anonymous_14)","decl":{"start":{"line":107,"column":2},"end":{"line":107,"column":11}},"loc":{"start":{"line":107,"column":48},"end":{"line":112,"column":3}}},"11":{"name":"(anonymous_15)","decl":{"start":{"line":118,"column":2},"end":{"line":118,"column":21}},"loc":{"start":{"line":118,"column":58},"end":{"line":123,"column":3}}},"12":{"name":"(anonymous_16)","decl":{"start":{"line":129,"column":2},"end":{"line":129,"column":12}},"loc":{"start":{"line":129,"column":58},"end":{"line":131,"column":3}}}},"branchMap":{"0":{"loc":{"start":{"line":41,"column":28},"end":{"line":41,"column":null}},"type":"cond-expr","locations":[{"start":{"line":41,"column":39},"end":{"line":41,"column":null}},{"start":{"line":41,"column":39},"end":{"line":41,"column":null}}]},"1":{"loc":{"start":{"line":41,"column":28},"end":{"line":41,"column":39}},"type":"binary-expr","locations":[{"start":{"line":41,"column":28},"end":{"line":41,"column":null}},{"start":{"line":41,"column":28},"end":{"line":41,"column":39}}]},"2":{"loc":{"start":{"line":46,"column":29},"end":{"line":46,"column":null}},"type":"cond-expr","locations":[{"start":{"line":46,"column":41},"end":{"line":46,"column":null}},{"start":{"line":46,"column":41},"end":{"line":46,"column":null}}]},"3":{"loc":{"start":{"line":46,"column":29},"end":{"line":46,"column":41}},"type":"binary-expr","locations":[{"start":{"line":46,"column":29},"end":{"line":46,"column":null}},{"start":{"line":46,"column":29},"end":{"line":46,"column":41}}]},"4":{"loc":{"start":{"line":51,"column":25},"end":{"line":51,"column":null}},"type":"cond-expr","locations":[{"start":{"line":51,"column":33},"end":{"line":51,"column":null}},{"start":{"line":51,"column":33},"end":{"line":51,"column":null}}]},"5":{"loc":{"start":{"line":51,"column":25},"end":{"line":51,"column":33}},"type":"binary-expr","locations":[{"start":{"line":51,"column":25},"end":{"line":51,"column":null}},{"start":{"line":51,"column":25},"end":{"line":51,"column":33}}]},"6":{"loc":{"start":{"line":56,"column":34},"end":{"line":56,"column":null}},"type":"cond-expr","locations":[{"start":{"line":56,"column":51},"end":{"line":56,"column":null}},{"start":{"line":56,"column":51},"end":{"line":56,"column":null}}]},"7":{"loc":{"start":{"line":56,"column":34},"end":{"line":56,"column":51}},"type":"binary-expr","locations":[{"start":{"line":56,"column":34},"end":{"line":56,"column":null}},{"start":{"line":56,"column":34},"end":{"line":56,"column":51}}]},"8":{"loc":{"start":{"line":61,"column":33},"end":{"line":61,"column":null}},"type":"cond-expr","locations":[{"start":{"line":61,"column":49},"end":{"line":61,"column":null}},{"start":{"line":61,"column":49},"end":{"line":61,"column":null}}]},"9":{"loc":{"start":{"line":61,"column":33},"end":{"line":61,"column":49}},"type":"binary-expr","locations":[{"start":{"line":61,"column":33},"end":{"line":61,"column":null}},{"start":{"line":61,"column":33},"end":{"line":61,"column":49}}]},"10":{"loc":{"start":{"line":66,"column":26},"end":{"line":66,"column":null}},"type":"cond-expr","locations":[{"start":{"line":66,"column":35},"end":{"line":66,"column":null}},{"start":{"line":66,"column":35},"end":{"line":66,"column":null}}]},"11":{"loc":{"start":{"line":66,"column":26},"end":{"line":66,"column":35}},"type":"binary-expr","locations":[{"start":{"line":66,"column":26},"end":{"line":66,"column":null}},{"start":{"line":66,"column":26},"end":{"line":66,"column":35}}]},"12":{"loc":{"start":{"line":80,"column":16},"end":{"line":80,"column":null}},"type":"cond-expr","locations":[{"start":{"line":80,"column":36},"end":{"line":80,"column":null}},{"start":{"line":80,"column":36},"end":{"line":80,"column":null}}]},"13":{"loc":{"start":{"line":80,"column":16},"end":{"line":80,"column":36}},"type":"binary-expr","locations":[{"start":{"line":80,"column":16},"end":{"line":80,"column":null}},{"start":{"line":80,"column":16},"end":{"line":80,"column":36}}]},"14":{"loc":{"start":{"line":96,"column":21},"end":{"line":96,"column":null}},"type":"cond-expr","locations":[{"start":{"line":96,"column":41},"end":{"line":96,"column":null}},{"start":{"line":96,"column":41},"end":{"line":96,"column":null}}]},"15":{"loc":{"start":{"line":96,"column":21},"end":{"line":96,"column":41}},"type":"binary-expr","locations":[{"start":{"line":96,"column":21},"end":{"line":96,"column":null}},{"start":{"line":96,"column":21},"end":{"line":96,"column":41}}]},"16":{"loc":{"start":{"line":107,"column":28},"end":{"line":107,"column":null}},"type":"cond-expr","locations":[{"start":{"line":107,"column":48},"end":{"line":107,"column":null}},{"start":{"line":107,"column":48},"end":{"line":107,"column":null}}]},"17":{"loc":{"start":{"line":107,"column":28},"end":{"line":107,"column":48}},"type":"binary-expr","locations":[{"start":{"line":107,"column":28},"end":{"line":107,"column":null}},{"start":{"line":107,"column":28},"end":{"line":107,"column":48}}]},"18":{"loc":{"start":{"line":118,"column":38},"end":{"line":118,"column":null}},"type":"cond-expr","locations":[{"start":{"line":118,"column":58},"end":{"line":118,"column":null}},{"start":{"line":118,"column":58},"end":{"line":118,"column":null}}]},"19":{"loc":{"start":{"line":118,"column":38},"end":{"line":118,"column":58}},"type":"binary-expr","locations":[{"start":{"line":118,"column":38},"end":{"line":118,"column":null}},{"start":{"line":118,"column":38},"end":{"line":118,"column":58}}]},"20":{"loc":{"start":{"line":38,"column":44},"end":{"line":38,"column":58}},"type":"cond-expr","locations":[{"start":{"line":38,"column":55},"end":{"line":38,"column":58}},{"start":{"line":38,"column":55},"end":{"line":38,"column":58}}]},"21":{"loc":{"start":{"line":38,"column":44},"end":{"line":38,"column":55}},"type":"binary-expr","locations":[{"start":{"line":38,"column":44},"end":{"line":38,"column":58}},{"start":{"line":38,"column":44},"end":{"line":38,"column":55}}]}},"s":{"0":1,"1":1,"2":1,"3":1,"4":1,"5":1,"6":1,"7":1,"8":1,"9":1,"10":1,"11":11,"12":1,"13":1,"14":1,"15":1,"16":1,"17":1,"18":0,"19":0,"20":1,"21":1,"22":1,"23":1,"24":1,"25":1,"26":1,"27":1,"28":1,"29":1,"30":1,"31":1,"32":1,"33":1,"34":1,"35":1,"36":1,"37":1},"f":{"0":11,"1":1,"2":1,"3":1,"4":1,"5":1,"6":1,"7":0,"8":0,"9":1,"10":1,"11":1,"12":1},"b":{"0":[1,0],"1":[1,1],"2":[1,0],"3":[1,1],"4":[1,0],"5":[1,1],"6":[1,0],"7":[1,1],"8":[1,0],"9":[1,1],"10":[1,0],"11":[1,1],"12":[0,1],"13":[1,0],"14":[0,1],"15":[1,0],"16":[0,1],"17":[1,0],"18":[0,1],"19":[1,0],"20":[1,0],"21":[1,1]}}
,"C:\\Users\\hokha\\Dropbox\\PC\\Downloads\\LearningDocuments\\DATTLT-A\\BackEnd\\src\\auth\\auth.module.ts": {"path":"C:\\Users\\hokha\\Dropbox\\PC\\Downloads\\LearningDocuments\\DATTLT-A\\BackEnd\\src\\auth\\auth.module.ts","statementMap":{"0":{"start":{"line":1,"column":0},"end":{"line":1,"column":40}},"1":{"start":{"line":2,"column":0},"end":{"line":2,"column":51}},"2":{"start":{"line":3,"column":0},"end":{"line":3,"column":45}},"3":{"start":{"line":4,"column":0},"end":{"line":4,"column":61}},"4":{"start":{"line":5,"column":0},"end":{"line":5,"column":55}},"5":{"start":{"line":6,"column":0},"end":{"line":6,"column":62}},"6":{"start":{"line":7,"column":0},"end":{"line":7,"column":50}},"7":{"start":{"line":8,"column":0},"end":{"line":8,"column":56}},"8":{"start":{"line":9,"column":0},"end":{"line":9,"column":63}},"9":{"start":{"line":10,"column":0},"end":{"line":10,"column":73}},"10":{"start":{"line":11,"column":0},"end":{"line":11,"column":52}},"11":{"start":{"line":12,"column":0},"end":{"line":12,"column":62}},"12":{"start":{"line":13,"column":0},"end":{"line":13,"column":55}},"13":{"start":{"line":14,"column":0},"end":{"line":14,"column":61}},"14":{"start":{"line":42,"column":7},"end":{"line":42,"column":null}},"15":{"start":{"line":42,"column":13},"end":{"line":42,"column":23}},"16":{"start":{"line":42,"column":13},"end":{"line":42,"column":null}}},"fnMap":{},"branchMap":{},"s":{"0":0,"1":0,"2":0,"3":0,"4":0,"5":0,"6":0,"7":0,"8":0,"9":0,"10":0,"11":0,"12":0,"13":0,"14":0,"15":0,"16":0},"f":{},"b":{}}
,"C:\\Users\\hokha\\Dropbox\\PC\\Downloads\\LearningDocuments\\DATTLT-A\\BackEnd\\src\\auth\\auth.service.ts": {"path":"C:\\Users\\hokha\\Dropbox\\PC\\Downloads\\LearningDocuments\\DATTLT-A\\BackEnd\\src\\auth\\auth.service.ts","statementMap":{"0":{"start":{"line":1,"column":0},"end":{"line":1,"column":null}},"1":{"start":{"line":8,"column":0},"end":{"line":8,"column":41}},"2":{"start":{"line":9,"column":0},"end":{"line":9,"column":31}},"3":{"start":{"line":19,"column":0},"end":{"line":19,"column":63}},"4":{"start":{"line":20,"column":0},"end":{"line":20,"column":73}},"5":{"start":{"line":21,"column":0},"end":{"line":21,"column":52}},"6":{"start":{"line":22,"column":0},"end":{"line":22,"column":62}},"7":{"start":{"line":51,"column":24},"end":{"line":587,"column":null}},"8":{"start":{"line":52,"column":28},"end":{"line":52,"column":56}},"9":{"start":{"line":55,"column":21},"end":{"line":55,"column":31}},"10":{"start":{"line":56,"column":21},"end":{"line":56,"column":33}},"11":{"start":{"line":57,"column":21},"end":{"line":57,"column":38}},"12":{"start":{"line":58,"column":21},"end":{"line":58,"column":38}},"13":{"start":{"line":62,"column":4},"end":{"line":62,"column":42}},"14":{"start":{"line":64,"column":25},"end":{"line":66,"column":null}},"15":{"start":{"line":69,"column":4},"end":{"line":71,"column":5}},"16":{"start":{"line":70,"column":6},"end":{"line":70,"column":69}},"17":{"start":{"line":73,"column":17},"end":{"line":82,"column":6}},"18":{"start":{"line":84,"column":4},"end":{"line":86,"column":5}},"19":{"start":{"line":85,"column":6},"end":{"line":85,"column":61}},"20":{"start":{"line":88,"column":22},"end":{"line":99,"column":6}},"21":{"start":{"line":101,"column":4},"end":{"line":105,"column":6}},"22":{"start":{"line":109,"column":4},"end":{"line":109,"column":43}},"23":{"start":{"line":111,"column":22},"end":{"line":113,"column":null}},"24":{"start":{"line":116,"column":4},"end":{"line":118,"column":5}},"25":{"start":{"line":117,"column":6},"end":{"line":117,"column":65}},"26":{"start":{"line":120,"column":4},"end":{"line":120,"column":52}},"27":{"start":{"line":122,"column":4},"end":{"line":135,"column":5}},"28":{"start":{"line":123,"column":19},"end":{"line":123,"column":69}},"29":{"start":{"line":125,"column":6},"end":{"line":127,"column":7}},"30":{"start":{"line":126,"column":8},"end":{"line":126,"column":68}},"31":{"start":{"line":129,"column":6},"end":{"line":129,"column":68}},"32":{"start":{"line":131,"column":6},"end":{"line":134,"column":8}},"33":{"start":{"line":137,"column":4},"end":{"line":139,"column":6}},"34":{"start":{"line":143,"column":4},"end":{"line":143,"column":39}},"35":{"start":{"line":145,"column":17},"end":{"line":145,"column":77}},"36":{"start":{"line":147,"column":4},"end":{"line":149,"column":5}},"37":{"start":{"line":148,"column":6},"end":{"line":148,"column":52}},"38":{"start":{"line":151,"column":4},"end":{"line":153,"column":5}},"39":{"start":{"line":152,"column":6},"end":{"line":152,"column":57}},"40":{"start":{"line":155,"column":4},"end":{"line":157,"column":5}},"41":{"start":{"line":156,"column":6},"end":{"line":156,"column":58}},"42":{"start":{"line":159,"column":4},"end":{"line":161,"column":5}},"43":{"start":{"line":160,"column":6},"end":{"line":160,"column":67}},"44":{"start":{"line":163,"column":24},"end":{"line":163,"column":65}},"45":{"start":{"line":164,"column":24},"end":{"line":172,"column":6}},"46":{"start":{"line":173,"column":25},"end":{"line":180,"column":null}},"47":{"start":{"line":183,"column":4},"end":{"line":187,"column":7}},"48":{"start":{"line":189,"column":4},"end":{"line":191,"column":6}},"49":{"start":{"line":193,"column":4},"end":{"line":204,"column":6}},"50":{"start":{"line":208,"column":4},"end":{"line":210,"column":5}},"51":{"start":{"line":209,"column":6},"end":{"line":209,"column":61}},"52":{"start":{"line":212,"column":15},"end":{"line":212,"column":74}},"53":{"start":{"line":214,"column":4},"end":{"line":232,"column":5}},"54":{"start":{"line":215,"column":6},"end":{"line":224,"column":9}},"55":{"start":{"line":226,"column":6},"end":{"line":228,"column":7}},"56":{"start":{"line":227,"column":8},"end":{"line":227,"column":74}},"57":{"start":{"line":229,"column":11},"end":{"line":232,"column":5}},"58":{"start":{"line":230,"column":6},"end":{"line":230,"column":68}},"59":{"start":{"line":231,"column":6},"end":{"line":231,"column":58}},"60":{"start":{"line":234,"column":4},"end":{"line":236,"column":5}},"61":{"start":{"line":235,"column":6},"end":{"line":235,"column":57}},"62":{"start":{"line":238,"column":24},"end":{"line":238,"column":65}},"63":{"start":{"line":239,"column":24},"end":{"line":247,"column":6}},"64":{"start":{"line":248,"column":25},"end":{"line":255,"column":null}},"65":{"start":{"line":258,"column":4},"end":{"line":262,"column":7}},"66":{"start":{"line":264,"column":4},"end":{"line":266,"column":6}},"67":{"start":{"line":268,"column":4},"end":{"line":279,"column":6}},"68":{"start":{"line":283,"column":4},"end":{"line":285,"column":5}},"69":{"start":{"line":284,"column":6},"end":{"line":284,"column":18}},"70":{"start":{"line":287,"column":4},"end":{"line":295,"column":5}},"71":{"start":{"line":288,"column":26},"end":{"line":289,"column":null}},"72":{"start":{"line":292,"column":6},"end":{"line":292,"column":70}},"73":{"start":{"line":294,"column":6},"end":{"line":294,"column":18}},"74":{"start":{"line":302,"column":24},"end":{"line":302,"column":74}},"75":{"start":{"line":304,"column":24},"end":{"line":304,"column":44}},"76":{"start":{"line":305,"column":4},"end":{"line":308,"column":6}},"77":{"start":{"line":309,"column":4},"end":{"line":312,"column":6}},"78":{"start":{"line":313,"column":4},"end":{"line":313,"column":78}},"79":{"start":{"line":314,"column":4},"end":{"line":314,"column":67}},"80":{"start":{"line":315,"column":4},"end":{"line":315,"column":77}},"81":{"start":{"line":317,"column":4},"end":{"line":317,"column":34}},"82":{"start":{"line":321,"column":4},"end":{"line":321,"column":52}},"83":{"start":{"line":323,"column":25},"end":{"line":323,"column":74}},"84":{"start":{"line":325,"column":4},"end":{"line":327,"column":5}},"85":{"start":{"line":326,"column":6},"end":{"line":326,"column":66}},"86":{"start":{"line":329,"column":24},"end":{"line":330,"column":null}},"87":{"start":{"line":333,"column":4},"end":{"line":337,"column":5}},"88":{"start":{"line":334,"column":6},"end":{"line":336,"column":8}},"89":{"start":{"line":339,"column":4},"end":{"line":339,"column":59}},"90":{"start":{"line":341,"column":4},"end":{"line":344,"column":6}},"91":{"start":{"line":348,"column":17},"end":{"line":348,"column":57}},"92":{"start":{"line":350,"column":4},"end":{"line":352,"column":5}},"93":{"start":{"line":351,"column":6},"end":{"line":351,"column":52}},"94":{"start":{"line":354,"column":4},"end":{"line":354,"column":43}},"95":{"start":{"line":356,"column":4},"end":{"line":359,"column":6}},"96":{"start":{"line":363,"column":4},"end":{"line":363,"column":48}},"97":{"start":{"line":364,"column":4},"end":{"line":364,"column":56}},"98":{"start":{"line":366,"column":17},"end":{"line":366,"column":77}},"99":{"start":{"line":368,"column":4},"end":{"line":370,"column":5}},"100":{"start":{"line":369,"column":6},"end":{"line":369,"column":52}},"101":{"start":{"line":372,"column":22},"end":{"line":383,"column":6}},"102":{"start":{"line":385,"column":4},"end":{"line":389,"column":6}},"103":{"start":{"line":393,"column":4},"end":{"line":393,"column":47}},"104":{"start":{"line":395,"column":17},"end":{"line":395,"column":77}},"105":{"start":{"line":397,"column":4},"end":{"line":399,"column":5}},"106":{"start":{"line":398,"column":6},"end":{"line":398,"column":52}},"107":{"start":{"line":401,"column":22},"end":{"line":403,"column":null}},"108":{"start":{"line":406,"column":4},"end":{"line":408,"column":5}},"109":{"start":{"line":407,"column":6},"end":{"line":407,"column":65}},"110":{"start":{"line":410,"column":4},"end":{"line":412,"column":7}},"111":{"start":{"line":413,"column":4},"end":{"line":413,"column":52}},"112":{"start":{"line":415,"column":4},"end":{"line":418,"column":6}},"113":{"start":{"line":422,"column":4},"end":{"line":433,"column":6}},"114":{"start":{"line":437,"column":4},"end":{"line":442,"column":6}},"115":{"start":{"line":446,"column":4},"end":{"line":448,"column":5}},"116":{"start":{"line":447,"column":6},"end":{"line":447,"column":61}},"117":{"start":{"line":450,"column":4},"end":{"line":450,"column":38}},"118":{"start":{"line":451,"column":4},"end":{"line":451,"column":38}},"119":{"start":{"line":452,"column":4},"end":{"line":452,"column":44}},"120":{"start":{"line":453,"column":4},"end":{"line":453,"column":56}},"121":{"start":{"line":455,"column":4},"end":{"line":457,"column":5}},"122":{"start":{"line":456,"column":6},"end":{"line":456,"column":76}},"123":{"start":{"line":461,"column":4},"end":{"line":461,"column":49}},"124":{"start":{"line":462,"column":4},"end":{"line":462,"column":42}},"125":{"start":{"line":464,"column":4},"end":{"line":466,"column":5}},"126":{"start":{"line":465,"column":6},"end":{"line":465,"column":62}},"127":
[...]
},"loc":{"start":{"line":100,"column":29},"end":{"line":131,"column":3}}},"10":{"name":"(anonymous_14)","decl":{"start":{"line":134,"column":8},"end":{"line":134,"column":33}},"loc":{"start":{"line":137,"column":29},"end":{"line":144,"column":3}}},"11":{"name":"(anonymous_15)","decl":{"start":{"line":147,"column":8},"end":{"line":147,"column":26}},"loc":{"start":{"line":150,"column":29},"end":{"line":163,"column":3}}},"12":{"name":"(anonymous_16)","decl":{"start":{"line":166,"column":8},"end":{"line":166,"column":26}},"loc":{"start":{"line":169,"column":29},"end":{"line":182,"column":3}}},"13":{"name":"(anonymous_17)","decl":{"start":{"line":184,"column":10},"end":{"line":184,"column":36}},"loc":{"start":{"line":184,"column":67},"end":{"line":203,"column":3}}},"14":{"name":"(anonymous_18)","decl":{"start":{"line":205,"column":10},"end":{"line":205,"column":31}},"loc":{"start":{"line":205,"column":78},"end":{"line":238,"column":3}}}},"branchMap":{"0":{"loc":{"start":{"line":103,"column":4},"end":{"line":107,"column":5}},"type":"if","locations":[{"start":{"line":103,"column":4},"end":{"line":107,"column":5}},{"start":{},"end":{}}]},"1":{"loc":{"start":{"line":114,"column":4},"end":{"line":130,"column":5}},"type":"if","locations":[{"start":{"line":114,"column":4},"end":{"line":130,"column":5}},{"start":{"line":122,"column":11},"end":{"line":130,"column":5}}]},"2":{"loc":{"start":{"line":160,"column":21},"end":{"line":160,"column":50}},"type":"binary-expr","locations":[{"start":{"line":160,"column":21},"end":{"line":160,"column":37}},{"start":{"line":160,"column":41},"end":{"line":160,"column":50}}]},"3":{"loc":{"start":{"line":179,"column":21},"end":{"line":179,"column":50}},"type":"binary-expr","locations":[{"start":{"line":179,"column":21},"end":{"line":179,"column":37}},{"start":{"line":179,"column":41},"end":{"line":179,"column":50}}]},"4":{"loc":{"start":{"line":207,"column":27},"end":{"line":209,"column":10}},"type":"cond-expr","locations":[{"start":{"line":208,"column":8},"end":{"line":208,"column":321}},{"start":{"line":209,"column":8},"end":{"line":209,"column":10}}]},"5":{"loc":{"start":{"line":28,"column":20},"end":{"line":28,"column":null}},"type":"cond-expr","locations":[{"start":{"line":28,"column":40},"end":{"line":28,"column":null}},{"start":{"line":28,"column":40},"end":{"line":28,"column":null}}]},"6":{"loc":{"start":{"line":28,"column":20},"end":{"line":28,"column":40}},"type":"binary-expr","locations":[{"start":{"line":28,"column":20},"end":{"line":28,"column":null}},{"start":{"line":28,"column":20},"end":{"line":28,"column":40}}]},"7":{"loc":{"start":{"line":38,"column":20},"end":{"line":38,"column":null}},"type":"cond-expr","locations":[{"start":{"line":38,"column":40},"end":{"line":38,"column":null}},{"start":{"line":38,"column":40},"end":{"line":38,"column":null}}]},"8":{"loc":{"start":{"line":38,"column":20},"end":{"line":38,"column":40}},"type":"binary-expr","locations":[{"start":{"line":38,"column":20},"end":{"line":38,"column":null}},{"start":{"line":38,"column":20},"end":{"line":38,"column":40}}]},"9":{"loc":{"start":{"line":52,"column":20},"end":{"line":52,"column":null}},"type":"cond-expr","locations":[{"start":{"line":52,"column":40},"end":{"line":52,"column":null}},{"start":{"line":52,"column":40},"end":{"line":52,"column":null}}]},"10":{"loc":{"start":{"line":52,"column":20},"end":{"line":52,"column":40}},"type":"binary-expr","locations":[{"start":{"line":52,"column":20},"end":{"line":52,"column":null}},{"start":{"line":52,"column":20},"end":{"line":52,"column":40}}]},"11":{"loc":{"start":{"line":61,"column":20},"end":{"line":61,"column":null}},"type":"cond-expr","locations":[{"start":{"line":61,"column":40},"end":{"line":61,"column":null}},{"start":{"line":61,"column":40},"end":{"line":61,"column":null}}]},"12":{"loc":{"start":{"line":61,"column":20},"end":{"line":61,"column":40}},"type":"binary-expr","locations":[{"start":{"line":61,"column":20},"end":{"line":61,"column":null}},{"start":{"line":61,"column":20},"end":{"line":61,"column":40}}]},"13":{"loc":{"start":{"line":70,"column":20},"end":{"line":70,"column":null}},"type":"cond-expr","locations":[{"start":{"line":70,"column":40},"end":{"line":70,"column":null}},{"start":{"line":70,"column":40},"end":{"line":70,"column":null}}]},"14":{"loc":{"start":{"line":70,"column":20},"end":{"line":70,"column":40}},"type":"binary-expr","locations":[{"start":{"line":70,"column":20},"end":{"line":70,"column":null}},{"start":{"line":70,"column":20},"end":{"line":70,"column":40}}]},"15":{"loc":{"start":{"line":79,"column":21},"end":{"line":79,"column":null}},"type":"cond-expr","locations":[{"start":{"line":79,"column":43},"end":{"line":79,"column":null}},{"start":{"line":79,"column":43},"end":{"line":79,"column":null}}]},"16":{"loc":{"start":{"line":79,"column":21},"end":{"line":79,"column":43}},"type":"binary-expr","locations":[{"start":{"line":79,"column":21},"end":{"line":79,"column":null}},{"start":{"line":79,"column":21},"end":{"line":79,"column":43}}]},"17":{"loc":{"start":{"line":23,"column":48},"end":{"line":23,"column":66}},"type":"cond-expr","locations":[{"start":{"line":23,"column":63},"end":{"line":23,"column":66}},{"start":{"line":23,"column":63},"end":{"line":23,"column":66}}]},"18":{"loc":{"start":{"line":23,"column":48},"end":{"line":23,"column":63}},"type":"binary-expr","locations":[{"start":{"line":23,"column":48},"end":{"line":23,"column":66}},{"start":{"line":23,"column":48},"end":{"line":23,"column":63}}]}},"s":{"0":0,"1":0,"2":0,"3":0,"4":0,"5":0,"6":0,"7":0,"8":0,"9":0,"10":0,"11":0,"12":0,"13":0,"14":0,"15":0,"16":0,"17":0,"18":0,"19":0,"20":0,"21":0,"22":0,"23":0,"24":0,"25":0,"26":0,"27":0,"28":0,"29":0,"30":0,"31":0,"32":0,"33":0,"34":0,"35":0,"36":0,"37":0,"38":0,"39":0,"40":0,"41":0,"42":0,"43":0,"44":0},"f":{"0":0,"1":0,"2":0,"3":0,"4":0,"5":0,"6":0,"7":0,"8":0,"9":0,"10":0,"11":0,"12":0,"13":0,"14":0},"b":{"0":[0,0],"1":[0,0],"2":[0,0],"3":[0,0],"4":[0,0],"5":[0,0],"6":[0,0],"7":[0,0],"8":[0,0],"9":[0,0],"10":[0,0],"11":[0,0],"12":[0,0],"13":[0,0],"14":[0,0],"15":[0,0],"16":[0,0],"17":[0,0],"18":[0,0]}}
,"C:\\Users\\hokha\\Dropbox\\PC\\Downloads\\LearningDocuments\\DATTLT-A\\BackEnd\\src\\customer\\paypal.service.ts": {"path":"C:\\Users\\hokha\\Dropbox\\PC\\Downloads\\LearningDocuments\\DATTLT-A\\BackEnd\\src\\customer\\paypal.service.ts","statementMap":{"0":{"start":{"line":1,"column":0},"end":{"line":1,"column":79}},"1":{"start":{"line":4,"column":26},"end":{"line":123,"column":null}},"2":{"start":{"line":5,"column":28},"end":{"line":5,"column":58}},"3":{"start":{"line":6,"column":30},"end":{"line":6,"column":58}},"4":{"start":{"line":7,"column":28},"end":{"line":7,"column":53}},"5":{"start":{"line":8,"column":28},"end":{"line":8,"column":92}},"6":{"start":{"line":11,"column":17},"end":{"line":11,"column":82}},"7":{"start":{"line":12,"column":4},"end":{"line":36,"column":5}},"8":{"start":{"line":13,"column":23},"end":{"line":20,"column":8}},"9":{"start":{"line":22,"column":6},"end":{"line":26,"column":7}},"10":{"start":{"line":23,"column":24},"end":{"line":23,"column":45}},"11":{"start":{"line":24,"column":8},"end":{"line":24,"column":68}},"12":{"start":{"line":25,"column":8},"end":{"line":25,"column":59}},"13":{"start":{"line":28,"column":19},"end":{"line":28,"column":68}},"14":{"start":{"line":29,"column":6},"end":{"line":29,"column":31}},"15":{"start":{"line":31,"column":6},"end":{"line":31,"column":70}},"16":{"start":{"line":32,"column":6},"end":{"line":35,"column":8}},"17":{"start":{"line":40,"column":24},"end":{"line":40,"column":51}},"18":{"start":{"line":41,"column":25},"end":{"line":41,"column":30}},"19":{"start":{"line":42,"column":22},"end":{"line":42,"column":59}},"20":{"start":{"line":44,"column":4},"end":{"line":90,"column":5}},"21":{"start":{"line":45,"column":23},"end":{"line":69,"column":8}},"22":{"start":{"line":71,"column":6},"end":{"line":75,"column":7}},"23":{"start":{"line":72,"column":24},"end":{"line":72,"column":45}},"24":{"start":{"line":73,"column":8},"end":{"line":73,"column":68}},"25":{"start":{"line":74,"column":8},"end":{"line":74,"column":67}},"26":{"start":{"line":77,"column":19},"end":{"line":77,"column":47}},"27":{"start":{"line":78,"column":26},"end":{"line":78,"column":86}},"28":{"start":{"line":78,"column":57},"end":{"line":78,"column":79}},"29":{"start":{"line":80,"column":6},"end":{"line":83,"column":8}},"30":{"start":{"line":85,"column":6},"end":{"line":85,"column":63}},"31":{"start":{"line":86,"column":6},"end":{"line":89,"column":8}},"32":{"start":{"line":94,"column":24},"end":{"line":94,"column":51}},"33":{"start":{"line":95,"column":4},"end":{"line":121,"column":5}},"34":{"start":{"line":96,"column":23},"end":{"line":102,"column":8}},"35":{"start":{"line":104,"column":6},"end":{"line":108,"column":7}},"36":{"start":{"line":105,"column":24},"end":{"line":105,"column":45}},"37":{"start":{"line":106,"column":8},"end":{"line":106,"column":69}},"38":{"start":{"line":107,"column":8},"end":{"line":107,"column":62}},"39":{"start":{"line":110,"column":19},"end":{"line":110,"column":47}},"40":{"start":{"line":111,"column":6},"end":{"line":114,"column":8}},"41":{"start":{"line":116,"column":6},"end":{"line":116,"column":64}},"42":{"start":{"line":117,"column":6},"end":{"line":120,"column":8}},"43":{"start":{"line":4,"column":13},"end":{"line":4,"column":26}},"44":{"start":{"line":4,"column":13},"end":{"line":123,"column":null}}},"fnMap":{"0":{"name":"(anonymous_1)","decl":{"start":{"line":10,"column":10},"end":{"line":10,"column":15}},"loc":{"start":{"line":10,"column":30},"end":{"line":37,"column":3}}},"1":{"name":"(anonymous_2)","decl":{"start":{"line":39,"column":2},"end":{"line":39,"column":7}},"loc":{"start":{"line":39,"column":56},"end":{"line":91,"column":3}}},"2":{"name":"(anonymous_3)","decl":{"start":{"line":78,"column":42},"end":{"line":78,"column":43}},"loc":{"start":{"line":78,"column":57},"end":{"line":78,"column":79}}},"3":{"name":"(anonymous_4)","decl":{"start":{"line":93,"column":2},"end":{"line":93,"column":7}},"loc":{"start":{"line":93,"column":42},"end":{"line":122,"column":3}}}},"branchMap":{"0":{"loc":{"start":{"line":8,"column":28},"end":{"line":8,"column":92}},"type":"binary-expr","locations":[{"start":{"line":8,"column":28},"end":{"line":8,"column":54}},{"start":{"line":8,"column":58},"end":{"line":8,"column":92}}]},"1":{"loc":{"start":{"line":22,"column":6},"end":{"line":26,"column":7}},"type":"if","locations":[{"start":{"line":22,"column":6},"end":{"line":26,"column":7}},{"start":{},"end":{}}]},"2":{"loc":{"start":{"line":64,"column":24},"end":{"line":64,"column":99}},"type":"binary-expr","locations":[{"start":{"line":64,"column":24},"end":{"line":64,"column":53}},{"start":{"line":64,"column":57},"end":{"line":64,"column":99}}]},"3":{"loc":{"start":{"line":65,"column":24},"end":{"line":65,"column":98}},"type":"binary-expr","locations":[{"start":{"line":65,"column":24},"end":{"line":65,"column":53}},{"start":{"line":65,"column":57},"end":{"line":65,"column":98}}]},"4":{"loc":{"start":{"line":71,"column":6},"end":{"line":75,"column":7}},"type":"if","locations":[{"start":{"line":71,"column":6},"end":{"line":75,"column":7}},{"start":{},"end":{}}]},"5":{"loc":{"start":{"line":104,"column":6},"end":{"line":108,"column":7}},"type":"if","locations":[{"start":{"line":104,"column":6},"end":{"line":108,"column":7}},{"start":{},"end":{}}]}},"s":{"0":0,"1":0,"2":0,"3":0,"4":0,"5":0,"6":0,"7":0,"8":0,"9":0,"10":0,"11":0,"12":0,"13":0,"14":0,"15":0,"16":0,"17":0,"18":0,"19":0,"20":0,"21":0,"22":0,"23":0,"24":0,"25":0,"26":0,"27":0,"28":0,"29":0,"30":0,"31":0,"32":0,"33":0,"34":0,"35":0,"36":0,"37":0,"38":0,"39":0,"40":0,"41":0,"42":0,"43":0,"44":0},"f":{"0":0,"1":0,"2":0,"3":0},"b":{"0":[0,0],"1":[0,0],"2":[0,0],"3":[0,0],"4":[0,0],"5":[0,0]}}
,"C:\\Users\\hokha\\Dropbox\\PC\\Downloads\\LearningDocuments\\DATTLT-A\\BackEnd\\src\\customer\\dto\\customer.dto.ts": {"path":"C:\\Users\\hokha\\Dropbox\\PC\\Downloads\\LearningDocuments\\DATTLT-A\\BackEnd\\src\\customer\\dto\\customer.dto.ts","statementMap":{"0":{"start":{"line":1,"column":0},"end":{"line":1,"column":13}},"1":{"start":{"line":7,"column":0},"end":{"line":7,"column":13}},"2":{"start":{"line":11,"column":0},"end":{"line":11,"column":13}},"3":{"start":{"line":15,"column":0},"end":{"line":15,"column":13}},"4":{"start":{"line":19,"column":0},"end":{"line":19,"column":13}},"5":{"start":{"line":23,"column":0},"end":{"line":23,"column":13}},"6":{"start":{"line":30,"column":0},"end":{"line":30,"column":13}},"7":{"start":{"line":34,"column":0},"end":{"line":34,"column":13}},"8":{"start":{"line":42,"column":0},"end":{"line":42,"column":13}},"9":{"start":{"line":48,"column":0},"end":{"line":48,"column":13}},"10":{"start":{"line":61,"column":0},"end":{"line":61,"column":13}},"11":{"start":{"line":74,"column":0},"end":{"line":74,"column":13}},"12":{"start":{"line":78,"column":0},"end":{"line":78,"column":13}},"13":{"start":{"line":86,"column":0},"end":{"line":86,"column":13}},"14":{"start":{"line":90,"column":0},"end":{"line":90,"column":13}}},"fnMap":{},"branchMap":{},"s":{"0":0,"1":0,"2":0,"3":0,"4":0,"5":0,"6":0,"7":0,"8":0,"9":0,"10":0,"11":0,"12":0,"13":0,"14":0},"f":{},"b":{}}
,"C:\\Users\\hokha\\Dropbox\\PC\\Downloads\\LearningDocuments\\DATTLT-A\\BackEnd\\src\\product\\product.controller.ts": {"path":"C:\\Users\\hokha\\Dropbox\\PC\\Downloads\\LearningDocuments\\DATTLT-A\\BackEnd\\src\\product\\product.controller.ts","statementMap":{"0":{"start":{"line":1,"column":0},"end":{"line":1,"column":77}},"1":{"start":{"line":2,"column":0},"end":{"line":2,"column":51}},"2":{"start":{"line":5,"column":7},"end":{"line":29,"column":null}},"3":{"start":{"line":6,"column":31},"end":{"line":6,"column":47}},"4":{"start":{"line":22,"column":4},"end":{"line":22,"column":51}},"5":{"start":{"line":27,"column":4},"end":{"line":27,"column":59}},"6":{"start":{"line":5,"column":13},"end":{"line":5,"column":30}},"7":{"start":{"line":9,"column":2},"end":{"line":23,"column":null}},"8":{"start":{"line":26,"column":2},"end":{"line":28,"column":null}},"9":{"start":{"line":5,"column":13},"end":{"line":29,"column":null}}},"fnMap":{"0":{"name":"(anonymous_4)","decl":{"start":{"line":6,"column":2},"end":{"line":6,"column":31}},"loc":{"start":{"line":6,"column":61},"end":{"line":6,"column":65}}},"1":{"name":"(anonymous_5)","decl":{"start":{"line":9,"column":2},"end":{"line":9,"column":14}},"loc":{"start":{"line":20,"column":5},"end":{"line":23,"column":3}}},"2":{"name":"(anonymous_6)","decl":{"start":{"line":26,"column":2},"end":{"line":26,"column":18}},"loc":{"start":{"line":26,"column":70},"end":{"line":28,"column":3}}}},"branchMap":{"0":{"loc":{"start":{"line":6,"column":47},"end":{"line":6,"column":64}},"type":"cond-expr","locations":[{"start":{"line":6,"column":61},"end":{"line":6,"column":64}},{"start":{"line":6,"column":61},"end":{"line":6,"column":64}}]},"1":{"loc":{"start":{"line":6,"column":47},"end":{"line":6,"column":61}},"type":"binary-expr","locations":[{"start":{"line":6,"column":47},"end":{"line":6,"column":64}},{"start":{"line":6,"column":47},"end":{"line":6,"column":61}}]}},"s":{"0":0,"1":0,"2":0,"3":0,"4":0,"5":0,"6":0,"7":0,"8":0,"9":0},"f":{"0":0,"1":0,"2":0},"b":{"0":[0,0],"1":[0,0]}}
,"C:\\Users\\hokha\\Dropbox\\PC\\Downloads\\LearningDocuments\\DATTLT-A\\BackEnd\\src\\product\\product.module.ts": {"path":"C:\\Users\\hokha\\Dropbox\\PC\\Downloads\\LearningDocuments\\DATTLT-A\\BackEnd\\src\\product\\product.module.ts","statementMap":{"0":{"start":{"line":1,"column":0},"end":{"line":1,"column":40}},"1":{"start":{"line":2,"column":0},"end":{"line":2,"column":49}},"2":{"start":{"line":3,"column":0},"end":{"line":3,"column":57}},"3":{"start":{"line":4,"column":0},"end":{"line":4,"column":51}},"4":{"start":{"line":11,"column":7},"end":{"line":11,"column":null}},"5":{"start":{"line":11,"column":13},"end":{"line":11,"column":26}},"6":{"start":{"line":11,"column":13},"end":{"line":11,"column":null}}},"fnMap":{},"branchMap":{},"s":{"0":0,"1":0,"2":0,"3":0,"4":0,"5":0,"6":0},"f":{},"b":{}}
,"C:\\Users\\hokha\\Dropbox\\PC\\Downloads\\LearningDocuments\\DATTLT-A\\BackEnd\\src\\product\\product.service.ts": {"path":"C:\\Users\\hokha\\Dropbox\\PC\\Downloads\\LearningDocuments\\DATTLT-A\\BackEnd\\src\\product\\product.service.ts","statementMap":{"0":{"start":{"line":1,"column":0},"end":{"line":1,"column":63}},"1":{"start":{"line":2,"column":0},"end":{"line":2,"column":79}},"2":{"start":{"line":5,"column":7},"end":{"line":49,"column":null}},"3":{"start":{"line":6,"column":31},"end":{"line":6,"column":41}},"4":{"start":{"line":9,"column":20},"end":{"line":9,"column":73}},"5":{"start":{"line":11,"column":4},"end":{"line":13,"column":5}},"6":{"start":{"line":12,"column":6},"end":{"line":12,"column":55}},"7":{"start":{"line":15,"column":4},"end":{"line":18,"column":6}},"8":{"start":{"line":31,"column":19},"end":{"line":40,"column":6}},"9":{"start":{"line":42,"column":19},"end":{"line":42,"column":65}},"10":{"start":{"line":44,"column":4},"end":{"line":47,"column":6}},"11":{"start":{"line":5,"column":13},"end":{"line":5,"column":27}},"12":{"start":{"line":5,"column":13},"end":{"line":49,"column":null}}},"fnMap":{"0":{"name":"(anonymous_2)","decl":{"start":{"line":6,"column":2},"end":{"line":6,"column":31}},"loc":{"start":{"line":6,"column":61},"end":{"line":6,"column":65}}},"1":{"name":"(anonymous_3)","decl":{"start":{"line":8,"column":2},"end":{"line":8,"column":7}},"loc":{"start":{"line":8,"column":42},"end":{"line":19,"column":3}}},"2":{"name":"(anonymous_4)","decl":{"start":{"line":21,"column":2},"end":{"line":21,"column":7}},"loc":{"start":{"line":30,"column":3},"end":{"line":48,"column":3}}}},"branchMap":{"0":{"loc":{"start":{"line":11,"column":4},"end":{"line":13,"column":5}},"type":"if","locations":[{"start":{"line":11,"column":4},"end":{"line":13,"column":5}},{"start":{},"end":{}}]},"1":{"loc":{"start":{"line":33,"column":18},"end":{"line":33,"column":79}},"type":"cond-expr","locations":[{"start":{"line":33,"column":37},"end":{"line":33,"column":67}},{"start":{"line":33,"column":70},"end":{"line":33,"column":79}}]},"2":{"loc":{"start":{"line":34,"column":15},"end":{"line":34,"column":70}},"type":"cond-expr","locations":[{"start":{"line":34,"column":31},"end":{"line":34,"column":58}},{"start":{"line":34,"column":61},"end":{"line":34,"column":70}}]},"3":{"loc":{"start":{"line":35,"column":16},"end":{"line":35,"column":71}},"type":"cond-expr","locations":[{"start":{"line":35,"column":33},"end":{"line":35,"column":59}},{"start":{"line":35,"column":62},"end":{"line":35,"column":71}}]},"4":{"loc":{"start":{"line":36,"column":16},"end":{"line":36,"column":71}},"type":"cond-expr","locations":[{"start":{"line":36,"column":33},"end":{"line":36,"column":59}},{"start":{"line":36,"column":62},"end":{"line":36,"column":71}}]},"5":{"loc":{"start":{"line":38,"column":12},"end":{"line":38,"column":61}},"type":"cond-expr","locations":[{"start":{"line":38,"column":25},"end":{"line":38,"column":49}},{"start":{"line":38,"column":52},"end":{"line":38,"column":61}}]},"6":{"loc":{"start":{"line":39,"column":13},"end":{"line":39,"column":64}},"type":"cond-expr","locations":[{"start":{"line":39,"column":27},"end":{"line":39,"column":52}},{"start":{"line":39,"column":55},"end":{"line":39,"column":64}}]},"7":{"loc":{"start":{"line":6,"column":41},"end":{"line":6,"column":64}},"type":"cond-expr","locations":[{"start":{"line":6,"column":61},"end":{"line":6,"column":64}},{"start":{"line":6,"column":61},"end":{"line":6,"column":64}}]},"8":{"loc":{"start":{"line":6,"column":41},"end":{"line":6,"column":61}},"type":"binary-expr","locations":[{"start":{"line":6,"column":41},"end":{"line":6,"column":64}},{"start":{"line":6,"column":41},"end":{"line":6,"column":61}}]}},"s":{"0":0,"1":0,"2":0,"3":0,"4":0,"5":0,"6":0,"7":0,"8":0,"9":0,"10":0,"11":0,"12":0},"f":{"0":0,"1":0,"2":0},"b":{"0":[0,0],"1":[0,0],"2":[0,0],"3":[0,0],"4":[0,0],"5":[0,0],"6":[0,0],"7":[0,0],"8":[0,0]}}
}
