TN:
SF:src\app.controller.ts
FN:6,(anonymous_2)
FNF:1
FNH:1
FNDA:1,(anonymous_2)
DA:1,1
DA:4,1
DA:6,1
DA:7,1
LF:4
LH:4
BRF:0
BRH:0
end_of_record
TN:
SF:src\app.module.ts
FNF:0
FNH:0
DA:1,0
DA:2,0
DA:3,0
DA:4,0
DA:5,0
DA:6,0
DA:7,0
DA:8,0
DA:9,0
DA:10,0
DA:22,0
LF:11
LH:0
BRF:0
BRH:0
end_of_record
TN:
SF:src\main.ts
FN:8,bootstrap
FNF:1
FNH:0
FNDA:0,bootstrap
DA:1,0
DA:2,0
DA:4,0
DA:5,0
DA:6,0
DA:9,0
DA:12,0
DA:14,0
DA:15,0
DA:17,0
DA:19,0
DA:21,0
DA:22,0
DA:23,0
DA:25,0
LF:15
LH:0
BRDA:14,0,0,0
BRDA:14,0,1,0
BRF:2
BRH:0
end_of_record
TN:
SF:src\admin\admin.controller.ts
FN:60,(anonymous_4)
FN:64,(anonymous_5)
FN:82,(anonymous_6)
FN:94,(anonymous_7)
FN:100,(anonymous_8)
FN:106,(anonymous_9)
FN:112,(anonymous_10)
FN:118,(anonymous_11)
FN:127,(anonymous_12)
FN:136,(anonymous_13)
FN:142,(anonymous_14)
FN:148,(anonymous_15)
FN:154,(anonymous_16)
FN:163,(anonymous_17)
FN:172,(anonymous_18)
FN:178,(anonymous_19)
FN:184,(anonymous_20)
FN:193,(anonymous_21)
FN:202,(anonymous_22)
FN:208,(anonymous_23)
FN:214,(anonymous_24)
FN:220,(anonymous_25)
FN:226,(anonymous_26)
FN:240,(anonymous_27)
FN:249,(anonymous_28)
FN:255,(anonymous_29)
FN:264,(anonymous_30)
FN:273,(anonymous_31)
FN:282,(anonymous_32)
FN:288,(anonymous_33)
FN:302,(anonymous_34)
FN:311,(anonymous_35)
FN:325,(anonymous_36)
FN:331,(anonymous_37)
FN:337,(anonymous_38)
FN:346,(anonymous_39)
FN:355,(anonymous_40)
FN:361,(anonymous_41)
FN:74,(anonymous_42)
FNF:39
FNH:6
FNDA:6,(anonymous_4)
FNDA:1,(anonymous_5)
FNDA:0,(anonymous_6)
FNDA:1,(anonymous_7)
FNDA:1,(anonymous_8)
FNDA:1,(anonymous_9)
FNDA:1,(anonymous_10)
FNDA:0,(anonymous_11)
FNDA:0,(anonymous_12)
FNDA:0,(anonymous_13)
FNDA:0,(anonymous_14)
FNDA:0,(anonymous_15)
FNDA:0,(anonymous_16)
FNDA:0,(anonymous_17)
FNDA:0,(anonymous_18)
FNDA:0,(anonymous_19)
FNDA:0,(anonymous_20)
FNDA:0,(anonymous_21)
FNDA:0,(anonymous_22)
FNDA:0,(anonymous_23)
FNDA:0,(anonymous_24)
FNDA:0,(anonymous_25)
FNDA:0,(anonymous_26)
FNDA:0,(anonymous_27)
FNDA:0,(anonymous_28)
FNDA:0,(anonymous_29)
FNDA:0,(anonymous_30)
FNDA:0,(anonymous_31)
FNDA:0,(anonymous_32)
FNDA:0,(anonymous_33)
FNDA:0,(anonymous_34)
FNDA:0,(anonymous_35)
FNDA:0,(anonymous_36)
FNDA:0,(anonymous_37)
FNDA:0,(anonymous_38)
FNDA:0,(anonymous_39)
FNDA:0,(anonymous_40)
FNDA:0,(anonymous_41)
FNDA:0,(anonymous_42)
DA:1,1
DA:18,1
DA:19,1
DA:20,1
DA:22,1
DA:23,1
DA:24,1
DA:25,1
DA:26,1
DA:28,1
DA:29,1
DA:59,1
DA:60,6
DA:64,1
DA:65,1
DA:75,0
DA:76,0
DA:77,0
DA:82,1
DA:83,0
DA:84,0
DA:86,0
DA:94,1
DA:95,1
DA:100,1
DA:101,1
DA:106,1
DA:107,1
DA:112,1
DA:113,1
DA:118,1
DA:122,0
DA:127,1
DA:131,0
DA:136,1
DA:137,0
DA:142,1
DA:143,0
DA:148,1
DA:149,0
DA:154,1
DA:158,0
DA:163,1
DA:167,0
DA:172,1
DA:173,0
DA:178,1
DA:179,0
DA:184,1
DA:188,0
DA:193,1
DA:197,0
DA:202,1
DA:203,0
DA:208,1
DA:209,0
DA:214,1
DA:215,0
DA:220,1
DA:221,0
DA:226,1
DA:231,0
DA:240,1
DA:244,0
DA:249,1
DA:250,0
DA:255,1
DA:259,0
DA:264,1
DA:268,0
DA:273,1
DA:277,0
DA:282,1
DA:283,0
DA:288,1
DA:293,0
DA:302,1
DA:306,0
DA:311,1
DA:316,0
DA:325,1
DA:326,0
DA:331,1
DA:332,0
DA:337,1
DA:341,0
DA:346,1
DA:350,0
DA:355,1
DA:356,0
DA:361,1
DA:362,0
LF:92
LH:55
BRDA:83,0,0,0
BRDA:83,0,1,0
BRDA:100,1,0,1
BRDA:100,1,1,0
BRDA:100,2,0,1
BRDA:100,2,1,1
BRDA:112,3,0,1
BRDA:112,3,1,0
BRDA:112,4,0,1
BRDA:112,4,1,1
BRDA:120,5,0,1
BRDA:120,5,1,0
BRDA:120,6,0,1
BRDA:120,6,1,1
BRDA:129,7,0,1
BRDA:129,7,1,0
BRDA:129,8,0,1
BRDA:129,8,1,1
BRDA:148,9,0,1
BRDA:148,9,1,0
BRDA:148,10,0,1
BRDA:148,10,1,1
BRDA:156,11,0,1
BRDA:156,11,1,0
BRDA:156,12,0,1
BRDA:156,12,1,1
BRDA:165,13,0,1
BRDA:165,13,1,0
BRDA:165,14,0,1
BRDA:165,14,1,1
BRDA:178,15,0,1
BRDA:178,15,1,0
BRDA:178,16,0,1
BRDA:178,16,1,1
BRDA:186,17,0,1
BRDA:186,17,1,0
BRDA:186,18,0,1
BRDA:186,18,1,1
BRDA:195,19,0,1
BRDA:195,19,1,0
BRDA:195,20,0,1
BRDA:195,20,1,1
BRDA:214,21,0,1
BRDA:214,21,1,0
BRDA:214,22,0,1
BRDA:214,22,1,1
BRDA:228,23,0,1
BRDA:228,23,1,0
BRDA:228,24,0,1
BRDA:228,24,1,1
BRDA:228,25,0,0
BRDA:228,25,1,1
BRDA:228,26,0,1
BRDA:228,26,1,0
BRDA:257,27,0,1
BRDA:257,27,1,0
BRDA:257,28,0,1
BRDA:257,28,1,1
BRDA:266,29,0,1
BRDA:266,29,1,0
BRDA:266,30,0,1
BRDA:266,30,1,1
BRDA:290,31,0,1
BRDA:290,31,1,0
BRDA:290,32,0,1
BRDA:290,32,1,1
BRDA:290,33,0,0
BRDA:290,33,1,1
BRDA:290,34,0,1
BRDA:290,34,1,0
BRDA:313,35,0,1
BRDA:313,35,1,0
BRDA:313,36,0,1
BRDA:313,36,1,1
BRDA:313,37,0,0
BRDA:313,37,1,1
BRDA:313,38,0,1
BRDA:313,38,1,0
BRDA:331,39,0,1
BRDA:331,39,1,0
BRDA:331,40,0,1
BRDA:331,40,1,1
BRDA:339,41,0,1
BRDA:339,41,1,0
BRDA:339,42,0,1
BRDA:339,42,1,1
BRDA:348,43,0,1
BRDA:348,43,1,0
BRDA:348,44,0,1
BRDA:348,44,1,1
BRDA:361,45,0,1
BRDA:361,45,1,0
BRDA:361,46,0,1
BRDA:361,46,1,1
BRDA:60,47,0,1
BRDA:60,47,1,0
BRDA:60,48,0,1
BRDA:60,48,1,1
BRF:98
BRH:69
end_of_record
TN:
SF:src\admin\admin.module.ts
FNF:0
FNH:0
DA:1,0
DA:2,0
DA:3,0
DA:4,0
DA:11,0
LF:5
LH:0
BRF:0
BRH:0
end_of_record
TN:
SF:src\admin\admin.service.ts
FN:31,(anonymous_2)
FN:33,(anonymous_3)
FN:40,(anonymous_4)
FN:47,(anonymous_5)
FN:54,(anonymous_6)
FN:61,(anonymous_7)
FN:70,(anonymous_8)
FN:83,(anonymous_9)
FN:102,(anonymous_10)
FN:118,(anonymous_11)
FN:125,(anonymous_12)
FN:139,(anonymous_13)
FN:160,(anonymous_14)
FN:179,(anonymous_15)
FN:186,(anonymous_16)
FN:195,(anonymous_17)
FN:208,(anonymous_18)
FN:227,(anonymous_19)
FN:242,(anonymous_20)
FN:249,(anonymous_21)
FN:258,(anonymous_22)
FN:265,(anonymous_23)
FN:286,(anonymous_24)
FN:296,(anonymous_25)
FN:309,(anonymous_26)
FN:322,(anonymous_27)
FN:343,(anonymous_28)
FN:353,(anonymous_29)
FN:366,(anonymous_30)
FN:388,(anonymous_31)
FN:398,(anonymous_32)
FN:420,(anonymous_33)
FN:433,(anonymous_34)
FN:443,(anonymous_35)
FN:456,(anonymous_36)
FN:475,(anonymous_37)
FN:482,(anonymous_38)
FN:514,(anonymous_39)
FN:517,(anonymous_40)
FN:520,(anonymous_41)
FNF:40
FNH:6
FNDA:6,(anonymous_2)
FNDA:1,(anonymous_3)
FNDA:1,(anonymous_4)
FNDA:1,(anonymous_5)
FNDA:1,(anonymous_6)
FNDA:1,(anonymous_7)
FNDA:0,(anonymous_8)
FNDA:0,(anonymous_9)
FNDA:0,(anonymous_10)
FNDA:0,(anonymous_11)
FNDA:0,(anonymous_12)
FNDA:0,(anonymous_13)
FNDA:0,(anonymous_14)
FNDA:0,(anonymous_15)
FNDA:0,(anonymous_16)
FNDA:0,(anonymous_17)
FNDA:0,(anonymous_18)
FNDA:0,(anonymous_19)
FNDA:0,(anonymous_20)
FNDA:0,(anonymous_21)
FNDA:0,(anonymous_22)
FNDA:0,(anonymous_23)
FNDA:0,(anonymous_24)
FNDA:0,(anonymous_25)
FNDA:0,(anonymous_26)
FNDA:0,(anonymous_27)
FNDA:0,(anonymous_28)
FNDA:0,(anonymous_29)
FNDA:0,(anonymous_30)
FNDA:0,(anonymous_31)
FNDA:0,(anonymous_32)
FNDA:0,(anonymous_33)
FNDA:0,(anonymous_34)
FNDA:0,(anonymous_35)
FNDA:0,(anonymous_36)
FNDA:0,(anonymous_37)
FNDA:0,(anonymous_38)
FNDA:0,(anonymous_39)
FNDA:0,(anonymous_40)
FNDA:0,(anonymous_41)
DA:1,2
DA:6,2
DA:7,2
DA:8,2
DA:30,2
DA:31,6
DA:34,1
DA:41,1
DA:48,1
DA:55,1
DA:62,1
DA:64,1
DA:71,0
DA:73,0
DA:74,0
DA:77,0
DA:87,0
DA:92,0
DA:93,0
DA:96,0
DA:103,0
DA:108,0
DA:109,0
DA:112,0
DA:119,0
DA:131,0
DA:133,0
DA:148,0
DA:150,0
DA:151,0
DA:154,0
DA:164,0
DA:169,0
DA:170,0
DA:173,0
DA:180,0
DA:187,0
DA:189,0
DA:196,0
DA:198,0
DA:199,0
DA:202,0
DA:212,0
DA:217,0
DA:218,0
DA:221,0
DA:228,0
DA:230,0
DA:231,0
DA:234,0
DA:236,0
DA:243,0
DA:250,0
DA:252,0
DA:259,0
DA:270,0
DA:276,0
DA:277,0
DA:280,0
DA:287,0
DA:288,0
DA:290,0
DA:297,0
DA:299,0
DA:300,0
DA:303,0
DA:310,0
DA:312,0
DA:313,0
DA:316,0
DA:323,0
DA:324,0
DA:327,0
DA:333,0
DA:334,0
DA:337,0
DA:344,0
DA:345,0
DA:347,0
DA:354,0
DA:356,0
DA:357,0
DA:360,0
DA:371,0
DA:378,0
DA:379,0
DA:382,0
DA:389,0
DA:390,0
DA:392,0
DA:403,0
DA:410,0
DA:411,0
DA:414,0
DA:421,0
DA:423,0
DA:424,0
DA:427,0
DA:434,0
DA:435,0
DA:437,0
DA:444,0
DA:446,0
DA:447,0
DA:450,0
DA:460,0
DA:465,0
DA:466,0
DA:469,0
DA:476,0
DA:483,0
DA:484,0
DA:487,0
DA:488,0
DA:490,0
DA:492,0
DA:493,0
DA:494,0
DA:495,0
DA:497,0
DA:499,0
DA:509,0
DA:514,0
DA:517,0
DA:520,0
DA:523,0
DA:524,0
DA:526,0
DA:528,0
LF:129
LH:12
BRDA:73,0,0,0
BRDA:73,0,1,0
BRDA:92,1,0,0
BRDA:92,1,1,0
BRDA:108,2,0,0
BRDA:108,2,1,0
BRDA:150,3,0,0
BRDA:150,3,1,0
BRDA:169,4,0,0
BRDA:169,4,1,0
BRDA:198,5,0,0
BRDA:198,5,1,0
BRDA:217,6,0,0
BRDA:217,6,1,0
BRDA:230,7,0,0
BRDA:230,7,1,0
BRDA:276,8,0,0
BRDA:276,8,1,0
BRDA:287,9,0,0
BRDA:287,9,1,0
BRDA:288,10,0,0
BRDA:288,10,1,0
BRDA:299,11,0,0
BRDA:299,11,1,0
BRDA:312,12,0,0
BRDA:312,12,1,0
BRDA:323,13,0,0
BRDA:323,13,1,0
BRDA:323,14,0,0
BRDA:323,14,1,0
BRDA:330,15,0,0
BRDA:330,15,1,0
BRDA:333,16,0,0
BRDA:333,16,1,0
BRDA:344,17,0,0
BRDA:344,17,1,0
BRDA:345,18,0,0
BRDA:345,18,1,0
BRDA:356,19,0,0
BRDA:356,19,1,0
BRDA:378,20,0,0
BRDA:378,20,1,0
BRDA:389,21,0,0
BRDA:389,21,1,0
BRDA:390,22,0,0
BRDA:390,22,1,0
BRDA:406,23,0,0
BRDA:406,23,1,0
BRDA:410,24,0,0
BRDA:410,24,1,0
BRDA:423,25,0,0
BRDA:423,25,1,0
BRDA:446,26,0,0
BRDA:446,26,1,0
BRDA:465,27,0,0
BRDA:465,27,1,0
BRDA:483,28,0,0
BRDA:483,28,1,0
BRDA:492,29,0,0
BRDA:492,29,1,0
BRDA:31,30,0,2
BRDA:31,30,1,0
BRDA:31,31,0,2
BRDA:31,31,1,2
BRF:64
BRH:3
end_of_record
TN:
SF:src\admin\dto\admin.dto.ts
FNF:0
FNH:0
DA:3,1
DA:12,1
DA:21,1
DA:30,1
DA:34,1
DA:41,1
DA:48,1
DA:52,1
DA:67,1
DA:82,1
DA:86,1
DA:94,1
DA:99,1
DA:103,1
DA:108,1
DA:120,1
DA:126,1
DA:137,1
DA:153,1
DA:169,1
DA:173,1
DA:178,1
LF:22
LH:22
BRF:0
BRH:0
end_of_record
TN:
SF:src\auth\auth.controller.ts
FN:38,(anonymous_4)
FN:41,(anonymous_5)
FN:46,(anonymous_6)
FN:51,(anonymous_7)
FN:56,(anonymous_8)
FN:61,(anonymous_9)
FN:66,(anonymous_10)
FN:73,(anonymous_11)
FN:79,(anonymous_12)
FN:96,(anonymous_13)
FN:107,(anonymous_14)
FN:118,(anonymous_15)
FN:129,(anonymous_16)
FNF:13
FNH:11
FNDA:11,(anonymous_4)
FNDA:1,(anonymous_5)
FNDA:1,(anonymous_6)
FNDA:1,(anonymous_7)
FNDA:1,(anonymous_8)
FNDA:1,(anonymous_9)
FNDA:1,(anonymous_10)
FNDA:0,(anonymous_11)
FNDA:0,(anonymous_12)
FNDA:1,(anonymous_13)
FNDA:1,(anonymous_14)
FNDA:1,(anonymous_15)
FNDA:1,(anonymous_16)
DA:1,1
DA:14,1
DA:15,1
DA:16,1
DA:23,1
DA:24,1
DA:25,1
DA:26,1
DA:27,1
DA:28,1
DA:37,1
DA:38,11
DA:41,1
DA:42,1
DA:46,1
DA:47,1
DA:51,1
DA:52,1
DA:56,1
DA:57,1
DA:61,1
DA:62,1
DA:66,1
DA:67,1
DA:73,1
DA:79,1
DA:85,0
DA:86,0
DA:96,1
DA:97,1
DA:107,1
DA:108,1
DA:118,1
DA:119,1
DA:129,1
DA:130,1
LF:36
LH:34
BRDA:41,0,0,1
BRDA:41,0,1,0
BRDA:41,1,0,1
BRDA:41,1,1,1
BRDA:46,2,0,1
BRDA:46,2,1,0
BRDA:46,3,0,1
BRDA:46,3,1,1
BRDA:51,4,0,1
BRDA:51,4,1,0
BRDA:51,5,0,1
BRDA:51,5,1,1
BRDA:56,6,0,1
BRDA:56,6,1,0
BRDA:56,7,0,1
BRDA:56,7,1,1
BRDA:61,8,0,1
BRDA:61,8,1,0
BRDA:61,9,0,1
BRDA:61,9,1,1
BRDA:66,10,0,1
BRDA:66,10,1,0
BRDA:66,11,0,1
BRDA:66,11,1,1
BRDA:80,12,0,0
BRDA:80,12,1,1
BRDA:80,13,0,1
BRDA:80,13,1,0
BRDA:96,14,0,0
BRDA:96,14,1,1
BRDA:96,15,0,1
BRDA:96,15,1,0
BRDA:107,16,0,0
BRDA:107,16,1,1
BRDA:107,17,0,1
BRDA:107,17,1,0
BRDA:118,18,0,0
BRDA:118,18,1,1
BRDA:118,19,0,1
BRDA:118,19,1,0
BRDA:38,20,0,1
BRDA:38,20,1,0
BRDA:38,21,0,1
BRDA:38,21,1,1
BRF:44
BRH:29
end_of_record
TN:
SF:src\auth\auth.module.ts
FNF:0
FNH:0
DA:1,0
DA:2,0
DA:3,0
DA:4,0
DA:5,0
DA:6,0
DA:7,0
DA:8,0
DA:9,0
DA:10,0
DA:11,0
DA:12,0
DA:13,0
DA:14,0
DA:42,0
LF:15
LH:0
BRF:0
BRH:0
end_of_record
TN:
SF:src\auth\auth.service.ts
FN:54,(anonymous_2)
FN:61,(anonymous_3)
FN:108,(anonymous_4)
FN:142,(anonymous_5)
FN:207,(anonymous_6)
FN:282,(anonymous_7)
FN:298,(anonymous_8)
FN:320,(anonymous_9)
FN:347,(anonymous_10)
FN:362,(anonymous_11)
FN:392,(anonymous_12)
FN:421,(anonymous_13)
FN:436,(anonymous_14)
FN:445,(anonymous_15)
FN:460,(anonymous_16)
FN:469,(anonymous_17)
FN:474,(anonymous_18)
FN:487,(anonymous_19)
FN:493,(anonymous_20)
FN:501,(anonymous_21)
FN:509,(anonymous_22)
FN:515,(anonymous_23)
FN:521,(anonymous_24)
FN:527,(anonymous_25)
FN:539,(anonymous_26)
FN:547,(anonymous_27)
FN:553,(anonymous_28)
FN:557,(anonymous_29)
FN:568,(anonymous_30)
FNF:29
FNH:0
FNDA:0,(anonymous_2)
FNDA:0,(anonymous_3)
FNDA:0,(anonymous_4)
FNDA:0,(anonymous_5)
FNDA:0,(anonymous_6)
FNDA:0,(anonymous_7)
FNDA:0,(anonymous_8)
FNDA:0,(anonymous_9)
FNDA:0,(anonymous_10)
FNDA:0,(anonymous_11)
FNDA:0,(anonymous_12)
FNDA:0,(anonymous_13)
FNDA:0,(anonymous_14)
FNDA:0,(anonymous_15)
FNDA:0,(anonymous_16)
FNDA:0,(anonymous_17)
FNDA:0,(anonymous_18)
FNDA:0,(anonymous_19)
FNDA:0,(anonymous_20)
FNDA:0,(anonymous_21)
FNDA:0,(anonymous_22)
FNDA:0,(anonymous_23)
FNDA:0,(anonymous_24)
FNDA:0,(anonymous_25)
FNDA:0,(anonymous_26)
FNDA:0,(anonymous_27)
FNDA:0,(anonymous_28)
FNDA:0,(anonymous_29)
FNDA:0,(anonymous_30)
DA:1,1
DA:8,1
DA:9,1
DA:19,1
DA:20,1
DA:21,1
DA:22,1
DA:51,1
DA:52,0
DA:55,0
DA:56,0
DA:57,0
DA:58,0
DA:62,0
DA:64,0
DA:69,0
DA:70,0
DA:73,0
DA:84,0
DA:85,0
DA:88,0
DA:101,0
DA:109,0
DA:111,0
DA:116,0
DA:117,0
DA:120,0
DA:122,0
DA:123,0
DA:125,0
DA:126,0
DA:129,0
DA:131,0
DA:137,0
DA:143,0
DA:145,0
DA:147,0
DA:148,0
DA:151,0
DA:152,0
DA:155,0
DA:156,0
DA:159,0
DA:160,0
DA:163,0
DA:164,0
DA:173,0
DA:183,0
DA:189,0
DA:193,0
DA:208,0
DA:209,0
DA:212,0
DA:214,0
DA:215,0
DA:226,0
DA:227,0
DA:229,0
DA:230,0
DA:231,0
DA:234,0
DA:235,0
DA:238,0
DA:239,0
DA:248,0
DA:258,0
DA:264,0
DA:268,0
DA:283,0
DA:284,0
DA:287,0
DA:288,0
DA:292,0
DA:294,0
DA:302,0
DA:304,0
DA:305,0
DA:309,0
DA:313,0
DA:314,0
DA:315,0
DA:317,0
DA:321,0
DA:323,0
DA:325,0
DA:326,0
DA:329,0
DA:333,0
DA:334,0
DA:339,0
DA:341,0
DA:348,0
DA:350,0
DA:351,0
DA:354,0
DA:356,0
DA:363,0
DA:364,0
DA:366,0
DA:368,0
DA:369,0
DA:372,0
DA:385,0
DA:393,0
DA:395,0
DA:397,0
DA:398,0
DA:401,0
DA:406,0
DA:407,0
DA:410,0
DA:413,0
DA:415,0
DA:422,0
DA:437,0
DA:446,0
DA:447,0
DA:450,0
DA:451,0
DA:452,0
DA:453,0
DA:455,0
DA:456,0
DA:461,0
DA:462,0
DA:464,0
DA:465,0
DA:470,0
DA:471,0
DA:475,0
DA:476,0
DA:477,0
DA:478,0
DA:480,0
DA:481,0
DA:488,0
DA:489,0
DA:494,0
DA:496,0
DA:497,0
DA:502,0
DA:504,0
DA:505,0
DA:510,0
DA:511,0
DA:516,0
DA:517,0
DA:522,0
DA:523,0
DA:532,0
DA:533,0
DA:536,0
DA:544,0
DA:548,0
DA:549,0
DA:554,0
DA:558,0
DA:559,0
DA:561,0
DA:562,0
DA:565,0
DA:570,0
DA:572,0
DA:574,0
DA:575,0
DA:576,0
DA:578,0
DA:579,0
DA:582,0
DA:584,0
LF:170
LH:8
BRDA:69,0,0,0
BRDA:69,0,1,0
BRDA:84,1,0,0
BRDA:84,1,1,0
BRDA:116,2,0,0
BRDA:116,2,1,0
BRDA:116,3,0,0
BRDA:116,3,1,0
BRDA:122,4,0,0
BRDA:122,4,1,0
BRDA:125,5,0,0
BRDA:125,5,1,0
BRDA:147,6,0,0
BRDA:147,6,1,0
BRDA:151,7,0,0
BRDA:151,7,1,0
BRDA:155,8,0,0
BRDA:155,8,1,0
BRDA:159,9,0,0
BRDA:159,9,1,0
BRDA:208,10,0,0
BRDA:208,10,1,0
BRDA:208,11,0,0
BRDA:208,11,1,0
BRDA:214,12,0,0
BRDA:214,12,1,0
BRDA:216,13,0,0
BRDA:216,13,1,0
BRDA:226,14,0,0
BRDA:226,14,1,0
BRDA:229,15,0,0
BRDA:229,15,1,0
BRDA:234,16,0,0
BRDA:234,16,1,0
BRDA:283,17,0,0
BRDA:283,17,1,0
BRDA:283,18,0,0
BRDA:283,18,1,0
BRDA:325,19,0,0
BRDA:325,19,1,0
BRDA:325,20,0,0
BRDA:325,20,1,0
BRDA:333,21,0,0
BRDA:333,21,1,0
BRDA:333,22,0,0
BRDA:333,22,1,0
BRDA:350,23,0,0
BRDA:350,23,1,0
BRDA:368,24,0,0
BRDA:368,24,1,0
BRDA:397,25,0,0
BRDA:397,25,1,0
BRDA:406,26,0,0
BRDA:406,26,1,0
BRDA:406,27,0,0
BRDA:406,27,1,0
BRDA:446,28,0,0
BRDA:446,28,1,0
BRDA:455,29,0,0
BRDA:455,29,1,0
BRDA:464,30,0,0
BRDA:464,30,1,0
BRDA:480,31,0,0
BRDA:480,31,1,0
BRDA:488,32,0,0
BRDA:488,32,1,0
BRDA:494,33,0,0
BRDA:494,33,1,0
BRDA:496,34,0,0
BRDA:496,34,1,0
BRDA:502,35,0,0
BRDA:502,35,1,0
BRDA:504,36,0,0
BRDA:504,36,1,0
BRDA:510,37,0,0
BRDA:510,37,1,0
BRDA:510,38,0,0
BRDA:510,38,1,0
BRDA:516,39,0,0
BRDA:516,39,1,0
BRDA:516,40,0,0
BRDA:516,40,1,0
BRDA:522,41,0,0
BRDA:522,41,1,0
BRDA:532,42,0,0
BRDA:532,42,1,0
BRDA:548,43,0,0
BRDA:548,43,1,0
BRDA:559,44,0,0
BRDA:559,44,1,0
BRDA:561,45,0,0
BRDA:561,45,1,0
BRDA:570,46,0,0
BRDA:570,46,1,0
BRDA:572,47,0,0
BRDA:572,47,1,0
BRDA:578,48,0,0
BRDA:578,48,1,0
BRDA:55,49,0,1
BRDA:55,49,1,0
BRDA:55,50,0,1
BRDA:55,50,1,1
BRDA:55,51,0,1
BRDA:55,51,1,0
BRDA:55,52,0,1
BRDA:55,52,1,1
BRDA:56,53,0,1
BRDA:56,53,1,0
BRDA:56,54,0,1
BRDA:56,54,1,1
BRDA:57,55,0,1
BRDA:57,55,1,0
BRDA:57,56,0,1
BRDA:57,56,1,1
BRF:114
BRH:12
end_of_record
TN:
SF:src\auth\decorators\admin-levels.decorator.ts
FN:5,(anonymous_0)
FNF:1
FNH:1
FNDA:3,(anonymous_0)
DA:1,1
DA:4,1
DA:5,1
DA:6,3
LF:4
LH:4
BRF:0
BRH:0
end_of_record
TN:
SF:src\auth\decorators\permissions.decorator.ts
FN:4,(anonymous_0)
FNF:1
FNH:1
FNDA:37,(anonymous_0)
DA:1,1
DA:3,1
DA:4,1
DA:5,37
LF:4
LH:4
BRF:0
BRH:0
end_of_record
TN:
SF:src\auth\decorators\roles.decorator.ts
FN:5,(anonymous_0)
FNF:1
FNH:1
FNDA:4,(anonymous_0)
DA:1,2
DA:4,2
DA:5,4
LF:3
LH:3
BRF:0
BRH:0
end_of_record
TN:
SF:src\auth\dto\auth.dto.ts
FNF:0
FNH:0
DA:3,1
DA:12,1
DA:18,1
DA:23,1
DA:28,1
LF:5
LH:5
BRF:0
BRH:0
end_of_record
TN:
SF:src\auth\dto\logout.dto.ts
FNF:0
FNH:0
DA:1,1
LF:1
LH:1
BRF:0
BRH:0
end_of_record
TN:
SF:src\auth\guards\admin-level.guard.ts
FN:18,(anonymous_2)
FN:20,(anonymous_3)
FNF:2
FNH:0
FNDA:0,(anonymous_2)
FNDA:0,(anonymous_3)
DA:1,1
DA:7,1
DA:9,1
DA:17,1
DA:18,0
DA:21,0
DA:26,0
DA:27,0
DA:30,0
DA:31,0
DA:33,0
DA:34,0
DA:37,0
DA:38,0
DA:43,0
LF:15
LH:4
BRDA:26,0,0,0
BRDA:26,0,1,0
BRDA:33,1,0,0
BRDA:33,1,1,0
BRDA:37,2,0,0
BRDA:37,2,1,0
BRDA:37,3,0,0
BRDA:37,3,1,0
BRDA:18,4,0,1
BRDA:18,4,1,0
BRDA:18,5,0,1
BRDA:18,5,1,1
BRF:12
BRH:3
end_of_record
TN:
SF:src\auth\guards\google-auth.guard.ts
FN:14,(anonymous_1)
FNF:1
FNH:0
FNDA:0,(anonymous_1)
DA:1,1
DA:2,1
DA:13,1
DA:15,0
DA:16,0
DA:18,0
DA:19,0
DA:22,0
DA:24,0
DA:26,0
DA:27,0
DA:32,0
LF:12
LH:3
BRDA:16,0,0,0
BRDA:16,0,1,0
BRDA:18,1,0,0
BRDA:18,1,1,0
BRDA:24,2,0,0
BRDA:24,2,1,0
BRDA:26,3,0,0
BRDA:26,3,1,0
BRF:8
BRH:0
end_of_record
TN:
SF:src\auth\guards\jwt-auth.guard.ts
FN:17,(anonymous_2)
FN:19,(anonymous_3)
FNF:2
FNH:0
FNDA:0,(anonymous_2)
FNDA:0,(anonymous_3)
DA:1,2
DA:8,2
DA:16,2
DA:17,0
DA:20,0
DA:21,0
DA:23,0
DA:24,0
DA:27,0
DA:28,0
DA:30,0
DA:31,0
DA:34,0
DA:35,0
LF:14
LH:3
BRDA:23,0,0,0
BRDA:23,0,1,0
BRDA:30,1,0,0
BRDA:30,1,1,0
BRDA:30,2,0,0
BRDA:30,2,1,0
BRDA:17,3,0,2
BRDA:17,3,1,0
BRDA:17,4,0,2
BRDA:17,4,1,2
BRF:10
BRH:3
end_of_record
TN:
SF:src\auth\guards\permissions.guard.ts
FN:18,(anonymous_2)
FN:20,(anonymous_3)
FN:33,(anonymous_4)
FNF:3
FNH:0
FNDA:0,(anonymous_2)
FNDA:0,(anonymous_3)
FNDA:0,(anonymous_4)
DA:1,1
DA:7,1
DA:9,1
DA:17,1
DA:18,0
DA:21,0
DA:26,0
DA:27,0
DA:30,0
DA:31,0
DA:33,0
DA:34,0
DA:37,0
DA:38,0
DA:43,0
LF:15
LH:4
BRDA:26,0,0,0
BRDA:26,0,1,0
BRDA:31,1,0,0
BRDA:31,1,1,0
BRDA:37,2,0,0
BRDA:37,2,1,0
BRDA:18,3,0,1
BRDA:18,3,1,0
BRDA:18,4,0,1
BRDA:18,4,1,1
BRF:10
BRH:3
end_of_record
TN:
SF:src\auth\guards\roles.guard.ts
FN:18,(anonymous_2)
FN:20,(anonymous_3)
FNF:2
FNH:0
FNDA:0,(anonymous_2)
FNDA:0,(anonymous_3)
DA:1,2
DA:7,2
DA:9,2
DA:17,2
DA:18,0
DA:21,0
DA:26,0
DA:27,0
DA:30,0
DA:31,0
DA:33,0
DA:34,0
DA:37,0
LF:13
LH:4
BRDA:26,0,0,0
BRDA:26,0,1,0
BRDA:33,1,0,0
BRDA:33,1,1,0
BRDA:33,2,0,0
BRDA:33,2,1,0
BRDA:18,3,0,2
BRDA:18,3,1,0
BRDA:18,4,0,2
BRDA:18,4,1,2
BRF:10
BRH:3
end_of_record
TN:
SF:src\auth\services\email.service.ts
FN:23,(anonymous_2)
FN:67,(anonymous_3)
FN:71,(anonymous_4)
FNF:3
FNH:0
FNDA:0,(anonymous_2)
FNDA:0,(anonymous_3)
FNDA:0,(anonymous_4)
DA:1,1
DA:2,1
DA:14,1
DA:15,0
DA:17,0
DA:18,0
DA:19,0
DA:20,0
DA:21,0
DA:24,0
DA:25,0
DA:29,0
DA:35,0
DA:37,0
DA:38,0
DA:40,0
DA:60,0
DA:62,0
DA:68,0
DA:72,0
LF:20
LH:3
BRDA:18,0,0,0
BRDA:18,0,1,0
BRDA:21,1,0,0
BRDA:21,1,1,0
BRDA:21,1,2,0
BRDA:24,2,0,0
BRDA:24,2,1,0
BRDA:37,3,0,0
BRDA:37,3,1,0
BRDA:68,4,0,0
BRDA:68,4,1,0
BRDA:68,4,2,0
BRF:12
BRH:0
end_of_record
TN:
SF:src\auth\services\jwt-token.service.ts
FN:10,(anonymous_1)
FN:31,(anonymous_2)
FN:49,(anonymous_3)
FN:96,(anonymous_4)
FN:102,(anonymous_5)
FNF:5
FNH:0
FNDA:0,(anonymous_1)
FNDA:0,(anonymous_2)
FNDA:0,(anonymous_3)
FNDA:0,(anonymous_4)
FNDA:0,(anonymous_5)
DA:1,2
DA:2,2
DA:6,2
DA:7,0
DA:8,0
DA:11,0
DA:16,0
DA:17,0
DA:24,0
DA:25,0
DA:26,0
DA:28,0
DA:32,0
DA:34,0
DA:35,0
DA:38,0
DA:39,0
DA:43,0
DA:45,0
DA:50,0
DA:52,0
DA:53,0
DA:56,0
DA:57,0
DA:61,0
DA:62,0
DA:64,0
DA:68,0
DA:71,0
DA:73,0
DA:74,0
DA:77,0
DA:78,0
DA:81,0
DA:82,0
DA:85,0
DA:90,0
DA:93,0
DA:97,0
DA:103,0
LF:40
LH:3
BRDA:7,0,0,0
BRDA:7,0,1,0
BRDA:10,1,0,0
BRDA:34,2,0,0
BRDA:34,2,1,0
BRDA:52,3,0,0
BRDA:52,3,1,0
BRDA:64,4,0,0
BRDA:64,4,1,0
BRDA:65,5,0,0
BRDA:65,5,1,0
BRDA:73,6,0,0
BRDA:73,6,1,0
BRDA:77,7,0,0
BRDA:77,7,1,0
BRDA:81,8,0,0
BRDA:81,8,1,0
BRDA:81,9,0,0
BRDA:81,9,1,0
BRDA:85,10,0,0
BRDA:85,10,1,0
BRDA:86,11,0,0
BRDA:86,11,1,0
BRDA:86,11,2,0
BRF:24
BRH:0
end_of_record
TN:
SF:src\auth\services\mysql-database.service.ts
FN:366,(anonymous_1)
FN:416,(anonymous_2)
FN:427,(anonymous_3)
FN:432,(anonymous_4)
FN:433,(anonymous_5)
FN:439,(anonymous_6)
FN:468,(anonymous_7)
FN:499,(anonymous_8)
FN:515,(anonymous_9)
FN:529,(anonymous_10)
FN:550,(anonymous_11)
FN:610,(anonymous_12)
FN:629,(anonymous_13)
FN:644,(anonymous_14)
FN:657,(anonymous_15)
FN:669,(anonymous_16)
FN:684,(anonymous_17)
FN:697,(anonymous_18)
FN:723,(anonymous_19)
FN:752,(anonymous_20)
FN:765,(anonymous_21)
FN:772,(anonymous_22)
FN:843,(anonymous_23)
FN:887,(anonymous_24)
FN:909,(anonymous_25)
FN:923,(anonymous_26)
FN:926,(anonymous_27)
FN:928,(anonymous_28)
FN:940,(anonymous_29)
FN:943,(anonymous_30)
FN:954,(anonymous_31)
FN:984,(anonymous_32)
FN:988,(anonymous_33)
FN:999,(anonymous_34)
FN:1019,(anonymous_35)
FN:1216,(anonymous_36)
FN:1309,(anonymous_37)
FN:1337,(anonymous_38)
FN:1366,(anonymous_39)
FN:1438,(anonymous_40)
FN:1461,(anonymous_41)
FN:1465,(anonymous_42)
FN:1469,(anonymous_43)
FN:1513,(anonymous_44)
FN:1520,(anonymous_45)
FN:1544,(anonymous_46)
FN:1572,(anonymous_47)
FN:1642,(anonymous_48)
FN:1690,(anonymous_49)
FN:1700,(anonymous_50)
FN:1795,(anonymous_51)
FN:1896,(anonymous_52)
FN:1905,(anonymous_53)
FN:1986,(anonymous_54)
FN:1998,(anonymous_55)
FN:2001,(anonymous_56)
FN:2045,(anonymous_57)
FN:2129,(anonymous_58)
FN:2150,(anonymous_59)
FN:2189,(anonymous_60)
FN:2200,(anonymous_61)
FN:2212,(anonymous_62)
FN:2251,(anonymous_63)
FN:2262,(anonymous_64)
FN:2309,(anonymous_65)
FN:2312,(anonymous_66)
FN:2334,(anonymous_67)
FN:2373,(anonymous_68)
FN:2400,(anonymous_69)
FN:2411,(anonymous_70)
FN:2425,(anonymous_71)
FN:2535,(anonymous_72)
FN:2626,(anonymous_73)
FN:2633,(anonymous_74)
FN:2658,(anonymous_75)
FN:2681,(anonymous_76)
FN:2684,(anonymous_77)
FN:2712,(anonymous_78)
FN:2742,(anonymous_79)
FN:2801,(anonymous_80)
FN:2808,(anonymous_81)
FN:2817,(anonymous_82)
FN:2820,(anonymous_83)
FN:2834,(anonymous_84)
FN:2860,(anonymous_85)
FN:2904,(anonymous_86)
FN:2911,(anonymous_87)
FN:2935,(anonymous_88)
FN:2938,(anonymous_89)
FN:2966,(anonymous_90)
FN:3015,(anonymous_91)
FN:3038,(anonymous_92)
FN:3082,(anonymous_93)
FN:3086,(anonymous_94)
FN:3107,(anonymous_95)
FN:3121,(anonymous_96)
FN:3149,(anonymous_97)
FN:3171,(anonymous_98)
FN:3200,(anonymous_99)
FN:3203,(anonymous_100)
FN:3237,(anonymous_101)
FN:3264,(anonymous_102)
FN:3321,(anonymous_103)
FN:3340,(anonymous_104)
FN:3361,(anonymous_105)
FN:3364,(anonymous_106)
FN:3368,(anonymous_107)
FN:3372,(anonymous_108)
FN:3383,(anonymous_109)
FN:3447,(anonymous_110)
FN:3454,(anonymous_111)
FN:3478,(anonymous_112)
FN:3509,(anonymous_113)
FN:3581,(anonymous_114)
FN:3653,(anonymous_115)
FN:3663,(anonymous_116)
FN:3722,(anonymous_117)
FN:3769,(anonymous_118)
FN:3836,(anonymous_119)
FN:3857,(anonymous_120)
FN:3953,(anonymous_121)
FN:4101,(anonymous_122)
FN:4117,(anonymous_123)
FN:4187,(anonymous_124)
FN:4191,(anonymous_125)
FN:4197,(anonymous_126)
FN:4211,(anonymous_127)
FN:4253,(anonymous_128)
FN:4257,(anonymous_129)
FN:4262,(anonymous_130)
FN:4269,(anonymous_131)
FN:4282,(anonymous_132)
FN:4288,(anonymous_133)
FN:4329,(anonymous_134)
FN:4334,(anonymous_135)
FN:4340,(anonymous_136)
FN:4352,(anonymous_137)
FN:4363,(anonymous_138)
FN:4369,(anonymous_139)
FN:4395,(anonymous_140)
FN:4411,(anonymous_141)
FN:4443,(anonymous_142)
FN:4482,(anonymous_143)
FN:4497,(anonymous_144)
FN:4563,(anonymous_145)
FN:4576,(anonymous_146)
FN:4580,(anonymous_147)
FN:4634,(anonymous_148)
FN:4642,(anonymous_149)
FN:4649,(anonymous_150)
FN:4683,(anonymous_151)
FN:4714,(anonymous_152)
FN:4741,(anonymous_153)
FN:4768,(anonymous_154)
FN:4769,(anonymous_155)
FN:4776,(anonymous_156)
FN:4783,(anonymous_157)
FN:4841,(anonymous_158)
FN:4862,(anonymous_159)
FN:4872,(anonymous_160)
FN:4880,(anonymous_161)
FN:4924,(anonymous_162)
FN:4942,(anonymous_163)
FN:4957,(anonymous_164)
FN:4979,(anonymous_165)
FN:4990,(anonymous_166)
FN:5009,(anonymous_167)
FN:5041,(anonymous_168)
FN:5055,(anonymous_169)
FN:5069,(anonymous_170)
FN:5087,(anonymous_171)
FN:5098,(anonymous_172)
FN:5111,(anonymous_173)
FN:5218,(anonymous_174)
FN:5235,(anonymous_175)
FN:5279,(anonymous_176)
FN:5301,(anonymous_177)
FN:5324,(anonymous_178)
FN:5339,(anonymous_179)
FN:5349,(anonymous_180)
FN:5369,(anonymous_181)
FN:5390,(anonymous_182)
FN:5400,(anonymous_183)
FN:5462,(anonymous_184)
FN:5507,(anonymous_185)
FN:5522,(anonymous_186)
FN:5538,(anonymous_187)
FN:5560,(anonymous_188)
FN:5594,(anonymous_189)
FN:5598,(anonymous_190)
FN:5602,(anonymous_191)
FN:5607,(anonymous_192)
FN:5646,(anonymous_193)
FN:5766,(anonymous_194)
FN:5842,(anonymous_195)
FN:5851,(anonymous_196)
FN:5901,(anonymous_197)
FN:5932,(anonymous_198)
FN:5944,(anonymous_199)
FN:5994,(anonymous_200)
FN:6013,(anonymous_201)
FN:6059,(anonymous_202)
FN:6120,(anonymous_203)
FN:6122,(anonymous_204)
FN:6139,(anonymous_205)
FN:6150,(anonymous_206)
FN:6176,(anonymous_207)
FN:6197,(anonymous_208)
FN:6210,(anonymous_209)
FN:6222,(anonymous_210)
FN:6237,(anonymous_211)
FN:6241,(anonymous_212)
FN:6348,(anonymous_213)
FN:6417,(anonymous_214)
FN:6438,(anonymous_215)
FN:6492,(anonymous_216)
FNF:216
FNH:0
FNDA:0,(anonymous_1)
FNDA:0,(anonymous_2)
FNDA:0,(anonymous_3)
FNDA:0,(anonymous_4)
FNDA:0,(anonymous_5)
FNDA:0,(anonymous_6)
FNDA:0,(anonymous_7)
FNDA:0,(anonymous_8)
FNDA:0,(anonymous_9)
FNDA:0,(anonymous_10)
FNDA:0,(anonymous_11)
FNDA:0,(anonymous_12)
FNDA:0,(anonymous_13)
FNDA:0,(anonymous_14)
FNDA:0,(anonymous_15)
FNDA:0,(anonymous_16)
FNDA:0,(anonymous_17)
FNDA:0,(anonymous_18)
FNDA:0,(anonymous_19)
FNDA:0,(anonymous_20)
FNDA:0,(anonymous_21)
FNDA:0,(anonymous_22)
FNDA:0,(anonymous_23)
FNDA:0,(anonymous_24)
FNDA:0,(anonymous_25)
FNDA:0,(anonymous_26)
FNDA:0,(anonymous_27)
FNDA:0,(anonymous_28)
FNDA:0,(anonymous_29)
FNDA:0,(anonymous_30)
FNDA:0,(anonymous_31)
FNDA:0,(anonymous_32)
FNDA:0,(anonymous_33)
FNDA:0,(anonymous_34)
FNDA:0,(anonymous_35)
FNDA:0,(anonymous_36)
FNDA:0,(anonymous_37)
FNDA:0,(anonymous_38)
FNDA:0,(anonymous_39)
FNDA:0,(anonymous_40)
FNDA:0,(anonymous_41)
FNDA:0,(anonymous_42)
FNDA:0,(anonymous_43)
FNDA:0,(anonymous_44)
FNDA:0,(anonymous_45)
FNDA:0,(anonymous_46)
FNDA:0,(anonymous_47)
FNDA:0,(anonymous_48)
FNDA:0,(anonymous_49)
FNDA:0,(anonymous_50)
FNDA:0,(anonymous_51)
FNDA:0,(anonymous_52)
FNDA:0,(anonymous_53)
FNDA:0,(anonymous_54)
FNDA:0,(anonymous_55)
FNDA:0,(anonymous_56)
FNDA:0,(anonymous_57)
FNDA:0,(anonymous_58)
FNDA:0,(anonymous_59)
FNDA:0,(anonymous_60)
FNDA:0,(anonymous_61)
FNDA:0,(anonymous_62)
FNDA:0,(anonymous_63)
FNDA:0,(anonymous_64)
FNDA:0,(anonymous_65)
FNDA:0,(anonymous_66)
FNDA:0,(anonymous_67)
FNDA:0,(anonymous_68)
FNDA:0,(anonymous_69)
FNDA:0,(anonymous_70)
FNDA:0,(anonymous_71)
FNDA:0,(anonymous_72)
FNDA:0,(anonymous_73)
FNDA:0,(anonymous_74)
FNDA:0,(anonymous_75)
FNDA:0,(anonymous_76)
FNDA:0,(anonymous_77)
FNDA:0,(anonymous_78)
FNDA:0,(anonymous_79)
FNDA:0,(anonymous_80)
FNDA:0,(anonymous_81)
FNDA:0,(anonymous_82)
FNDA:0,(anonymous_83)
FNDA:0,(anonymous_84)
FNDA:0,(anonymous_85)
FNDA:0,(anonymous_86)
FNDA:0,(anonymous_87)
FNDA:0,(anonymous_88)
FNDA:0,(anonymous_89)
FNDA:0,(anonymous_90)
FNDA:0,(anonymous_91)
FNDA:0,(anonymous_92)
FNDA:0,(anonymous_93)
FNDA:0,(anonymous_94)
FNDA:0,(anonymous_95)
FNDA:0,(anonymous_96)
FNDA:0,(anonymous_97)
FNDA:0,(anonymous_98)
FNDA:0,(anonymous_99)
FNDA:0,(anonymous_100)
FNDA:0,(anonymous_101)
FNDA:0,(anonymous_102)
FNDA:0,(anonymous_103)
FNDA:0,(anonymous_104)
FNDA:0,(anonymous_105)
FNDA:0,(anonymous_106)
FNDA:0,(anonymous_107)
FNDA:0,(anonymous_108)
FNDA:0,(anonymous_109)
FNDA:0,(anonymous_110)
FNDA:0,(anonymous_111)
FNDA:0,(anonymous_112)
FNDA:0,(anonymous_113)
FNDA:0,(anonymous_114)
FNDA:0,(anonymous_115)
FNDA:0,(anonymous_116)
FNDA:0,(anonymous_117)
FNDA:0,(anonymous_118)
FNDA:0,(anonymous_119)
FNDA:0,(anonymous_120)
FNDA:0,(anonymous_121)
FNDA:0,(anonymous_122)
FNDA:0,(anonymous_123)
FNDA:0,(anonymous_124)
FNDA:0,(anonymous_125)
FNDA:0,(anonymous_126)
FNDA:0,(anonymous_127)
FNDA:0,(anonymous_128)
FNDA:0,(anonymous_129)
FNDA:0,(anonymous_130)
FNDA:0,(anonymous_131)
FNDA:0,(anonymous_132)
FNDA:0,(anonymous_133)
FNDA:0,(anonymous_134)
FNDA:0,(anonymous_135)
FNDA:0,(anonymous_136)
FNDA:0,(anonymous_137)
FNDA:0,(anonymous_138)
FNDA:0,(anonymous_139)
FNDA:0,(anonymous_140)
FNDA:0,(anonymous_141)
FNDA:0,(anonymous_142)
FNDA:0,(anonymous_143)
FNDA:0,(anonymous_144)
FNDA:0,(anonymous_145)
FNDA:0,(anonymous_146)
FNDA:0,(anonymous_147)
FNDA:0,(anonymous_148)
FNDA:0,(anonymous_149)
FNDA:0,(anonymous_150)
FNDA:0,(anonymous_151)
FNDA:0,(anonymous_152)
FNDA:0,(anonymous_153)
FNDA:0,(anonymous_154)
FNDA:0,(anonymous_155)
FNDA:0,(anonymous_156)
FNDA:0,(anonymous_157)
FNDA:0,(anonymous_158)
FNDA:0,(anonymous_159)
FNDA:0,(anonymous_160)
FNDA:0,(anonymous_161)
FNDA:0,(anonymous_162)
FNDA:0,(anonymous_163)
FNDA:0,(anonymous_164)
FNDA:0,(anonymous_165)
FNDA:0,(anonymous_166)
FNDA:0,(anonymous_167)
FNDA:0,(anonymous_168)
FNDA:0,(anonymous_169)
FNDA:0,(anonymous_170)
FNDA:0,(anonymous_171)
FNDA:0,(anonymous_172)
FNDA:0,(anonymous_173)
FNDA:0,(anonymous_174)
FNDA:0,(anonymous_175)
FNDA:0,(anonymous_176)
FNDA:0,(anonymous_177)
FNDA:0,(anonymous_178)
FNDA:0,(anonymous_179)
FNDA:0,(anonymous_180)
FNDA:0,(anonymous_181)
FNDA:0,(anonymous_182)
FNDA:0,(anonymous_183)
FNDA:0,(anonymous_184)
FNDA:0,(anonymous_185)
FNDA:0,(anonymous_186)
FNDA:0,(anonymous_187)
FNDA:0,(anonymous_188)
FNDA:0,(anonymous_189)
FNDA:0,(anonymous_190)
FNDA:0,(anonymous_191)
FNDA:0,(anonymous_192)
FNDA:0,(anonymous_193)
FNDA:0,(anonymous_194)
FNDA:0,(anonymous_195)
FNDA:0,(anonymous_196)
FNDA:0,(anonymous_197)
FNDA:0,(anonymous_198)
FNDA:0,(anonymous_199)
FNDA:0,(anonymous_200)
FNDA:0,(anonymous_201)
FNDA:0,(anonymous_202)
FNDA:0,(anonymous_203)
FNDA:0,(anonymous_204)
FNDA:0,(anonymous_205)
FNDA:0,(anonymous_206)
FNDA:0,(anonymous_207)
FNDA:0,(anonymous_208)
FNDA:0,(anonymous_209)
FNDA:0,(anonymous_210)
FNDA:0,(anonymous_211)
FNDA:0,(anonymous_212)
FNDA:0,(anonymous_213)
FNDA:0,(anonymous_214)
FNDA:0,(anonymous_215)
FNDA:0,(anonymous_216)
DA:1,3
DA:10,3
DA:11,3
DA:362,3
DA:363,0
DA:364,0
DA:367,0
DA:370,0
DA:413,0
DA:414,0
DA:417,0
DA:418,0
DA:419,0
DA:420,0
DA:421,0
DA:422,0
DA:423,0
DA:424,0
DA:427,0
DA:428,0
DA:432,0
DA:433,0
DA:434,0
DA:440,0
DA:441,0
DA:452,0
DA:453,0
DA:454,0
DA:455,0
DA:456,0
DA:457,0
DA:459,0
DA:464,0
DA:469,0
DA:470,0
DA:472,0
DA:473,0
DA:474,0
DA:477,0
DA:478,0
DA:479,0
DA:482,0
DA:483,0
DA:486,0
DA:496,0
DA:500,0
DA:502,0
DA:512,0
DA:516,0
DA:526,0
DA:530,0
DA:547,0
DA:551,0
DA:552,0
DA:554,0
DA:555,0
DA:556,0
DA:559,0
DA:560,0
DA:561,0
DA:564,0
DA:565,0
DA:566,0
DA:569,0
DA:570,0
DA:571,0
DA:574,0
DA:575,0
DA:576,0
DA:579,0
DA:580,0
DA:581,0
DA:584,0
DA:585,0
DA:586,0
DA:589,0
DA:590,0
DA:591,0
DA:594,0
DA:595,0
DA:598,0
DA:607,0
DA:611,0
DA:626,0
DA:630,0
DA:641,0
DA:645,0
DA:654,0
DA:658,0
DA:666,0
DA:670,0
DA:681,0
DA:685,0
DA:694,0
DA:698,0
DA:706,0
DA:714,0
DA:724,0
DA:726,0
DA:727,0
DA:730,0
DA:750,0
DA:752,0
DA:766,0
DA:767,0
DA:769,0
DA:776,0
DA:777,0
DA:782,0
DA:783,0
DA:786,0
DA:787,0
DA:792,0
DA:807,0
DA:808,0
DA:810,0
DA:811,0
DA:816,0
DA:825,0
DA:840,0
DA:848,0
DA:859,0
DA:860,0
DA:861,0
DA:864,0
DA:869,0
DA:870,0
DA:875,0
DA:884,0
DA:892,0
DA:902,0
DA:903,0
DA:906,0
DA:910,0
DA:920,0
DA:924,0
DA:925,0
DA:926,0
DA:927,0
DA:928,0
DA:932,0
DA:941,0
DA:942,0
DA:943,0
DA:945,0
DA:946,0
DA:949,0
DA:951,0
DA:952,0
DA:953,0
DA:954,0
DA:957,0
DA:959,0
DA:960,0
DA:964,0
DA:985,0
DA:997,0
DA:998,0
DA:999,0
DA:1002,0
DA:1003,0
DA:1006,0
DA:1008,0
DA:1009,0
DA:1010,0
DA:1013,0
DA:1014,0
DA:1015,0
DA:1018,0
DA:1019,0
DA:1022,0
DA:1024,0
DA:1027,0
DA:1030,0
DA:1032,0
DA:1034,0
DA:1035,0
DA:1037,0
DA:1038,0
DA:1060,0
DA:1062,0
DA:1063,0
DA:1084,0
DA:1085,0
DA:1096,0
DA:1104,0
DA:1105,0
DA:1115,0
DA:1123,0
DA:1124,0
DA:1125,0
DA:1127,0
DA:1128,0
DA:1136,0
DA:1144,0
DA:1146,0
DA:1156,0
DA:1157,0
DA:1166,0
DA:1167,0
DA:1178,0
DA:1191,0
DA:1193,0
DA:1209,0
DA:1210,0
DA:1212,0
DA:1220,0
DA:1222,0
DA:1223,0
DA:1225,0
DA:1236,0
DA:1237,0
DA:1238,0
DA:1239,0
DA:1242,0
DA:1251,0
DA:1260,0
DA:1261,0
DA:1271,0
DA:1272,0
DA:1281,0
DA:1294,0
DA:1296,0
DA:1302,0
DA:1303,0
DA:1305,0
DA:1310,0
DA:1323,0
DA:1324,0
DA:1325,0
DA:1328,0
DA:1332,0
DA:1336,0
DA:1337,0
DA:1338,0
DA:1352,0
DA:1367,0
DA:1368,0
DA:1369,0
DA:1371,0
DA:1378,0
DA:1379,0
DA:1380,0
DA:1383,0
DA:1392,0
DA:1401,0
DA:1409,0
DA:1416,0
DA:1417,0
DA:1418,0
DA:1429,0
DA:1431,0
DA:1432,0
DA:1434,0
DA:1439,0
DA:1441,0
DA:1442,0
DA:1449,0
DA:1462,0
DA:1466,0
DA:1470,0
DA:1471,0
DA:1472,0
DA:1474,0
DA:1475,0
DA:1476,0
DA:1480,0
DA:1481,0
DA:1483,0
DA:1493,0
DA:1495,0
DA:1504,0
DA:1507,0
DA:1508,0
DA:1513,0
DA:1514,0
DA:1520,0
DA:1526,0
DA:1527,0
DA:1528,0
DA:1529,0
DA:1531,0
DA:1544,0
DA:1557,0
DA:1558,0
DA:1569,0
DA:1573,0
DA:1583,0
DA:1584,0
DA:1585,0
DA:1588,0
DA:1631,0
DA:1642,0
DA:1690,0
DA:1701,0
DA:1703,0
DA:1704,0
DA:1706,0
DA:1716,0
DA:1717,0
DA:1718,0
DA:1719,0
DA:1722,0
DA:1723,0
DA:1726,0
DA:1735,0
DA:1743,0
DA:1752,0
DA:1753,0
DA:1754,0
DA:1765,0
DA:1766,0
DA:1775,0
DA:1785,0
DA:1786,0
DA:1788,0
DA:1789,0
DA:1791,0
DA:1796,0
DA:1809,0
DA:1810,0
DA:1811,0
DA:1814,0
DA:1836,0
DA:1837,0
DA:1842,0
DA:1843,0
DA:1845,0
DA:1896,0
DA:1915,0
DA:1916,0
DA:1918,0
DA:1919,0
DA:1920,0
DA:1922,0
DA:1923,0
DA:1924,0
DA:1926,0
DA:1927,0
DA:1928,0
DA:1930,0
DA:1931,0
DA:1932,0
DA:1934,0
DA:1935,0
DA:1936,0
DA:1939,0
DA:1940,0
DA:1950,0
DA:1960,0
DA:1961,0
DA:1987,0
DA:1998,0
DA:2016,0
DA:2017,0
DA:2020,0
DA:2042,0
DA:2061,0
DA:2062,0
DA:2065,0
DA:2066,0
DA:2068,0
DA:2069,0
DA:2070,0
DA:2072,0
DA:2073,0
DA:2074,0
DA:2076,0
DA:2077,0
DA:2078,0
DA:2080,0
DA:2081,0
DA:2082,0
DA:2084,0
DA:2085,0
DA:2086,0
DA:2088,0
DA:2089,0
DA:2090,0
DA:2092,0
DA:2093,0
DA:2094,0
DA:2096,0
DA:2097,0
DA:2098,0
DA:2100,0
DA:2101,0
DA:2102,0
DA:2104,0
DA:2105,0
DA:2106,0
DA:2109,0
DA:2110,0
DA:2113,0
DA:2122,0
DA:2123,0
DA:2126,0
DA:2130,0
DA:2131,0
DA:2134,0
DA:2143,0
DA:2144,0
DA:2147,0
DA:2151,0
DA:2153,0
DA:2154,0
DA:2157,0
DA:2166,0
DA:2167,0
DA:2175,0
DA:2178,0
DA:2186,0
DA:2190,0
DA:2200,0
DA:2213,0
DA:2222,0
DA:2223,0
DA:2226,0
DA:2236,0
DA:2237,0
DA:2252,0
DA:2266,0
DA:2267,0
DA:2270,0
DA:2271,0
DA:2274,0
DA:2283,0
DA:2285,0
DA:2286,0
DA:2289,0
DA:2297,0
DA:2298,0
DA:2301,0
DA:2302,0
DA:2309,0
DA:2312,0
DA:2320,0
DA:2328,0
DA:2335,0
DA:2336,0
DA:2346,0
DA:2347,0
DA:2350,0
DA:2360,0
DA:2361,0
DA:2370,0
DA:2374,0
DA:2376,0
DA:2397,0
DA:2400,0
DA:2412,0
DA:2422,0
DA:2435,0
DA:2448,0
DA:2449,0
DA:2450,0
DA:2453,0
DA:2463,0
DA:2464,0
DA:2467,0
DA:2469,0
DA:2470,0
DA:2472,0
DA:2489,0
DA:2491,0
DA:2492,0
DA:2501,0
DA:2515,0
DA:2517,0
DA:2528,0
DA:2529,0
DA:2531,0
DA:2547,0
DA:2612,0
DA:2613,0
DA:2614,0
DA:2615,0
DA:2616,0
DA:2617,0
DA:2618,0
DA:2619,0
DA:2620,0
DA:2621,0
DA:2623,0
DA:2626,0
DA:2633,0
DA:2659,0
DA:2681,0
DA:2685,0
DA:2709,0
DA:2720,0
DA:2721,0
DA:2724,0
DA:2739,0
DA:2753,0
DA:2754,0
DA:2756,0
DA:2757,0
DA:2758,0
DA:2760,0
DA:2761,0
DA:2763,0
DA:2764,0
DA:2765,0
DA:2767,0
DA:2768,0
DA:2769,0
DA:2771,0
DA:2772,0
DA:2773,0
DA:2775,0
DA:2776,0
DA:2778,0
DA:2779,0
DA:2780,0
DA:2782,0
DA:2783,0
DA:2784,0
DA:2787,0
DA:2788,0
DA:2791,0
DA:2796,0
DA:2805,0
DA:2809,0
DA:2817,0
DA:2821,0
DA:2831,0
DA:2840,0
DA:2841,0
DA:2844,0
DA:2857,0
DA:2869,0
DA:2870,0
DA:2872,0
DA:2873,0
DA:2874,0
DA:2876,0
DA:2877,0
DA:2879,0
DA:2880,0
DA:2881,0
DA:2883,0
DA:2884,0
DA:2885,0
DA:2887,0
DA:2888,0
DA:2889,0
DA:2892,0
DA:2893,0
DA:2896,0
DA:2901,0
DA:2908,0
DA:2912,0
DA:2935,0
DA:2939,0
DA:2963,0
DA:2980,0
DA:2981,0
DA:2985,0
DA:2986,0
DA:2988,0
DA:3012,0
DA:3033,0
DA:3035,0
DA:3036,0
DA:3038,0
DA:3039,0
DA:3040,0
DA:3043,0
DA:3044,0
DA:3045,0
DA:3046,0
DA:3047,0
DA:3048,0
DA:3049,0
DA:3050,0
DA:3051,0
DA:3053,0
DA:3057,0
DA:3060,0
DA:3061,0
DA:3062,0
DA:3063,0
DA:3065,0
DA:3066,0
DA:3068,0
DA:3069,0
DA:3072,0
DA:3077,0
DA:3083,0
DA:3087,0
DA:3107,0
DA:3128,0
DA:3129,0
DA:3132,0
DA:3133,0
DA:3137,0
DA:3141,0
DA:3145,0
DA:3146,0
DA:3149,0
DA:3157,0
DA:3165,0
DA:3172,0
DA:3200,0
DA:3204,0
DA:3234,0
DA:3242,0
DA:3251,0
DA:3252,0
DA:3255,0
DA:3257,0
DA:3258,0
DA:3261,0
DA:3272,0
DA:3274,0
DA:3275,0
DA:3277,0
DA:3278,0
DA:3288,0
DA:3289,0
DA:3299,0
DA:3300,0
DA:3310,0
DA:3312,0
DA:3313,0
DA:3315,0
DA:3318,0
DA:3322,0
DA:3323,0
DA:3324,0
DA:3327,0
DA:3328,0
DA:3330,0
DA:3340,0
DA:3342,0
DA:3353,0
DA:3361,0
DA:3365,0
DA:3369,0
DA:3377,0
DA:3384,0
DA:3385,0
DA:3386,0
DA:3388,0
DA:3389,0
DA:3390,0
DA:3393,0
DA:3394,0
DA:3396,0
DA:3417,0
DA:3419,0
DA:3438,0
DA:3441,0
DA:3442,0
DA:3447,0
DA:3448,0
DA:3454,0
DA:3460,0
DA:3461,0
DA:3462,0
DA:3463,0
DA:3465,0
DA:3478,0
DA:3494,0
DA:3495,0
DA:3506,0
DA:3510,0
DA:3532,0
DA:3534,0
DA:3535,0
DA:3539,0
DA:3581,0
DA:3592,0
DA:3615,0
DA:3637,0
DA:3653,0
DA:3669,0
DA:3671,0
DA:3672,0
DA:3674,0
DA:3683,0
DA:3691,0
DA:3696,0
DA:3697,0
DA:3698,0
DA:3711,0
DA:3713,0
DA:3714,0
DA:3716,0
DA:3719,0
DA:3723,0
DA:3724,0
DA:3725,0
DA:3728,0
DA:3729,0
DA:3731,0
DA:3769,0
DA:3789,0
DA:3800,0
DA:3836,0
DA:3881,0
DA:3883,0
DA:3884,0
DA:3886,0
DA:3909,0
DA:3911,0
DA:3912,0
DA:3921,0
DA:3922,0
DA:3943,0
DA:3944,0
DA:3946,0
DA:3947,0
DA:3949,0
DA:3980,0
DA:3982,0
DA:3983,0
DA:3985,0
DA:3986,0
DA:3988,0
DA:3989,0
DA:3990,0
DA:3992,0
DA:3993,0
DA:3994,0
DA:3996,0
DA:3997,0
DA:3998,0
DA:4000,0
DA:4001,0
DA:4002,0
DA:4004,0
DA:4005,0
DA:4006,0
DA:4008,0
DA:4009,0
DA:4010,0
DA:4012,0
DA:4013,0
DA:4014,0
DA:4016,0
DA:4017,0
DA:4018,0
DA:4020,0
DA:4021,0
DA:4022,0
DA:4024,0
DA:4025,0
DA:4026,0
DA:4028,0
DA:4029,0
DA:4030,0
DA:4033,0
DA:4034,0
DA:4044,0
DA:4045,0
DA:4050,0
DA:4051,0
DA:4061,0
DA:4062,0
DA:4067,0
DA:4068,0
DA:4090,0
DA:4092,0
DA:4093,0
DA:4095,0
DA:4098,0
DA:4105,0
DA:4114,0
DA:4118,0
DA:4144,0
DA:4145,0
DA:4146,0
DA:4149,0
DA:4170,0
DA:4188,0
DA:4191,0
DA:4197,0
DA:4213,0
DA:4244,0
DA:4245,0
DA:4246,0
DA:4247,0
DA:4248,0
DA:4250,0
DA:4253,0
DA:4257,0
DA:4262,0
DA:4270,0
DA:4271,0
DA:4282,0
DA:4289,0
DA:4290,0
DA:4299,0
DA:4306,0
DA:4328,0
DA:4329,0
DA:4334,0
DA:4340,0
DA:4353,0
DA:4363,0
DA:4370,0
DA:4372,0
DA:4395,0
DA:4412,0
DA:4422,0
DA:4423,0
DA:4426,0
DA:4434,0
DA:4444,0
DA:4479,0
DA:4483,0
DA:4494,0
DA:4503,0
DA:4513,0
DA:4514,0
DA:4515,0
DA:4518,0
DA:4519,0
DA:4520,0
DA:4523,0
DA:4524,0
DA:4527,0
DA:4528,0
DA:4533,0
DA:4541,0
DA:4550,0
DA:4560,0
DA:4564,0
DA:4566,0
DA:4577,0
DA:4581,0
DA:4582,0
DA:4589,0
DA:4590,0
DA:4618,0
DA:4635,0
DA:4636,0
DA:4639,0
DA:4643,0
DA:4644,0
DA:4646,0
DA:4650,0
DA:4660,0
DA:4661,0
DA:4668,0
DA:4676,0
DA:4684,0
DA:4714,0
DA:4767,0
DA:4768,0
DA:4769,0
DA:4771,0
DA:4776,0
DA:4787,0
DA:4797,0
DA:4798,0
DA:4799,0
DA:4802,0
DA:4803,0
DA:4813,0
DA:4814,0
DA:4815,0
DA:4818,0
DA:4824,0
DA:4833,0
DA:4835,0
DA:4848,0
DA:4849,0
DA:4854,0
DA:4855,0
DA:4863,0
DA:4872,0
DA:4881,0
DA:4893,0
DA:4894,0
DA:4895,0
DA:4898,0
DA:4899,0
DA:4900,0
DA:4902,0
DA:4903,0
DA:4905,0
DA:4906,0
DA:4908,0
DA:4909,0
DA:4911,0
DA:4912,0
DA:4914,0
DA:4918,0
DA:4921,0
DA:4925,0
DA:4927,0
DA:4928,0
DA:4930,0
DA:4934,0
DA:4939,0
DA:4943,0
DA:4954,0
DA:4958,0
DA:4968,0
DA:4969,0
DA:4980,0
DA:4991,0
DA:5010,0
DA:5021,0
DA:5022,0
DA:5025,0
DA:5033,0
DA:5042,0
DA:5052,0
DA:5056,0
DA:5066,0
DA:5070,0
DA:5077,0
DA:5078,0
DA:5088,0
DA:5099,0
DA:5108,0
DA:5116,0
DA:5118,0
DA:5119,0
DA:5121,0
DA:5132,0
DA:5134,0
DA:5135,0
DA:5136,0
DA:5139,0
DA:5140,0
DA:5141,0
DA:5144,0
DA:5161,0
DA:5170,0
DA:5171,0
DA:5181,0
DA:5182,0
DA:5192,0
DA:5208,0
DA:5209,0
DA:5211,0
DA:5212,0
DA:5214,0
DA:5219,0
DA:5236,0
DA:5237,0
DA:5243,0
DA:5244,0
DA:5250,0
DA:5251,0
DA:5257,0
DA:5258,0
DA:5264,0
DA:5265,0
DA:5271,0
DA:5272,0
DA:5280,0
DA:5281,0
DA:5285,0
DA:5287,0
DA:5290,0
DA:5291,0
DA:5295,0
DA:5297,0
DA:5302,0
DA:5303,0
DA:5309,0
DA:5310,0
DA:5316,0
DA:5317,0
DA:5325,0
DA:5340,0
DA:5350,0
DA:5370,0
DA:5391,0
DA:5413,0
DA:5414,0
DA:5416,0
DA:5417,0
DA:5419,0
DA:5420,0
DA:5422,0
DA:5423,0
DA:5425,0
DA:5429,0
DA:5431,0
DA:5435,0
DA:5437,0
DA:5438,0
DA:5440,0
DA:5445,0
DA:5447,0
DA:5448,0
DA:5450,0
DA:5451,0
DA:5453,0
DA:5458,0
DA:5466,0
DA:5467,0
DA:5470,0
DA:5475,0
DA:5476,0
DA:5480,0
DA:5481,0
DA:5482,0
DA:5483,0
DA:5484,0
DA:5485,0
DA:5486,0
DA:5487,0
DA:5489,0
DA:5501,0
DA:5504,0
DA:5511,0
DA:5512,0
DA:5515,0
DA:5516,0
DA:5517,0
DA:5518,0
DA:5523,0
DA:5539,0
DA:5540,0
DA:5541,0
DA:5544,0
DA:5555,0
DA:5556,0
DA:5557,0
DA:5567,0
DA:5572,0
DA:5575,0
DA:5584,0
DA:5586,0
DA:5595,0
DA:5599,0
DA:5603,0
DA:5604,0
DA:5608,0
DA:5609,0
DA:5612,0
DA:5624,0
DA:5626,0
DA:5627,0
DA:5630,0
DA:5631,0
DA:5635,0
DA:5640,0
DA:5643,0
DA:5651,0
DA:5653,0
DA:5654,0
DA:5656,0
DA:5668,0
DA:5670,0
DA:5671,0
DA:5672,0
DA:5675,0
DA:5679,0
DA:5684,0
DA:5685,0
DA:5688,0
DA:5689,0
DA:5690,0
DA:5693,0
DA:5709,0
DA:5718,0
DA:5719,0
DA:5729,0
DA:5730,0
DA:5740,0
DA:5756,0
DA:5757,0
DA:5759,0
DA:5760,0
DA:5762,0
DA:5776,0
DA:5778,0
DA:5782,0
DA:5785,0
DA:5789,0
DA:5843,0
DA:5854,0
DA:5857,0
DA:5861,0
DA:5865,0
DA:5870,0
DA:5880,0
DA:5881,0
DA:5882,0
DA:5888,0
DA:5898,0
DA:5902,0
DA:5904,0
DA:5911,0
DA:5915,0
DA:5918,0
DA:5922,0
DA:5933,0
DA:5945,0
DA:5946,0
DA:5947,0
DA:5948,0
DA:5949,0
DA:5951,0
DA:5952,0
DA:5953,0
DA:5954,0
DA:5955,0
DA:5958,0
DA:5959,0
DA:5969,0
DA:5970,0
DA:5971,0
DA:5974,0
DA:5975,0
DA:5976,0
DA:5977,0
DA:5980,0
DA:5981,0
DA:5985,0
DA:5990,0
DA:5999,0
DA:6000,0
DA:6003,0
DA:6017,0
DA:6025,0
DA:6027,0
DA:6070,0
DA:6071,0
DA:6072,0
DA:6073,0
DA:6074,0
DA:6075,0
DA:6077,0
DA:6078,0
DA:6088,0
DA:6089,0
DA:6090,0
DA:6093,0
DA:6094,0
DA:6095,0
DA:6100,0
DA:6103,0
DA:6111,0
DA:6116,0
DA:6121,0
DA:6122,0
DA:6123,0
DA:6124,0
DA:6125,0
DA:6126,0
DA:6128,0
DA:6134,0
DA:6140,0
DA:6155,0
DA:6162,0
DA:6163,0
DA:6168,0
DA:6177,0
DA:6198,0
DA:6211,0
DA:6223,0
DA:6238,0
DA:6251,0
DA:6252,0
DA:6254,0
DA:6255,0
DA:6256,0
DA:6257,0
DA:6260,0
DA:6261,0
DA:6262,0
DA:6265,0
DA:6266,0
DA:6267,0
DA:6270,0
DA:6271,0
DA:6272,0
DA:6275,0
DA:6276,0
DA:6277,0
DA:6280,0
DA:6282,0
DA:6283,0
DA:6284,0
DA:6285,0
DA:6286,0
DA:6287,0
DA:6288,0
DA:6289,0
DA:6290,0
DA:6293,0
DA:6294,0
DA:6296,0
DA:6306,0
DA:6307,0
DA:6309,0
DA:6348,0
DA:6368,0
DA:6379,0
DA:6417,0
DA:6439,0
DA:6441,0
DA:6442,0
DA:6444,0
DA:6454,0
DA:6455,0
DA:6456,0
DA:6457,0
DA:6460,0
DA:6461,0
DA:6464,0
DA:6473,0
DA:6481,0
DA:6483,0
DA:6484,0
DA:6486,0
DA:6489,0
DA:6498,0
DA:6500,0
DA:6501,0
DA:6503,0
DA:6513,0
DA:6514,0
DA:6515,0
DA:6516,0
DA:6519,0
DA:6520,0
DA:6523,0
DA:6524,0
DA:6526,0
DA:6535,0
DA:6543,0
DA:6544,0
DA:6559,0
DA:6561,0
DA:6562,0
DA:6564,0
DA:6567,0
LF:1238
LH:4
BRDA:367,0,0,0
BRDA:367,0,1,0
BRDA:367,1,0,0
BRDA:367,1,1,0
BRDA:452,2,0,0
BRDA:452,2,1,0
BRDA:472,3,0,0
BRDA:472,3,1,0
BRDA:477,4,0,0
BRDA:477,4,1,0
BRDA:482,5,0,0
BRDA:482,5,1,0
BRDA:496,6,0,0
BRDA:496,6,1,0
BRDA:512,7,0,0
BRDA:512,7,1,0
BRDA:526,8,0,0
BRDA:526,8,1,0
BRDA:541,9,0,0
BRDA:541,9,1,0
BRDA:554,10,0,0
BRDA:554,10,1,0
BRDA:559,11,0,0
BRDA:559,11,1,0
BRDA:564,12,0,0
BRDA:564,12,1,0
BRDA:569,13,0,0
BRDA:569,13,1,0
BRDA:574,14,0,0
BRDA:574,14,1,0
BRDA:579,15,0,0
BRDA:579,15,1,0
BRDA:584,16,0,0
BRDA:584,16,1,0
BRDA:589,17,0,0
BRDA:589,17,1,0
BRDA:594,18,0,0
BRDA:594,18,1,0
BRDA:641,19,0,0
BRDA:641,19,1,0
BRDA:681,20,0,0
BRDA:681,20,1,0
BRDA:726,21,0,0
BRDA:726,21,1,0
BRDA:779,22,0,0
BRDA:779,22,1,0
BRDA:782,23,0,0
BRDA:782,23,1,0
BRDA:786,24,0,0
BRDA:786,24,1,0
BRDA:804,25,0,0
BRDA:804,25,1,0
BRDA:804,26,0,0
BRDA:804,26,1,0
BRDA:807,27,0,0
BRDA:807,27,1,0
BRDA:810,28,0,0
BRDA:810,28,1,0
BRDA:833,29,0,0
BRDA:833,29,1,0
BRDA:860,30,0,0
BRDA:860,30,1,0
BRDA:869,31,0,0
BRDA:869,31,1,0
BRDA:869,32,0,0
BRDA:869,32,1,0
BRDA:902,33,0,0
BRDA:902,33,1,0
BRDA:945,34,0,0
BRDA:945,34,1,0
BRDA:957,35,0,0
BRDA:957,35,1,0
BRDA:959,36,0,0
BRDA:959,36,1,0
BRDA:960,37,0,0
BRDA:960,37,1,0
BRDA:968,38,0,0
BRDA:968,38,1,0
BRDA:1002,39,0,0
BRDA:1002,39,1,0
BRDA:1009,40,0,0
BRDA:1009,40,1,0
BRDA:1014,41,0,0
BRDA:1014,41,1,0
BRDA:1014,42,0,0
BRDA:1014,42,1,0
BRDA:1022,43,0,0
BRDA:1022,43,1,0
BRDA:1024,44,0,0
BRDA:1024,44,1,0
BRDA:1027,45,0,0
BRDA:1027,45,1,0
BRDA:1050,46,0,0
BRDA:1050,46,1,0
BRDA:1056,47,0,0
BRDA:1056,47,1,0
BRDA:1075,48,0,0
BRDA:1075,48,1,0
BRDA:1076,49,0,0
BRDA:1076,49,1,0
BRDA:1076,50,0,0
BRDA:1076,50,1,0
BRDA:1076,51,0,0
BRDA:1076,51,1,0
BRDA:1084,52,0,0
BRDA:1084,52,1,0
BRDA:1104,53,0,0
BRDA:1104,53,1,0
BRDA:1127,54,0,0
BRDA:1127,54,1,0
BRDA:1156,55,0,0
BRDA:1156,55,1,0
BRDA:1237,56,0,0
BRDA:1237,56,1,0
BRDA:1248,57,0,0
BRDA:1248,57,1,0
BRDA:1254,58,0,0
BRDA:1254,58,1,0
BRDA:1257,59,0,0
BRDA:1257,59,1,0
BRDA:1260,60,0,0
BRDA:1260,60,1,0
BRDA:1271,61,0,0
BRDA:1271,61,1,0
BRDA:1299,62,0,0
BRDA:1299,62,1,0
BRDA:1324,63,0,0
BRDA:1324,63,1,0
BRDA:1328,64,0,0
BRDA:1328,64,1,0
BRDA:1332,65,0,0
BRDA:1332,65,1,0
BRDA:1332,65,2,0
BRDA:1336,66,0,0
BRDA:1336,66,1,0
BRDA:1360,67,0,0
BRDA:1360,67,1,0
BRDA:1378,68,0,0
BRDA:1378,68,1,0
BRDA:1417,69,0,0
BRDA:1417,69,1,0
BRDA:1441,70,0,0
BRDA:1441,70,1,0
BRDA:1474,71,0,0
BRDA:1474,71,1,0
BRDA:1474,72,0,0
BRDA:1474,72,1,0
BRDA:1480,73,0,0
BRDA:1480,73,1,0
BRDA:1507,74,0,0
BRDA:1507,74,1,0
BRDA:1508,75,0,0
BRDA:1508,75,1,0
BRDA:1508,76,0,0
BRDA:1508,76,1,0
BRDA:1528,77,0,0
BRDA:1528,77,1,0
BRDA:1540,78,0,0
BRDA:1540,78,1,0
BRDA:1549,79,0,0
BRDA:1549,79,1,0
BRDA:1554,80,0,0
BRDA:1554,80,1,0
BRDA:1557,81,0,0
BRDA:1557,81,1,0
BRDA:1557,82,0,0
BRDA:1557,82,1,0
BRDA:1584,83,0,0
BRDA:1584,83,1,0
BRDA:1636,84,0,0
BRDA:1636,84,1,0
BRDA:1651,85,0,0
BRDA:1651,85,1,0
BRDA:1653,86,0,0
BRDA:1653,86,1,0
BRDA:1662,87,0,0
BRDA:1662,87,1,0
BRDA:1666,88,0,0
BRDA:1666,88,1,0
BRDA:1675,89,0,0
BRDA:1675,89,1,0
BRDA:1682,90,0,0
BRDA:1682,90,1,0
BRDA:1685,91,0,0
BRDA:1685,91,1,0
BRDA:1717,92,0,0
BRDA:1717,92,1,0
BRDA:1722,93,0,0
BRDA:1722,93,1,0
BRDA:1753,94,0,0
BRDA:1753,94,1,0
BRDA:1765,95,0,0
BRDA:1765,95,1,0
BRDA:1810,96,0,0
BRDA:1810,96,1,0
BRDA:1846,97,0,0
BRDA:1846,97,1,0
BRDA:1858,98,0,0
BRDA:1858,98,1,0
BRDA:1861,99,0,0
BRDA:1861,99,1,0
BRDA:1864,100,0,0
BRDA:1864,100,1,0
BRDA:1871,101,0,0
BRDA:1871,101,1,0
BRDA:1879,102,0,0
BRDA:1879,102,1,0
BRDA:1881,103,0,0
BRDA:1881,103,1,0
BRDA:1888,104,0,0
BRDA:1888,104,1,0
BRDA:1888,105,0,0
BRDA:1888,105,1,0
BRDA:1892,106,0,0
BRDA:1892,106,1,0
BRDA:1918,107,0,0
BRDA:1918,107,1,0
BRDA:1922,108,0,0
BRDA:1922,108,1,0
BRDA:1926,109,0,0
BRDA:1926,109,1,0
BRDA:1930,110,0,0
BRDA:1930,110,1,0
BRDA:1934,111,0,0
BRDA:1934,111,1,0
BRDA:1939,112,0,0
BRDA:1939,112,1,0
BRDA:1961,113,0,0
BRDA:1961,113,1,0
BRDA:1974,114,0,0
BRDA:1974,114,1,0
BRDA:1976,115,0,0
BRDA:1976,115,1,0
BRDA:2016,116,0,0
BRDA:2016,116,1,0
BRDA:2035,117,0,0
BRDA:2035,117,1,0
BRDA:2037,118,0,0
BRDA:2037,118,1,0
BRDA:2038,119,0,0
BRDA:2038,119,1,0
BRDA:2061,120,0,0
BRDA:2061,120,1,0
BRDA:2068,121,0,0
BRDA:2068,121,1,0
BRDA:2072,122,0,0
BRDA:2072,122,1,0
BRDA:2076,123,0,0
BRDA:2076,123,1,0
BRDA:2080,124,0,0
BRDA:2080,124,1,0
BRDA:2084,125,0,0
BRDA:2084,125,1,0
BRDA:2088,126,0,0
BRDA:2088,126,1,0
BRDA:2092,127,0,0
BRDA:2092,127,1,0
BRDA:2096,128,0,0
BRDA:2096,128,1,0
BRDA:2100,129,0,0
BRDA:2100,129,1,0
BRDA:2104,130,0,0
BRDA:2104,130,1,0
BRDA:2109,131,0,0
BRDA:2109,131,1,0
BRDA:2122,132,0,0
BRDA:2122,132,1,0
BRDA:2130,133,0,0
BRDA:2130,133,1,0
BRDA:2143,134,0,0
BRDA:2143,134,1,0
BRDA:2153,135,0,0
BRDA:2153,135,1,0
BRDA:2166,136,0,0
BRDA:2166,136,1,0
BRDA:2166,137,0,0
BRDA:2166,137,1,0
BRDA:2206,138,0,0
BRDA:2206,138,1,0
BRDA:2222,139,0,0
BRDA:2222,139,1,0
BRDA:2237,140,0,0
BRDA:2237,140,1,0
BRDA:2244,141,0,0
BRDA:2244,141,1,0
BRDA:2266,142,0,0
BRDA:2266,142,1,0
BRDA:2270,143,0,0
BRDA:2270,143,1,0
BRDA:2285,144,0,0
BRDA:2285,144,1,0
BRDA:2297,145,0,0
BRDA:2297,145,1,0
BRDA:2305,146,0,0
BRDA:2305,146,1,0
BRDA:2346,147,0,0
BRDA:2346,147,1,0
BRDA:2360,148,0,0
BRDA:2360,148,1,0
BRDA:2449,149,0,0
BRDA:2449,149,1,0
BRDA:2463,150,0,0
BRDA:2463,150,1,0
BRDA:2484,151,0,0
BRDA:2484,151,1,0
BRDA:2485,152,0,0
BRDA:2485,152,1,0
BRDA:2491,153,0,0
BRDA:2491,153,1,0
BRDA:2497,154,0,0
BRDA:2497,154,1,0
BRDA:2523,155,0,0
BRDA:2523,155,1,0
BRDA:2524,156,0,0
BRDA:2524,156,1,0
BRDA:2624,157,0,0
BRDA:2624,157,1,0
BRDA:2625,158,0,0
BRDA:2625,158,1,0
BRDA:2628,159,0,0
BRDA:2628,159,1,0
BRDA:2630,160,0,0
BRDA:2630,160,1,0
BRDA:2631,161,0,0
BRDA:2631,161,1,0
BRDA:2632,162,0,0
BRDA:2632,162,1,0
BRDA:2637,163,0,0
BRDA:2637,163,1,0
BRDA:2643,164,0,0
BRDA:2643,164,1,0
BRDA:2644,165,0,0
BRDA:2644,165,1,0
BRDA:2647,166,0,0
BRDA:2647,166,1,0
BRDA:2648,167,0,0
BRDA:2648,167,1,0
BRDA:2651,168,0,0
BRDA:2651,168,1,0
BRDA:2652,169,0,0
BRDA:2652,169,1,0
BRDA:2709,170,0,0
BRDA:2709,170,1,0
BRDA:2720,171,0,0
BRDA:2720,171,1,0
BRDA:2731,172,0,0
BRDA:2731,172,1,0
BRDA:2732,173,0,0
BRDA:2732,173,1,0
BRDA:2733,174,0,0
BRDA:2733,174,1,0
BRDA:2733,175,0,0
BRDA:2733,175,1,0
BRDA:2734,176,0,0
BRDA:2734,176,1,0
BRDA:2735,177,0,0
BRDA:2735,177,1,0
BRDA:2756,178,0,0
BRDA:2756,178,1,0
BRDA:2757,179,0,0
BRDA:2757,179,1,0
BRDA:2763,180,0,0
BRDA:2763,180,1,0
BRDA:2765,181,0,0
BRDA:2765,181,1,0
BRDA:2767,182,0,0
BRDA:2767,182,1,0
BRDA:2771,183,0,0
BRDA:2771,183,1,0
BRDA:2772,184,0,0
BRDA:2772,184,1,0
BRDA:2776,185,0,0
BRDA:2776,185,1,0
BRDA:2776,186,0,0
BRDA:2776,186,1,0
BRDA:2778,187,0,0
BRDA:2778,187,1,0
BRDA:2782,188,0,0
BRDA:2782,188,1,0
BRDA:2787,189,0,0
BRDA:2787,189,1,0
BRDA:2796,190,0,0
BRDA:2796,190,1,0
BRDA:2831,191,0,0
BRDA:2831,191,1,0
BRDA:2840,192,0,0
BRDA:2840,192,1,0
BRDA:2851,193,0,0
BRDA:2851,193,1,0
BRDA:2852,194,0,0
BRDA:2852,194,1,0
BRDA:2853,195,0,0
BRDA:2853,195,1,0
BRDA:2872,196,0,0
BRDA:2872,196,1,0
BRDA:2873,197,0,0
BRDA:2873,197,1,0
BRDA:2879,198,0,0
BRDA:2879,198,1,0
BRDA:2881,199,0,0
BRDA:2881,199,1,0
BRDA:2883,200,0,0
BRDA:2883,200,1,0
BRDA:2887,201,0,0
BRDA:2887,201,1,0
BRDA:2892,202,0,0
BRDA:2892,202,1,0
BRDA:2901,203,0,0
BRDA:2901,203,1,0
BRDA:2963,204,0,0
BRDA:2963,204,1,0
BRDA:2999,205,0,0
BRDA:2999,205,1,0
BRDA:3003,206,0,0
BRDA:3003,206,1,0
BRDA:3004,207,0,0
BRDA:3004,207,1,0
BRDA:3005,208,0,0
BRDA:3005,208,1,0
BRDA:3008,209,0,0
BRDA:3008,209,1,0
BRDA:3043,210,0,0
BRDA:3043,210,1,0
BRDA:3044,211,0,0
BRDA:3044,211,1,0
BRDA:3045,212,0,0
BRDA:3045,212,1,0
BRDA:3046,213,0,0
BRDA:3046,213,1,0
BRDA:3047,214,0,0
BRDA:3047,214,1,0
BRDA:3048,215,0,0
BRDA:3048,215,1,0
BRDA:3049,216,0,0
BRDA:3049,216,1,0
BRDA:3050,217,0,0
BRDA:3050,217,1,0
BRDA:3051,218,0,0
BRDA:3051,218,1,0
BRDA:3053,219,0,0
BRDA:3053,219,1,0
BRDA:3057,220,0,0
BRDA:3057,220,1,0
BRDA:3060,221,0,0
BRDA:3060,221,1,0
BRDA:3061,222,0,0
BRDA:3061,222,1,0
BRDA:3062,223,0,0
BRDA:3062,223,1,0
BRDA:3062,224,0,0
BRDA:3062,224,1,0
BRDA:3065,225,0,0
BRDA:3065,225,1,0
BRDA:3066,226,0,0
BRDA:3066,226,1,0
BRDA:3068,227,0,0
BRDA:3068,227,1,0
BRDA:3077,228,0,0
BRDA:3077,228,1,0
BRDA:3115,229,0,0
BRDA:3115,229,1,0
BRDA:3128,230,0,0
BRDA:3128,230,1,0
BRDA:3132,231,0,0
BRDA:3132,231,1,0
BRDA:3137,232,0,0
BRDA:3137,232,1,0
BRDA:3137,233,0,0
BRDA:3137,233,1,0
BRDA:3145,234,0,0
BRDA:3145,234,1,0
BRDA:3153,235,0,0
BRDA:3153,235,1,0
BRDA:3154,236,0,0
BRDA:3154,236,1,0
BRDA:3234,237,0,0
BRDA:3234,237,1,0
BRDA:3248,238,0,0
BRDA:3248,238,1,0
BRDA:3251,239,0,0
BRDA:3251,239,1,0
BRDA:3257,240,0,0
BRDA:3257,240,1,0
BRDA:3277,241,0,0
BRDA:3277,241,1,0
BRDA:3288,242,0,0
BRDA:3288,242,1,0
BRDA:3299,243,0,0
BRDA:3299,243,1,0
BRDA:3322,244,0,0
BRDA:3322,244,1,0
BRDA:3322,245,0,0
BRDA:3322,245,1,0
BRDA:3327,246,0,0
BRDA:3327,246,1,0
BRDA:3379,247,0,0
BRDA:3379,247,1,0
BRDA:3379,248,0,0
BRDA:3379,248,1,0
BRDA:3388,249,0,0
BRDA:3388,249,1,0
BRDA:3388,250,0,0
BRDA:3388,250,1,0
BRDA:3393,251,0,0
BRDA:3393,251,1,0
BRDA:3441,252,0,0
BRDA:3441,252,1,0
BRDA:3442,253,0,0
BRDA:3442,253,1,0
BRDA:3442,254,0,0
BRDA:3442,254,1,0
BRDA:3462,255,0,0
BRDA:3462,255,1,0
BRDA:3474,256,0,0
BRDA:3474,256,1,0
BRDA:3491,257,0,0
BRDA:3491,257,1,0
BRDA:3494,258,0,0
BRDA:3494,258,1,0
BRDA:3494,259,0,0
BRDA:3494,259,1,0
BRDA:3534,260,0,0
BRDA:3534,260,1,0
BRDA:3592,261,0,0
BRDA:3592,261,1,0
BRDA:3601,262,0,0
BRDA:3601,262,1,0
BRDA:3605,263,0,0
BRDA:3605,263,1,0
BRDA:3615,264,0,0
BRDA:3615,264,1,0
BRDA:3624,265,0,0
BRDA:3624,265,1,0
BRDA:3627,266,0,0
BRDA:3627,266,1,0
BRDA:3630,267,0,0
BRDA:3630,267,1,0
BRDA:3688,268,0,0
BRDA:3688,268,1,0
BRDA:3697,269,0,0
BRDA:3697,269,1,0
BRDA:3723,270,0,0
BRDA:3723,270,1,0
BRDA:3723,271,0,0
BRDA:3723,271,1,0
BRDA:3728,272,0,0
BRDA:3728,272,1,0
BRDA:3775,273,0,0
BRDA:3775,273,1,0
BRDA:3780,274,0,0
BRDA:3780,274,1,0
BRDA:3842,275,0,0
BRDA:3842,275,1,0
BRDA:3847,276,0,0
BRDA:3847,276,1,0
BRDA:3898,277,0,0
BRDA:3898,277,1,0
BRDA:3899,278,0,0
BRDA:3899,278,1,0
BRDA:3900,279,0,0
BRDA:3900,279,1,0
BRDA:3901,280,0,0
BRDA:3901,280,1,0
BRDA:3903,281,0,0
BRDA:3903,281,1,0
BRDA:3904,282,0,0
BRDA:3904,282,1,0
BRDA:3905,283,0,0
BRDA:3905,283,1,0
BRDA:3911,284,0,0
BRDA:3911,284,1,0
BRDA:3917,285,0,0
BRDA:3917,285,1,0
BRDA:3921,286,0,0
BRDA:3921,286,1,0
BRDA:3931,287,0,0
BRDA:3931,287,1,0
BRDA:3932,288,0,0
BRDA:3932,288,1,0
BRDA:3933,289,0,0
BRDA:3933,289,1,0
BRDA:3935,290,0,0
BRDA:3935,290,1,0
BRDA:3936,291,0,0
BRDA:3936,291,1,0
BRDA:3937,292,0,0
BRDA:3937,292,1,0
BRDA:3938,293,0,0
BRDA:3938,293,1,0
BRDA:3988,294,0,0
BRDA:3988,294,1,0
BRDA:3992,295,0,0
BRDA:3992,295,1,0
BRDA:3996,296,0,0
BRDA:3996,296,1,0
BRDA:4000,297,0,0
BRDA:4000,297,1,0
BRDA:4004,298,0,0
BRDA:4004,298,1,0
BRDA:4008,299,0,0
BRDA:4008,299,1,0
BRDA:4012,300,0,0
BRDA:4012,300,1,0
BRDA:4016,301,0,0
BRDA:4016,301,1,0
BRDA:4020,302,0,0
BRDA:4020,302,1,0
BRDA:4024,303,0,0
BRDA:4024,303,1,0
BRDA:4028,304,0,0
BRDA:4028,304,1,0
BRDA:4033,305,0,0
BRDA:4033,305,1,0
BRDA:4044,306,0,0
BRDA:4044,306,1,0
BRDA:4056,307,0,0
BRDA:4056,307,1,0
BRDA:4061,308,0,0
BRDA:4061,308,1,0
BRDA:4077,309,0,0
BRDA:4077,309,1,0
BRDA:4078,310,0,0
BRDA:4078,310,1,0
BRDA:4079,311,0,0
BRDA:4079,311,1,0
BRDA:4081,312,0,0
BRDA:4081,312,1,0
BRDA:4082,313,0,0
BRDA:4082,313,1,0
BRDA:4083,314,0,0
BRDA:4083,314,1,0
BRDA:4084,315,0,0
BRDA:4084,315,1,0
BRDA:4145,316,0,0
BRDA:4145,316,1,0
BRDA:4181,317,0,0
BRDA:4181,317,1,0
BRDA:4188,318,0,0
BRDA:4188,318,1,0
BRDA:4188,319,0,0
BRDA:4188,319,1,0
BRDA:4204,320,0,0
BRDA:4204,320,1,0
BRDA:4251,321,0,0
BRDA:4251,321,1,0
BRDA:4252,322,0,0
BRDA:4252,322,1,0
BRDA:4255,323,0,0
BRDA:4255,323,1,0
BRDA:4260,324,0,0
BRDA:4260,324,1,0
BRDA:4264,325,0,0
BRDA:4264,325,1,0
BRDA:4269,326,0,0
BRDA:4275,327,0,0
BRDA:4275,327,1,0
BRDA:4294,328,0,0
BRDA:4294,328,1,0
BRDA:4332,329,0,0
BRDA:4332,329,1,0
BRDA:4345,330,0,0
BRDA:4345,330,1,0
BRDA:4346,331,0,0
BRDA:4346,331,1,0
BRDA:4352,332,0,0
BRDA:4369,333,0,0
BRDA:4380,334,0,0
BRDA:4380,334,1,0
BRDA:4388,335,0,0
BRDA:4388,335,1,0
BRDA:4399,336,0,0
BRDA:4399,336,1,0
BRDA:4401,337,0,0
BRDA:4401,337,1,0
BRDA:4422,338,0,0
BRDA:4422,338,1,0
BRDA:4482,339,0,0
BRDA:4482,340,0,0
BRDA:4514,341,0,0
BRDA:4514,341,1,0
BRDA:4519,342,0,0
BRDA:4519,342,1,0
BRDA:4523,343,0,0
BRDA:4523,343,1,0
BRDA:4527,344,0,0
BRDA:4527,344,1,0
BRDA:4527,345,0,0
BRDA:4527,345,1,0
BRDA:4564,346,0,0
BRDA:4564,346,1,0
BRDA:4577,347,0,0
BRDA:4577,347,1,0
BRDA:4581,348,0,0
BRDA:4581,348,1,0
BRDA:4589,349,0,0
BRDA:4589,349,1,0
BRDA:4635,350,0,0
BRDA:4635,350,1,0
BRDA:4643,351,0,0
BRDA:4643,351,1,0
BRDA:4660,352,0,0
BRDA:4660,352,1,0
BRDA:4729,353,0,0
BRDA:4729,353,1,0
BRDA:4734,354,0,0
BRDA:4734,354,1,0
BRDA:4798,355,0,0
BRDA:4798,355,1,0
BRDA:4798,356,0,0
BRDA:4798,356,1,0
BRDA:4802,357,0,0
BRDA:4802,357,1,0
BRDA:4814,358,0,0
BRDA:4814,358,1,0
BRDA:4814,359,0,0
BRDA:4814,359,1,0
BRDA:4820,360,0,0
BRDA:4820,360,1,0
BRDA:4833,361,0,0
BRDA:4833,361,1,0
BRDA:4837,362,0,0
BRDA:4837,362,1,0
BRDA:4854,363,0,0
BRDA:4854,363,1,0
BRDA:4854,364,0,0
BRDA:4854,364,1,0
BRDA:4894,365,0,0
BRDA:4894,365,1,0
BRDA:4899,366,0,0
BRDA:4899,366,1,0
BRDA:4900,367,0,0
BRDA:4900,367,1,0
BRDA:4902,368,0,0
BRDA:4902,368,1,0
BRDA:4905,369,0,0
BRDA:4905,369,1,0
BRDA:4905,370,0,0
BRDA:4905,370,1,0
BRDA:4908,371,0,0
BRDA:4908,371,1,0
BRDA:4908,372,0,0
BRDA:4908,372,1,0
BRDA:4911,373,0,0
BRDA:4911,373,1,0
BRDA:4911,374,0,0
BRDA:4911,374,1,0
BRDA:4914,375,0,0
BRDA:4914,375,1,0
BRDA:4915,376,0,0
BRDA:4915,376,1,0
BRDA:4915,377,0,0
BRDA:4915,377,1,0
BRDA:4916,378,0,0
BRDA:4916,378,1,0
BRDA:4927,379,0,0
BRDA:4927,379,1,0
BRDA:4930,380,0,0
BRDA:4930,380,1,0
BRDA:4934,381,0,0
BRDA:4934,381,1,0
BRDA:4954,382,0,0
BRDA:4954,382,1,0
BRDA:4969,383,0,0
BRDA:4969,383,1,0
BRDA:5002,384,0,0
BRDA:5002,384,1,0
BRDA:5003,385,0,0
BRDA:5003,385,1,0
BRDA:5021,386,0,0
BRDA:5021,386,1,0
BRDA:5052,387,0,0
BRDA:5052,387,1,0
BRDA:5066,388,0,0
BRDA:5066,388,1,0
BRDA:5077,389,0,0
BRDA:5077,389,1,0
BRDA:5077,390,0,0
BRDA:5077,390,1,0
BRDA:5134,391,0,0
BRDA:5134,391,1,0
BRDA:5139,392,0,0
BRDA:5139,392,1,0
BRDA:5148,393,0,0
BRDA:5148,393,1,0
BRDA:5154,394,0,0
BRDA:5154,394,1,0
BRDA:5156,395,0,0
BRDA:5156,395,1,0
BRDA:5164,396,0,0
BRDA:5164,396,1,0
BRDA:5167,397,0,0
BRDA:5167,397,1,0
BRDA:5170,398,0,0
BRDA:5170,398,1,0
BRDA:5181,399,0,0
BRDA:5181,399,1,0
BRDA:5199,400,0,0
BRDA:5199,400,1,0
BRDA:5202,401,0,0
BRDA:5202,401,1,0
BRDA:5236,402,0,0
BRDA:5236,402,1,0
BRDA:5243,403,0,0
BRDA:5243,403,1,0
BRDA:5250,404,0,0
BRDA:5250,404,1,0
BRDA:5257,405,0,0
BRDA:5257,405,1,0
BRDA:5264,406,0,0
BRDA:5264,406,1,0
BRDA:5271,407,0,0
BRDA:5271,407,1,0
BRDA:5302,408,0,0
BRDA:5302,408,1,0
BRDA:5309,409,0,0
BRDA:5309,409,1,0
BRDA:5316,410,0,0
BRDA:5316,410,1,0
BRDA:5328,411,0,0
BRDA:5328,411,1,0
BRDA:5329,412,0,0
BRDA:5329,412,1,0
BRDA:5330,413,0,0
BRDA:5330,413,1,0
BRDA:5331,414,0,0
BRDA:5331,414,1,0
BRDA:5332,415,0,0
BRDA:5332,415,1,0
BRDA:5333,416,0,0
BRDA:5333,416,1,0
BRDA:5334,417,0,0
BRDA:5334,417,1,0
BRDA:5335,418,0,0
BRDA:5335,418,1,0
BRDA:5343,419,0,0
BRDA:5343,419,1,0
BRDA:5344,420,0,0
BRDA:5344,420,1,0
BRDA:5345,421,0,0
BRDA:5345,421,1,0
BRDA:5357,422,0,0
BRDA:5357,422,1,0
BRDA:5359,423,0,0
BRDA:5359,423,1,0
BRDA:5360,424,0,0
BRDA:5360,424,1,0
BRDA:5361,425,0,0
BRDA:5361,425,1,0
BRDA:5362,426,0,0
BRDA:5362,426,1,0
BRDA:5363,427,0,0
BRDA:5363,427,1,0
BRDA:5364,428,0,0
BRDA:5364,428,1,0
BRDA:5372,429,0,0
BRDA:5372,429,1,0
BRDA:5373,430,0,0
BRDA:5373,430,1,0
BRDA:5376,431,0,0
BRDA:5376,431,1,0
BRDA:5381,432,0,0
BRDA:5381,432,1,0
BRDA:5382,433,0,0
BRDA:5382,433,1,0
BRDA:5383,434,0,0
BRDA:5383,434,1,0
BRDA:5384,435,0,0
BRDA:5384,435,1,0
BRDA:5385,436,0,0
BRDA:5385,436,1,0
BRDA:5411,437,0,0
BRDA:5413,438,0,0
BRDA:5413,438,1,0
BRDA:5413,439,0,0
BRDA:5413,439,1,0
BRDA:5416,440,0,0
BRDA:5416,440,1,0
BRDA:5416,441,0,0
BRDA:5416,441,1,0
BRDA:5419,442,0,0
BRDA:5419,442,1,0
BRDA:5419,443,0,0
BRDA:5419,443,1,0
BRDA:5422,444,0,0
BRDA:5422,444,1,0
BRDA:5422,445,0,0
BRDA:5422,445,1,0
BRDA:5425,446,0,0
BRDA:5425,446,1,0
BRDA:5426,447,0,0
BRDA:5426,447,1,0
BRDA:5431,448,0,0
BRDA:5431,448,1,0
BRDA:5432,449,0,0
BRDA:5432,449,1,0
BRDA:5437,450,0,0
BRDA:5437,450,1,0
BRDA:5437,451,0,0
BRDA:5437,451,1,0
BRDA:5440,452,0,0
BRDA:5440,452,1,0
BRDA:5441,453,0,0
BRDA:5441,453,1,0
BRDA:5441,453,2,0
BRDA:5447,454,0,0
BRDA:5447,454,1,0
BRDA:5447,455,0,0
BRDA:5447,455,1,0
BRDA:5450,456,0,0
BRDA:5450,456,1,0
BRDA:5450,457,0,0
BRDA:5450,457,1,0
BRDA:5453,458,0,0
BRDA:5453,458,1,0
BRDA:5454,459,0,0
BRDA:5454,459,1,0
BRDA:5454,459,2,0
BRDA:5466,460,0,0
BRDA:5466,460,1,0
BRDA:5466,461,0,0
BRDA:5466,461,1,0
BRDA:5466,461,2,0
BRDA:5475,462,0,0
BRDA:5475,462,1,0
BRDA:5484,463,0,0
BRDA:5484,463,1,0
BRDA:5485,464,0,0
BRDA:5485,464,1,0
BRDA:5486,465,0,0
BRDA:5486,465,1,0
BRDA:5489,466,0,0
BRDA:5489,466,1,0
BRDA:5490,467,0,0
BRDA:5490,467,1,0
BRDA:5490,467,2,0
BRDA:5490,467,3,0
BRDA:5490,467,4,0
BRDA:5490,467,5,0
BRDA:5490,467,6,0
BRDA:5490,467,7,0
BRDA:5490,467,8,0
BRDA:5490,467,9,0
BRDA:5511,468,0,0
BRDA:5511,468,1,0
BRDA:5511,469,0,0
BRDA:5511,469,1,0
BRDA:5517,470,0,0
BRDA:5517,470,1,0
BRDA:5540,471,0,0
BRDA:5540,471,1,0
BRDA:5552,472,0,0
BRDA:5552,472,1,0
BRDA:5555,473,0,0
BRDA:5555,473,1,0
BRDA:5568,474,0,0
BRDA:5568,474,1,0
BRDA:5568,474,2,0
BRDA:5570,475,0,0
BRDA:5570,475,1,0
BRDA:5572,476,0,0
BRDA:5572,476,1,0
BRDA:5582,477,0,0
BRDA:5582,477,1,0
BRDA:5590,478,0,0
BRDA:5590,478,1,0
BRDA:5603,479,0,0
BRDA:5603,479,1,0
BRDA:5608,480,0,0
BRDA:5608,480,1,0
BRDA:5626,481,0,0
BRDA:5626,481,1,0
BRDA:5631,482,0,0
BRDA:5631,482,1,0
BRDA:5635,483,0,0
BRDA:5635,483,1,0
BRDA:5636,484,0,0
BRDA:5636,484,1,0
BRDA:5636,484,2,0
BRDA:5670,485,0,0
BRDA:5670,485,1,0
BRDA:5675,486,0,0
BRDA:5675,486,1,0
BRDA:5679,487,0,0
BRDA:5679,487,1,0
BRDA:5680,488,0,0
BRDA:5680,488,1,0
BRDA:5680,488,2,0
BRDA:5688,489,0,0
BRDA:5688,489,1,0
BRDA:5697,490,0,0
BRDA:5697,490,1,0
BRDA:5703,491,0,0
BRDA:5703,491,1,0
BRDA:5704,492,0,0
BRDA:5704,492,1,0
BRDA:5712,493,0,0
BRDA:5712,493,1,0
BRDA:5715,494,0,0
BRDA:5715,494,1,0
BRDA:5718,495,0,0
BRDA:5718,495,1,0
BRDA:5729,496,0,0
BRDA:5729,496,1,0
BRDA:5747,497,0,0
BRDA:5747,497,1,0
BRDA:5750,498,0,0
BRDA:5750,498,1,0
BRDA:5776,499,0,0
BRDA:5776,499,1,0
BRDA:5778,500,0,0
BRDA:5778,500,1,0
BRDA:5778,501,0,0
BRDA:5778,501,1,0
BRDA:5782,502,0,0
BRDA:5782,502,1,0
BRDA:5782,503,0,0
BRDA:5782,503,1,0
BRDA:5785,504,0,0
BRDA:5785,504,1,0
BRDA:5817,505,0,0
BRDA:5817,505,1,0
BRDA:5819,506,0,0
BRDA:5819,506,1,0
BRDA:5822,507,0,0
BRDA:5822,507,1,0
BRDA:5857,508,0,0
BRDA:5857,508,1,0
BRDA:5857,509,0,0
BRDA:5857,509,1,0
BRDA:5861,510,0,0
BRDA:5861,510,1,0
BRDA:5861,511,0,0
BRDA:5861,511,1,0
BRDA:5865,512,0,0
BRDA:5865,512,1,0
BRDA:5866,513,0,0
BRDA:5866,513,1,0
BRDA:5866,513,2,0
BRDA:5881,514,0,0
BRDA:5881,514,1,0
BRDA:5902,515,0,0
BRDA:5902,515,1,0
BRDA:5904,516,0,0
BRDA:5904,516,1,0
BRDA:5904,517,0,0
BRDA:5904,517,1,0
BRDA:5906,518,0,0
BRDA:5906,518,1,0
BRDA:5911,519,0,0
BRDA:5911,519,1,0
BRDA:5911,520,0,0
BRDA:5911,520,1,0
BRDA:5915,521,0,0
BRDA:5915,521,1,0
BRDA:5915,522,0,0
BRDA:5915,522,1,0
BRDA:5918,523,0,0
BRDA:5918,523,1,0
BRDA:5945,524,0,0
BRDA:5945,524,1,0
BRDA:5949,525,0,0
BRDA:5949,525,1,0
BRDA:5951,526,0,0
BRDA:5951,526,1,0
BRDA:5952,527,0,0
BRDA:5952,527,1,0
BRDA:5953,528,0,0
BRDA:5953,528,1,0
BRDA:5962,529,0,0
BRDA:5962,529,1,0
BRDA:5965,530,0,0
BRDA:5965,530,1,0
BRDA:5969,531,0,0
BRDA:5969,531,1,0
BRDA:5976,532,0,0
BRDA:5976,532,1,0
BRDA:5976,533,0,0
BRDA:5976,533,1,0
BRDA:5981,534,0,0
BRDA:5981,534,1,0
BRDA:5987,535,0,0
BRDA:5987,535,1,0
BRDA:5999,536,0,0
BRDA:5999,536,1,0
BRDA:6042,537,0,0
BRDA:6042,537,1,0
BRDA:6070,538,0,0
BRDA:6070,538,1,0
BRDA:6081,539,0,0
BRDA:6081,539,1,0
BRDA:6084,540,0,0
BRDA:6084,540,1,0
BRDA:6088,541,0,0
BRDA:6088,541,1,0
BRDA:6095,542,0,0
BRDA:6095,542,1,0
BRDA:6096,543,0,0
BRDA:6096,543,1,0
BRDA:6096,543,2,0
BRDA:6106,544,0,0
BRDA:6106,544,1,0
BRDA:6107,545,0,0
BRDA:6107,545,1,0
BRDA:6113,546,0,0
BRDA:6113,546,1,0
BRDA:6141,547,0,0
BRDA:6141,547,1,0
BRDA:6141,547,2,0
BRDA:6141,547,3,0
BRDA:6141,547,4,0
BRDA:6141,547,5,0
BRDA:6162,548,0,0
BRDA:6162,548,1,0
BRDA:6186,549,0,0
BRDA:6186,549,1,0
BRDA:6188,550,0,0
BRDA:6188,550,1,0
BRDA:6217,551,0,0
BRDA:6217,551,1,0
BRDA:6224,552,0,0
BRDA:6224,552,1,0
BRDA:6225,553,0,0
BRDA:6225,553,1,0
BRDA:6226,554,0,0
BRDA:6226,554,1,0
BRDA:6227,555,0,0
BRDA:6227,555,1,0
BRDA:6228,556,0,0
BRDA:6228,556,1,0
BRDA:6230,557,0,0
BRDA:6230,557,1,0
BRDA:6232,558,0,0
BRDA:6232,558,1,0
BRDA:6238,559,0,0
BRDA:6238,559,1,0
BRDA:6238,560,0,0
BRDA:6238,560,1,0
BRDA:6238,560,2,0
BRDA:6254,561,0,0
BRDA:6254,561,1,0
BRDA:6260,562,0,0
BRDA:6260,562,1,0
BRDA:6265,563,0,0
BRDA:6265,563,1,0
BRDA:6270,564,0,0
BRDA:6270,564,1,0
BRDA:6275,565,0,0
BRDA:6275,565,1,0
BRDA:6280,566,0,0
BRDA:6280,566,1,0
BRDA:6283,567,0,0
BRDA:6283,567,1,0
BRDA:6285,568,0,0
BRDA:6285,568,1,0
BRDA:6287,569,0,0
BRDA:6287,569,1,0
BRDA:6289,570,0,0
BRDA:6289,570,1,0
BRDA:6293,571,0,0
BRDA:6293,571,1,0
BRDA:6293,572,0,0
BRDA:6293,572,1,0
BRDA:6306,573,0,0
BRDA:6306,573,1,0
BRDA:6354,574,0,0
BRDA:6354,574,1,0
BRDA:6359,575,0,0
BRDA:6359,575,1,0
BRDA:6423,576,0,0
BRDA:6423,576,1,0
BRDA:6428,577,0,0
BRDA:6428,577,1,0
BRDA:6455,578,0,0
BRDA:6455,578,1,0
BRDA:6460,579,0,0
BRDA:6460,579,1,0
BRDA:6478,580,0,0
BRDA:6478,580,1,0
BRDA:6514,581,0,0
BRDA:6514,581,1,0
BRDA:6519,582,0,0
BRDA:6519,582,1,0
BRDA:6523,583,0,0
BRDA:6523,583,1,0
BRDA:6524,584,0,0
BRDA:6524,584,1,0
BRDA:6524,585,0,0
BRDA:6524,585,1,0
BRDA:6540,586,0,0
BRDA:6540,586,1,0
BRDA:6543,587,0,0
BRDA:6543,587,1,0
BRDA:6552,588,0,0
BRDA:6552,588,1,0
BRDA:6554,589,0,0
BRDA:6554,589,1,0
BRF:1196
BRH:0
end_of_record
TN:
SF:src\auth\services\otp.service.ts
FN:17,(anonymous_2)
FN:22,(anonymous_3)
FN:60,(anonymous_4)
FNF:3
FNH:0
FNDA:0,(anonymous_2)
FNDA:0,(anonymous_3)
FNDA:0,(anonymous_4)
DA:1,1
DA:2,1
DA:4,1
DA:5,1
DA:14,1
DA:15,0
DA:18,0
DA:19,0
DA:23,0
DA:24,0
DA:26,0
DA:32,0
DA:33,0
DA:36,0
DA:40,0
DA:41,0
DA:47,0
DA:48,0
DA:52,0
DA:57,0
DA:61,0
LF:21
LH:5
BRDA:32,0,0,0
BRDA:32,0,1,0
BRDA:40,1,0,0
BRDA:40,1,1,0
BRDA:40,2,0,0
BRDA:40,2,1,0
BRDA:47,3,0,0
BRDA:47,3,1,0
BRDA:47,4,0,0
BRDA:47,4,1,0
BRDA:62,5,0,0
BRDA:62,5,1,0
BRDA:62,5,2,0
BRDA:18,6,0,1
BRDA:18,6,1,0
BRDA:18,7,0,1
BRDA:18,7,1,1
BRDA:18,8,0,1
BRDA:18,8,1,0
BRDA:18,9,0,1
BRDA:18,9,1,1
BRF:21
BRH:6
end_of_record
TN:
SF:src\auth\services\password.service.ts
FN:6,(anonymous_1)
FN:13,(anonymous_2)
FNF:2
FNH:0
FNDA:0,(anonymous_1)
FNDA:0,(anonymous_2)
DA:1,1
DA:2,1
DA:5,1
DA:7,0
DA:8,0
DA:10,0
DA:14,0
DA:16,0
DA:17,0
DA:20,0
DA:21,0
DA:23,0
DA:24,0
DA:27,0
LF:14
LH:3
BRDA:16,0,0,0
BRDA:16,0,1,0
BRDA:16,1,0,0
BRDA:16,1,1,0
BRDA:23,2,0,0
BRDA:23,2,1,0
BRF:6
BRH:0
end_of_record
TN:
SF:src\catalog\catalog.controller.ts
FN:6,(anonymous_2)
FN:9,(anonymous_3)
FNF:2
FNH:0
FNDA:0,(anonymous_2)
FNDA:0,(anonymous_3)
DA:1,0
DA:2,0
DA:5,0
DA:6,0
DA:9,0
DA:10,0
LF:6
LH:0
BRDA:6,0,0,0
BRDA:6,0,1,0
BRDA:6,1,0,0
BRDA:6,1,1,0
BRF:4
BRH:0
end_of_record
TN:
SF:src\catalog\catalog.module.ts
FNF:0
FNH:0
DA:1,0
DA:2,0
DA:3,0
DA:4,0
DA:11,0
LF:5
LH:0
BRF:0
BRH:0
end_of_record
TN:
SF:src\catalog\catalog.service.ts
FN:6,(anonymous_2)
FN:8,(anonymous_3)
FNF:2
FNH:0
FNDA:0,(anonymous_2)
FNDA:0,(anonymous_3)
DA:1,0
DA:2,0
DA:5,0
DA:6,0
DA:9,0
DA:15,0
LF:6
LH:0
BRDA:6,0,0,0
BRDA:6,0,1,0
BRDA:6,1,0,0
BRDA:6,1,1,0
BRF:4
BRH:0
end_of_record
TN:
SF:src\chat\chat.controller.ts
FN:16,(anonymous_4)
FN:21,(anonymous_5)
FN:29,(anonymous_6)
FN:34,(anonymous_7)
FNF:4
FNH:0
FNDA:0,(anonymous_4)
FNDA:0,(anonymous_5)
FNDA:0,(anonymous_6)
FNDA:0,(anonymous_7)
DA:1,0
DA:2,0
DA:3,0
DA:4,0
DA:5,0
DA:6,0
DA:7,0
DA:15,0
DA:16,0
DA:21,0
DA:22,0
DA:29,0
DA:30,0
DA:34,0
DA:39,0
DA:40,0
DA:41,0
LF:17
LH:0
BRDA:39,0,0,0
BRDA:39,0,1,0
BRDA:40,1,0,0
BRDA:40,1,1,0
BRDA:21,2,0,0
BRDA:21,2,1,0
BRDA:21,3,0,0
BRDA:21,3,1,0
BRDA:16,4,0,0
BRDA:16,4,1,0
BRDA:16,5,0,0
BRDA:16,5,1,0
BRF:12
BRH:0
end_of_record
TN:
SF:src\chat\chat.gateway.ts
FN:19,(anonymous_4)
FN:21,(anonymous_5)
FN:26,(anonymous_6)
FN:30,(anonymous_7)
FN:75,(anonymous_8)
FN:105,(anonymous_9)
FN:114,(anonymous_10)
FN:132,(anonymous_11)
FNF:8
FNH:0
FNDA:0,(anonymous_4)
FNDA:0,(anonymous_5)
FNDA:0,(anonymous_6)
FNDA:0,(anonymous_7)
FNDA:0,(anonymous_8)
FNDA:0,(anonymous_9)
FNDA:0,(anonymous_10)
FNDA:0,(anonymous_11)
DA:1,0
DA:11,0
DA:12,0
DA:15,0
DA:17,0
DA:19,0
DA:23,0
DA:27,0
DA:32,0
DA:35,0
DA:41,0
DA:42,0
DA:45,0
DA:46,0
DA:47,0
DA:49,0
DA:51,0
DA:52,0
DA:55,0
DA:56,0
DA:59,0
DA:60,0
DA:63,0
DA:64,0
DA:67,0
DA:77,0
DA:80,0
DA:86,0
DA:87,0
DA:90,0
DA:91,0
DA:93,0
DA:94,0
DA:97,0
DA:98,0
DA:101,0
DA:105,0
DA:109,0
DA:110,0
DA:114,0
DA:118,0
DA:119,0
DA:126,0
DA:128,0
DA:132,0
DA:136,0
DA:138,0
DA:142,0
DA:146,0
LF:49
LH:0
BRDA:32,0,0,0
BRDA:32,0,1,0
BRDA:32,1,0,0
BRDA:32,1,1,0
BRDA:35,2,0,0
BRDA:35,2,1,0
BRDA:37,3,0,0
BRDA:37,3,1,0
BRDA:37,4,0,0
BRDA:37,4,1,0
BRDA:41,5,0,0
BRDA:41,5,1,0
BRDA:47,6,0,0
BRDA:47,6,1,0
BRDA:49,7,0,0
BRDA:49,7,1,0
BRDA:51,8,0,0
BRDA:51,8,1,0
BRDA:51,9,0,0
BRDA:51,9,1,0
BRDA:55,10,0,0
BRDA:55,10,1,0
BRDA:55,11,0,0
BRDA:55,11,1,0
BRDA:59,12,0,0
BRDA:59,12,1,0
BRDA:59,13,0,0
BRDA:59,13,1,0
BRDA:63,14,0,0
BRDA:63,14,1,0
BRDA:77,15,0,0
BRDA:77,15,1,0
BRDA:77,16,0,0
BRDA:77,16,1,0
BRDA:80,17,0,0
BRDA:80,17,1,0
BRDA:82,18,0,0
BRDA:82,18,1,0
BRDA:82,19,0,0
BRDA:82,19,1,0
BRDA:86,20,0,0
BRDA:86,20,1,0
BRDA:93,21,0,0
BRDA:93,21,1,0
BRDA:93,22,0,0
BRDA:93,22,1,0
BRDA:97,23,0,0
BRDA:97,23,1,0
BRDA:97,24,0,0
BRDA:97,24,1,0
BRDA:17,25,0,0
BRDA:17,25,1,0
BRDA:17,26,0,0
BRDA:17,26,1,0
BRDA:106,27,0,0
BRDA:106,27,1,0
BRDA:106,28,0,0
BRDA:106,28,1,0
BRDA:115,29,0,0
BRDA:115,29,1,0
BRDA:115,30,0,0
BRDA:115,30,1,0
BRDA:133,31,0,0
BRDA:133,31,1,0
BRDA:133,32,0,0
BRDA:133,32,1,0
BRDA:19,33,0,0
BRDA:19,33,1,0
BRDA:19,34,0,0
BRDA:19,34,1,0
BRF:70
BRH:0
end_of_record
TN:
SF:src\chat\chat.module.ts
FNF:0
FNH:0
DA:1,0
DA:2,0
DA:3,0
DA:4,0
DA:5,0
DA:12,0
LF:6
LH:0
BRF:0
BRH:0
end_of_record
TN:
SF:src\chat\chat.service.ts
FN:6,(anonymous_2)
FN:8,(anonymous_3)
FN:12,(anonymous_4)
FN:16,(anonymous_5)
FN:20,(anonymous_6)
FN:24,(anonymous_7)
FNF:6
FNH:0
FNDA:0,(anonymous_2)
FNDA:0,(anonymous_3)
FNDA:0,(anonymous_4)
FNDA:0,(anonymous_5)
FNDA:0,(anonymous_6)
FNDA:0,(anonymous_7)
DA:1,0
DA:2,0
DA:5,0
DA:6,0
DA:9,0
DA:13,0
DA:17,0
DA:21,0
DA:25,0
LF:9
LH:0
BRDA:6,0,0,0
BRDA:6,0,1,0
BRDA:6,1,0,0
BRDA:6,1,1,0
BRF:4
BRH:0
end_of_record
TN:
SF:src\common\interceptors\request-audit.interceptor.ts
FN:21,(anonymous_1)
FN:30,(anonymous_2)
FN:35,(anonymous_3)
FN:48,(anonymous_4)
FN:53,(anonymous_5)
FN:69,(anonymous_6)
FNF:6
FNH:0
FNDA:0,(anonymous_1)
FNDA:0,(anonymous_2)
FNDA:0,(anonymous_3)
FNDA:0,(anonymous_4)
FNDA:0,(anonymous_5)
FNDA:0,(anonymous_6)
DA:1,0
DA:9,0
DA:10,0
DA:18,0
DA:19,0
DA:22,0
DA:23,0
DA:24,0
DA:25,0
DA:26,0
DA:27,0
DA:29,0
DA:31,0
DA:37,0
DA:44,0
DA:48,0
DA:54,0
DA:55,0
DA:58,0
DA:70,0
DA:71,0
DA:73,0
DA:152,0
LF:23
LH:0
BRDA:37,0,0,0
BRDA:37,0,1,0
BRDA:37,1,0,0
BRDA:37,1,1,0
BRDA:37,1,2,0
BRDA:37,1,3,0
BRDA:42,2,0,0
BRDA:42,2,1,0
BRDA:54,3,0,0
BRDA:54,3,1,0
BRDA:61,4,0,0
BRDA:61,4,1,0
BRDA:62,5,0,0
BRDA:62,5,1,0
BRDA:63,6,0,0
BRDA:63,6,1,0
BRDA:152,7,0,0
BRDA:152,7,1,0
BRF:18
BRH:0
end_of_record
TN:
SF:src\customer\account.controller.ts
FN:34,(anonymous_4)
FN:37,(anonymous_5)
FN:42,(anonymous_6)
FN:50,(anonymous_7)
FN:58,(anonymous_8)
FN:66,(anonymous_9)
FN:71,(anonymous_10)
FN:79,(anonymous_11)
FN:92,(anonymous_12)
FN:105,(anonymous_13)
FN:113,(anonymous_14)
FN:118,(anonymous_15)
FN:129,(anonymous_16)
FN:134,(anonymous_17)
FN:142,(anonymous_18)
FN:147,(anonymous_19)
FN:158,(anonymous_20)
FNF:17
FNH:0
FNDA:0,(anonymous_4)
FNDA:0,(anonymous_5)
FNDA:0,(anonymous_6)
FNDA:0,(anonymous_7)
FNDA:0,(anonymous_8)
FNDA:0,(anonymous_9)
FNDA:0,(anonymous_10)
FNDA:0,(anonymous_11)
FNDA:0,(anonymous_12)
FNDA:0,(anonymous_13)
FNDA:0,(anonymous_14)
FNDA:0,(anonymous_15)
FNDA:0,(anonymous_16)
FNDA:0,(anonymous_17)
FNDA:0,(anonymous_18)
FNDA:0,(anonymous_19)
FNDA:0,(anonymous_20)
DA:1,0
DA:15,0
DA:17,0
DA:18,0
DA:33,0
DA:34,0
DA:37,0
DA:38,0
DA:42,0
DA:46,0
DA:50,0
DA:54,0
DA:58,0
DA:62,0
DA:66,0
DA:67,0
DA:71,0
DA:75,0
DA:79,0
DA:84,0
DA:92,0
DA:97,0
DA:105,0
DA:109,0
DA:113,0
DA:114,0
DA:118,0
DA:122,0
DA:129,0
DA:130,0
DA:134,0
DA:138,0
DA:142,0
DA:143,0
DA:147,0
DA:151,0
DA:158,0
DA:162,0
LF:38
LH:0
BRDA:37,0,0,0
BRDA:37,0,1,0
BRDA:37,1,0,0
BRDA:37,1,1,0
BRDA:43,2,0,0
BRDA:43,2,1,0
BRDA:43,3,0,0
BRDA:43,3,1,0
BRDA:43,4,0,0
BRDA:43,4,1,0
BRDA:43,5,0,0
BRDA:43,5,1,0
BRDA:51,6,0,0
BRDA:51,6,1,0
BRDA:51,7,0,0
BRDA:51,7,1,0
BRDA:51,8,0,0
BRDA:51,8,1,0
BRDA:51,9,0,0
BRDA:51,9,1,0
BRDA:59,10,0,0
BRDA:59,10,1,0
BRDA:59,11,0,0
BRDA:59,11,1,0
BRDA:59,12,0,0
BRDA:59,12,1,0
BRDA:59,13,0,0
BRDA:59,13,1,0
BRDA:66,14,0,0
BRDA:66,14,1,0
BRDA:66,15,0,0
BRDA:66,15,1,0
BRDA:72,16,0,0
BRDA:72,16,1,0
BRDA:72,17,0,0
BRDA:72,17,1,0
BRDA:72,18,0,0
BRDA:72,18,1,0
BRDA:72,19,0,0
BRDA:72,19,1,0
BRDA:80,20,0,0
BRDA:80,20,1,0
BRDA:80,21,0,0
BRDA:80,21,1,0
BRDA:80,22,0,0
BRDA:80,22,1,0
BRDA:80,23,0,0
BRDA:80,23,1,0
BRDA:93,24,0,0
BRDA:93,24,1,0
BRDA:93,25,0,0
BRDA:93,25,1,0
BRDA:93,26,0,0
BRDA:93,26,1,0
BRDA:93,27,0,0
BRDA:93,27,1,0
BRDA:106,28,0,0
BRDA:106,28,1,0
BRDA:106,29,0,0
BRDA:106,29,1,0
BRDA:113,30,0,0
BRDA:113,30,1,0
BRDA:113,31,0,0
BRDA:113,31,1,0
BRDA:119,32,0,0
BRDA:119,32,1,0
BRDA:119,33,0,0
BRDA:119,33,1,0
BRDA:129,34,0,0
BRDA:129,34,1,0
BRDA:129,35,0,0
BRDA:129,35,1,0
BRDA:135,36,0,0
BRDA:135,36,1,0
BRDA:135,37,0,0
BRDA:135,37,1,0
BRDA:135,38,0,0
BRDA:135,38,1,0
BRDA:135,39,0,0
BRDA:135,39,1,0
BRDA:142,40,0,0
BRDA:142,40,1,0
BRDA:142,41,0,0
BRDA:142,41,1,0
BRDA:148,42,0,0
BRDA:148,42,1,0
BRDA:148,43,0,0
BRDA:148,43,1,0
BRDA:159,44,0,0
BRDA:159,44,1,0
BRDA:159,45,0,0
BRDA:159,45,1,0
BRDA:159,46,0,0
BRDA:159,46,1,0
BRDA:159,47,0,0
BRDA:159,47,1,0
BRDA:34,48,0,0
BRDA:34,48,1,0
BRDA:34,49,0,0
BRDA:34,49,1,0
BRF:100
BRH:0
end_of_record
TN:
SF:src\customer\cart.controller.ts
FN:29,(anonymous_4)
FN:32,(anonymous_5)
FN:37,(anonymous_6)
FN:45,(anonymous_7)
FN:58,(anonymous_8)
FN:71,(anonymous_9)
FN:79,(anonymous_10)
FNF:7
FNH:0
FNDA:0,(anonymous_4)
FNDA:0,(anonymous_5)
FNDA:0,(anonymous_6)
FNDA:0,(anonymous_7)
FNDA:0,(anonymous_8)
FNDA:0,(anonymous_9)
FNDA:0,(anonymous_10)
DA:1,0
DA:15,0
DA:17,0
DA:18,0
DA:28,0
DA:29,0
DA:32,0
DA:33,0
DA:37,0
DA:41,0
DA:45,0
DA:50,0
DA:58,0
DA:63,0
DA:71,0
DA:75,0
DA:79,0
DA:80,0
LF:18
LH:0
BRDA:32,0,0,0
BRDA:32,0,1,0
BRDA:32,1,0,0
BRDA:32,1,1,0
BRDA:38,2,0,0
BRDA:38,2,1,0
BRDA:38,3,0,0
BRDA:38,3,1,0
BRDA:38,4,0,0
BRDA:38,4,1,0
BRDA:38,5,0,0
BRDA:38,5,1,0
BRDA:46,6,0,0
BRDA:46,6,1,0
BRDA:46,7,0,0
BRDA:46,7,1,0
BRDA:46,8,0,0
BRDA:46,8,1,0
BRDA:46,9,0,0
BRDA:46,9,1,0
BRDA:59,10,0,0
BRDA:59,10,1,0
BRDA:59,11,0,0
BRDA:59,11,1,0
BRDA:59,12,0,0
BRDA:59,12,1,0
BRDA:59,13,0,0
BRDA:59,13,1,0
BRDA:72,14,0,0
BRDA:72,14,1,0
BRDA:72,15,0,0
BRDA:72,15,1,0
BRDA:79,16,0,0
BRDA:79,16,1,0
BRDA:79,17,0,0
BRDA:79,17,1,0
BRDA:29,18,0,0
BRDA:29,18,1,0
BRDA:29,19,0,0
BRDA:29,19,1,0
BRF:40
BRH:0
end_of_record
TN:
SF:src\customer\checkout.controller.ts
FN:17,(anonymous_4)
FN:20,(anonymous_5)
FN:28,(anonymous_6)
FN:36,(anonymous_7)
FNF:4
FNH:0
FNDA:0,(anonymous_4)
FNDA:0,(anonymous_5)
FNDA:0,(anonymous_6)
FNDA:0,(anonymous_7)
DA:1,0
DA:3,0
DA:5,0
DA:6,0
DA:16,0
DA:17,0
DA:20,0
DA:24,0
DA:28,0
DA:32,0
DA:36,0
DA:40,0
LF:12
LH:0
BRDA:21,0,0,0
BRDA:21,0,1,0
BRDA:21,1,0,0
BRDA:21,1,1,0
BRDA:21,2,0,0
BRDA:21,2,1,0
BRDA:21,3,0,0
BRDA:21,3,1,0
BRDA:29,4,0,0
BRDA:29,4,1,0
BRDA:29,5,0,0
BRDA:29,5,1,0
BRDA:29,6,0,0
BRDA:29,6,1,0
BRDA:29,7,0,0
BRDA:29,7,1,0
BRDA:37,8,0,0
BRDA:37,8,1,0
BRDA:37,9,0,0
BRDA:37,9,1,0
BRDA:37,10,0,0
BRDA:37,10,1,0
BRDA:37,11,0,0
BRDA:37,11,1,0
BRDA:17,12,0,0
BRDA:17,12,1,0
BRDA:17,13,0,0
BRDA:17,13,1,0
BRF:28
BRH:0
end_of_record
TN:
SF:src\customer\customer.module.ts
FNF:0
FNH:0
DA:1,0
DA:2,0
DA:3,0
DA:4,0
DA:5,0
DA:6,0
DA:7,0
DA:8,0
DA:21,0
LF:9
LH:0
BRF:0
BRH:0
end_of_record
TN:
SF:src\customer\customer.service.ts
FN:28,(anonymous_2)
FN:34,(anonymous_3)
FN:41,(anonymous_4)
FN:52,(anonymous_5)
FN:73,(anonymous_6)
FN:90,(anonymous_7)
FN:102,(anonymous_8)
FN:109,(anonymous_9)
FN:116,(anonymous_10)
FN:123,(anonymous_11)
FN:148,(anonymous_12)
FN:176,(anonymous_13)
FN:187,(anonymous_14)
FN:200,(anonymous_15)
FN:204,(anonymous_16)
FN:214,(anonymous_17)
FN:224,(anonymous_18)
FN:234,(anonymous_19)
FN:247,(anonymous_20)
FN:260,(anonymous_21)
FN:273,(anonymous_22)
FN:286,(anonymous_23)
FN:310,(anonymous_24)
FN:323,(anonymous_25)
FN:353,(anonymous_26)
FN:360,(anonymous_27)
FN:367,(anonymous_28)
FN:384,(anonymous_29)
FN:405,(anonymous_30)
FN:417,(anonymous_31)
FN:424,(anonymous_32)
FN:440,(anonymous_33)
FN:448,(anonymous_34)
FN:460,(anonymous_35)
FN:467,(anonymous_36)
FN:474,(anonymous_37)
FN:486,(anonymous_38)
FN:497,(anonymous_39)
FNF:38
FNH:0
FNDA:0,(anonymous_2)
FNDA:0,(anonymous_3)
FNDA:0,(anonymous_4)
FNDA:0,(anonymous_5)
FNDA:0,(anonymous_6)
FNDA:0,(anonymous_7)
FNDA:0,(anonymous_8)
FNDA:0,(anonymous_9)
FNDA:0,(anonymous_10)
FNDA:0,(anonymous_11)
FNDA:0,(anonymous_12)
FNDA:0,(anonymous_13)
FNDA:0,(anonymous_14)
FNDA:0,(anonymous_15)
FNDA:0,(anonymous_16)
FNDA:0,(anonymous_17)
FNDA:0,(anonymous_18)
FNDA:0,(anonymous_19)
FNDA:0,(anonymous_20)
FNDA:0,(anonymous_21)
FNDA:0,(anonymous_22)
FNDA:0,(anonymous_23)
FNDA:0,(anonymous_24)
FNDA:0,(anonymous_25)
FNDA:0,(anonymous_26)
FNDA:0,(anonymous_27)
FNDA:0,(anonymous_28)
FNDA:0,(anonymous_29)
FNDA:0,(anonymous_30)
FNDA:0,(anonymous_31)
FNDA:0,(anonymous_32)
FNDA:0,(anonymous_33)
FNDA:0,(anonymous_34)
FNDA:0,(anonymous_35)
FNDA:0,(anonymous_36)
FNDA:0,(anonymous_37)
FNDA:0,(anonymous_38)
FNDA:0,(anonymous_39)
DA:1,0
DA:6,0
DA:7,0
DA:8,0
DA:27,0
DA:29,0
DA:30,0
DA:31,0
DA:35,0
DA:42,0
DA:43,0
DA:46,0
DA:57,0
DA:58,0
DA:61,0
DA:63,0
DA:64,0
DA:67,0
DA:78,0
DA:80,0
DA:81,0
DA:84,0
DA:91,0
DA:93,0
DA:94,0
DA:97,0
DA:103,0
DA:110,0
DA:117,0
DA:124,0
DA:126,0
DA:127,0
DA:128,0
DA:132,0
DA:136,0
DA:138,0
DA:142,0
DA:149,0
DA:151,0
DA:152,0
DA:157,0
DA:163,0
DA:168,0
DA:180,0
DA:181,0
DA:182,0
DA:188,0
DA:190,0
DA:191,0
DA:194,0
DA:201,0
DA:205,0
DA:207,0
DA:208,0
DA:211,0
DA:215,0
DA:217,0
DA:218,0
DA:221,0
DA:225,0
DA:226,0
DA:228,0
DA:235,0
DA:237,0
DA:238,0
DA:241,0
DA:248,0
DA:250,0
DA:251,0
DA:254,0
DA:261,0
DA:263,0
DA:264,0
DA:267,0
DA:274,0
DA:276,0
DA:277,0
DA:280,0
DA:287,0
DA:289,0
DA:290,0
DA:293,0
DA:311,0
DA:313,0
DA:314,0
DA:317,0
DA:324,0
DA:325,0
DA:328,0
DA:329,0
DA:332,0
DA:334,0
DA:335,0
DA:338,0
DA:341,0
DA:344,0
DA:348,0
DA:354,0
DA:361,0
DA:372,0
DA:374,0
DA:375,0
DA:378,0
DA:389,0
DA:395,0
DA:396,0
DA:399,0
DA:406,0
DA:408,0
DA:409,0
DA:412,0
DA:418,0
DA:425,0
DA:430,0
DA:431,0
DA:434,0
DA:441,0
DA:443,0
DA:449,0
DA:454,0
DA:461,0
DA:468,0
DA:475,0
DA:477,0
DA:478,0
DA:481,0
DA:487,0
DA:488,0
DA:491,0
DA:498,0
LF:130
LH:0
BRDA:42,0,0,0
BRDA:42,0,1,0
BRDA:57,1,0,0
BRDA:57,1,1,0
BRDA:63,2,0,0
BRDA:63,2,1,0
BRDA:80,3,0,0
BRDA:80,3,1,0
BRDA:93,4,0,0
BRDA:93,4,1,0
BRDA:126,5,0,0
BRDA:126,5,1,0
BRDA:151,6,0,0
BRDA:151,6,1,0
BRDA:190,7,0,0
BRDA:190,7,1,0
BRDA:207,8,0,0
BRDA:207,8,1,0
BRDA:217,9,0,0
BRDA:217,9,1,0
BRDA:225,10,0,0
BRDA:225,10,1,0
BRDA:226,11,0,0
BRDA:226,11,1,0
BRDA:237,12,0,0
BRDA:237,12,1,0
BRDA:250,13,0,0
BRDA:250,13,1,0
BRDA:263,14,0,0
BRDA:263,14,1,0
BRDA:276,15,0,0
BRDA:276,15,1,0
BRDA:289,16,0,0
BRDA:289,16,1,0
BRDA:313,17,0,0
BRDA:313,17,1,0
BRDA:324,18,0,0
BRDA:324,18,1,0
BRDA:328,19,0,0
BRDA:328,19,1,0
BRDA:334,20,0,0
BRDA:334,20,1,0
BRDA:338,21,0,0
BRDA:338,21,1,0
BRDA:374,22,0,0
BRDA:374,22,1,0
BRDA:395,23,0,0
BRDA:395,23,1,0
BRDA:408,24,0,0
BRDA:408,24,1,0
BRDA:430,25,0,0
BRDA:430,25,1,0
BRDA:477,26,0,0
BRDA:477,26,1,0
BRDA:487,27,0,0
BRDA:487,27,1,0
BRDA:487,28,0,0
BRDA:487,28,1,0
BRDA:29,29,0,0
BRDA:29,29,1,0
BRDA:29,30,0,0
BRDA:29,30,1,0
BRDA:29,31,0,0
BRDA:29,31,1,0
BRDA:29,32,0,0
BRDA:29,32,1,0
BRDA:30,33,0,0
BRDA:30,33,1,0
BRDA:30,34,0,0
BRDA:30,34,1,0
BRF:70
BRH:0
end_of_record
TN:
SF:src\customer\orders.controller.ts
FN:23,(anonymous_4)
FN:27,(anonymous_5)
FN:37,(anonymous_6)
FN:51,(anonymous_7)
FN:60,(anonymous_8)
FN:69,(anonymous_9)
FN:77,(anonymous_10)
FN:85,(anonymous_11)
FN:90,(anonymous_12)
FN:98,(anonymous_13)
FN:134,(anonymous_14)
FN:147,(anonymous_15)
FN:166,(anonymous_16)
FN:184,(anonymous_17)
FN:205,(anonymous_18)
FNF:15
FNH:0
FNDA:0,(anonymous_4)
FNDA:0,(anonymous_5)
FNDA:0,(anonymous_6)
FNDA:0,(anonymous_7)
FNDA:0,(anonymous_8)
FNDA:0,(anonymous_9)
FNDA:0,(anonymous_10)
FNDA:0,(anonymous_11)
FNDA:0,(anonymous_12)
FNDA:0,(anonymous_13)
FNDA:0,(anonymous_14)
FNDA:0,(anonymous_15)
FNDA:0,(anonymous_16)
FNDA:0,(anonymous_17)
FNDA:0,(anonymous_18)
DA:1,0
DA:14,0
DA:16,0
DA:17,0
DA:22,0
DA:23,0
DA:27,0
DA:32,0
DA:37,0
DA:42,0
DA:51,0
DA:55,0
DA:60,0
DA:64,0
DA:69,0
DA:73,0
DA:77,0
DA:81,0
DA:85,0
DA:86,0
DA:90,0
DA:94,0
DA:98,0
DA:102,0
DA:103,0
DA:104,0
DA:109,0
DA:114,0
DA:115,0
DA:123,0
DA:134,0
DA:139,0
DA:143,0
DA:147,0
DA:152,0
DA:157,0
DA:166,0
DA:171,0
DA:176,0
DA:185,0
DA:206,0
DA:207,0
DA:211,0
LF:43
LH:0
BRDA:103,0,0,0
BRDA:103,0,1,0
BRDA:114,1,0,0
BRDA:114,1,1,0
BRDA:160,2,0,0
BRDA:160,2,1,0
BRDA:179,3,0,0
BRDA:179,3,1,0
BRDA:207,4,0,0
BRDA:207,4,1,0
BRDA:28,5,0,0
BRDA:28,5,1,0
BRDA:28,6,0,0
BRDA:28,6,1,0
BRDA:38,7,0,0
BRDA:38,7,1,0
BRDA:38,8,0,0
BRDA:38,8,1,0
BRDA:52,9,0,0
BRDA:52,9,1,0
BRDA:52,10,0,0
BRDA:52,10,1,0
BRDA:61,11,0,0
BRDA:61,11,1,0
BRDA:61,12,0,0
BRDA:61,12,1,0
BRDA:70,13,0,0
BRDA:70,13,1,0
BRDA:70,14,0,0
BRDA:70,14,1,0
BRDA:79,15,0,0
BRDA:79,15,1,0
BRDA:79,16,0,0
BRDA:79,16,1,0
BRDA:23,17,0,0
BRDA:23,17,1,0
BRDA:23,18,0,0
BRDA:23,18,1,0
BRF:38
BRH:0
end_of_record
TN:
SF:src\customer\paypal.service.ts
FN:10,(anonymous_1)
FN:39,(anonymous_2)
FN:78,(anonymous_3)
FN:93,(anonymous_4)
FNF:4
FNH:0
FNDA:0,(anonymous_1)
FNDA:0,(anonymous_2)
FNDA:0,(anonymous_3)
FNDA:0,(anonymous_4)
DA:1,0
DA:4,0
DA:5,0
DA:6,0
DA:7,0
DA:8,0
DA:11,0
DA:12,0
DA:13,0
DA:22,0
DA:23,0
DA:24,0
DA:25,0
DA:28,0
DA:29,0
DA:31,0
DA:32,0
DA:40,0
DA:41,0
DA:42,0
DA:44,0
DA:45,0
DA:71,0
DA:72,0
DA:73,0
DA:74,0
DA:77,0
DA:78,0
DA:80,0
DA:85,0
DA:86,0
DA:94,0
DA:95,0
DA:96,0
DA:104,0
DA:105,0
DA:106,0
DA:107,0
DA:110,0
DA:111,0
DA:116,0
DA:117,0
LF:42
LH:0
BRDA:8,0,0,0
BRDA:8,0,1,0
BRDA:22,1,0,0
BRDA:22,1,1,0
BRDA:64,2,0,0
BRDA:64,2,1,0
BRDA:65,3,0,0
BRDA:65,3,1,0
BRDA:71,4,0,0
BRDA:71,4,1,0
BRDA:104,5,0,0
BRDA:104,5,1,0
BRF:12
BRH:0
end_of_record
TN:
SF:src\customer\dto\customer.dto.ts
FNF:0
FNH:0
DA:1,0
DA:7,0
DA:11,0
DA:15,0
DA:19,0
DA:23,0
DA:30,0
DA:34,0
DA:42,0
DA:48,0
DA:61,0
DA:74,0
DA:78,0
DA:86,0
DA:90,0
LF:15
LH:0
BRF:0
BRH:0
end_of_record
TN:
SF:src\product\product.controller.ts
FN:6,(anonymous_4)
FN:9,(anonymous_5)
FN:26,(anonymous_6)
FNF:3
FNH:0
FNDA:0,(anonymous_4)
FNDA:0,(anonymous_5)
FNDA:0,(anonymous_6)
DA:1,0
DA:2,0
DA:5,0
DA:6,0
DA:9,0
DA:22,0
DA:26,0
DA:27,0
LF:8
LH:0
BRDA:6,0,0,0
BRDA:6,0,1,0
BRDA:6,1,0,0
BRDA:6,1,1,0
BRF:4
BRH:0
end_of_record
TN:
SF:src\product\product.module.ts
FNF:0
FNH:0
DA:1,0
DA:2,0
DA:3,0
DA:4,0
DA:11,0
LF:5
LH:0
BRF:0
BRH:0
end_of_record
TN:
SF:src\product\product.service.ts
FN:6,(anonymous_2)
FN:8,(anonymous_3)
FN:21,(anonymous_4)
FNF:3
FNH:0
FNDA:0,(anonymous_2)
FNDA:0,(anonymous_3)
FNDA:0,(anonymous_4)
DA:1,0
DA:2,0
DA:5,0
DA:6,0
DA:9,0
DA:11,0
DA:12,0
DA:15,0
DA:31,0
DA:42,0
DA:44,0
LF:11
LH:0
BRDA:11,0,0,0
BRDA:11,0,1,0
BRDA:33,1,0,0
BRDA:33,1,1,0
BRDA:34,2,0,0
BRDA:34,2,1,0
BRDA:35,3,0,0
BRDA:35,3,1,0
BRDA:36,4,0,0
BRDA:36,4,1,0
BRDA:38,5,0,0
BRDA:38,5,1,0
BRDA:39,6,0,0
BRDA:39,6,1,0
BRDA:6,7,0,0
BRDA:6,7,1,0
BRDA:6,8,0,0
BRDA:6,8,1,0
BRF:18
BRH:0
end_of_record
